[ 2018-04-19T10:19:56+08:00 ] ::1 /tp_GeneralEducation/
INFO: [ app_init ] --START--
INFO: Run Behavior\BuildLiteBehavior [ RunTime:0.000027s ]
INFO: [ app_init ] --END-- [ RunTime:0.000162s ]
INFO: [ app_begin ] --START--
INFO: Run Behavior\ReadHtmlCacheBehavior [ RunTime:0.001806s ]
INFO: [ app_begin ] --END-- [ RunTime:0.001969s ]
INFO: [ view_parse ] --START--
INFO: [ template_filter ] --START--
INFO: Run Behavior\ContentReplaceBehavior [ RunTime:0.000091s ]
INFO: [ template_filter ] --END-- [ RunTime:0.000252s ]
NOTIC: [8] A session had already been started - ignoring session_start() F:\xampp\htdocs\tp_GeneralEducation\Application\Runtime\Cache\Home\2a94b8bda04ff446dcedd42276fc99ee.php 第 1 行.
NOTIC: [2] include(conn.php): failed to open stream: No such file or directory F:\xampp\htdocs\tp_GeneralEducation\Application\Runtime\Cache\Home\2a94b8bda04ff446dcedd42276fc99ee.php 第 1 行.
NOTIC: [2] include(): Failed opening 'conn.php' for inclusion (include_path='F:\xampp\php\PEAR') F:\xampp\htdocs\tp_GeneralEducation\Application\Runtime\Cache\Home\2a94b8bda04ff446dcedd42276fc99ee.php 第 1 行.
INFO: Run Behavior\ParseTemplateBehavior [ RunTime:0.140973s ]
INFO: [ view_parse ] --END-- [ RunTime:0.141207s ]
INFO: [ view_filter ] --START--
INFO: Run Behavior\WriteHtmlCacheBehavior [ RunTime:0.001304s ]
INFO: [ view_filter ] --END-- [ RunTime:0.001445s ]
INFO: [ app_end ] --START--
INFO: Run Behavior\ShowPageTraceBehavior [ RunTime:0.001543s ]
INFO: [ app_end ] --END-- [ RunTime:0.001684s ]
NOTIC: [8] A session had already been started - ignoring session_start() F:\xampp\htdocs\tp_GeneralEducation\index.php 第 28 行.

[ 2018-04-19T10:27:36+08:00 ] ::1 /tp_GeneralEducation/index.php/Home/Index/login/?PHPSESSID=i2dqncgk9ehrgb6uj6evr47k1t
INFO: [ app_init ] --START--
INFO: Run Behavior\BuildLiteBehavior [ RunTime:0.000057s ]
INFO: [ app_init ] --END-- [ RunTime:0.000303s ]
INFO: [ app_begin ] --START--
INFO: Run Behavior\ReadHtmlCacheBehavior [ RunTime:0.001497s ]
INFO: [ app_begin ] --END-- [ RunTime:0.001619s ]
INFO: [ view_parse ] --START--
INFO: [ template_filter ] --START--
INFO: Run Behavior\ContentReplaceBehavior [ RunTime:0.000052s ]
INFO: [ template_filter ] --END-- [ RunTime:0.000147s ]
INFO: Run Behavior\ParseTemplateBehavior [ RunTime:0.013370s ]
INFO: [ view_parse ] --END-- [ RunTime:0.013480s ]
INFO: [ view_filter ] --START--
INFO: Run Behavior\WriteHtmlCacheBehavior [ RunTime:0.001511s ]
INFO: [ view_filter ] --END-- [ RunTime:0.001625s ]
INFO: [ app_end ] --START--
INFO: Run Behavior\ShowPageTraceBehavior [ RunTime:0.001856s ]
INFO: [ app_end ] --END-- [ RunTime:0.002049s ]
NOTIC: [8] A session had already been started - ignoring session_start() F:\xampp\htdocs\tp_GeneralEducation\index.php 第 28 行.

[ 2018-04-19T10:27:36+08:00 ] ::1 /tp_GeneralEducation/index.php/Home/Index/login/common/jquery.js
INFO: [ app_init ] --START--
INFO: Run Behavior\BuildLiteBehavior [ RunTime:0.000022s ]
INFO: [ app_init ] --END-- [ RunTime:0.000110s ]
INFO: [ app_begin ] --START--
INFO: Run Behavior\ReadHtmlCacheBehavior [ RunTime:0.000981s ]
INFO: [ app_begin ] --END-- [ RunTime:0.001073s ]
INFO: [ view_parse ] --START--
INFO: [ template_filter ] --START--
INFO: Run Behavior\ContentReplaceBehavior [ RunTime:0.000051s ]
INFO: [ template_filter ] --END-- [ RunTime:0.000141s ]
INFO: Run Behavior\ParseTemplateBehavior [ RunTime:0.011548s ]
INFO: [ view_parse ] --END-- [ RunTime:0.011693s ]
INFO: [ view_filter ] --START--
INFO: Run Behavior\WriteHtmlCacheBehavior [ RunTime:0.000744s ]
INFO: [ view_filter ] --END-- [ RunTime:0.000852s ]
INFO: [ app_end ] --START--
INFO: Run Behavior\ShowPageTraceBehavior [ RunTime:0.001061s ]
INFO: [ app_end ] --END-- [ RunTime:0.001148s ]
NOTIC: [8] A session had already been started - ignoring session_start() F:\xampp\htdocs\tp_GeneralEducation\index.php 第 28 行.

[ 2018-04-19T10:27:41+08:00 ] ::1 /tp_GeneralEducation/index.php/Home/Index/login_post/
INFO: [ app_init ] --START--
INFO: Run Behavior\BuildLiteBehavior [ RunTime:0.000021s ]
INFO: [ app_init ] --END-- [ RunTime:0.000109s ]
INFO: [ app_begin ] --START--
INFO: Run Behavior\ReadHtmlCacheBehavior [ RunTime:0.000947s ]
INFO: [ app_begin ] --END-- [ RunTime:0.001039s ]
SQL: SHOW COLUMNS FROM `ge_student` [ RunTime:0.1967s ]
SQL: SELECT * FROM `ge_student` WHERE ( number='admin' and password='hqu' )  [ RunTime:0.0004s ]
SQL: SHOW COLUMNS FROM `ge_teacher` [ RunTime:0.0186s ]
SQL: SELECT * FROM `ge_teacher` WHERE ( number='admin' and password='hqu' )  [ RunTime:0.0006s ]
SQL: SHOW COLUMNS FROM `ge_admin` [ RunTime:0.0441s ]
SQL: SELECT * FROM `ge_admin` WHERE ( name='admin' and password='hqu' )  [ RunTime:0.0005s ]

[ 2018-04-19T10:27:41+08:00 ] ::1 /tp_GeneralEducation/index.php/Home/Admin/index.html
INFO: [ app_init ] --START--
INFO: Run Behavior\BuildLiteBehavior [ RunTime:0.000021s ]
INFO: [ app_init ] --END-- [ RunTime:0.000107s ]
INFO: [ app_begin ] --START--
INFO: Run Behavior\ReadHtmlCacheBehavior [ RunTime:0.000814s ]
INFO: [ app_begin ] --END-- [ RunTime:0.000898s ]
SQL: SHOW COLUMNS FROM `ge_teacher` [ RunTime:0.0747s ]
SQL: SELECT COUNT(*) AS tp_count FROM `ge_teacher` WHERE ( pk_teacher>0 ) LIMIT 1   [ RunTime:0.0004s ]
SQL: SELECT `pk_teacher`,`number`,`name`,`password`,`sex`,`email`,`phone`,`dr`,`ts` FROM `ge_teacher` WHERE ( pk_teacher>0 ) ORDER BY pk_teacher LIMIT 0,10   [ RunTime:0.0004s ]
INFO: [ view_parse ] --START--
INFO: [ template_filter ] --START--
INFO: Run Behavior\ContentReplaceBehavior [ RunTime:0.000073s ]
INFO: [ template_filter ] --END-- [ RunTime:0.000162s ]
INFO: Run Behavior\ParseTemplateBehavior [ RunTime:0.009174s ]
INFO: [ view_parse ] --END-- [ RunTime:0.009261s ]
INFO: [ view_filter ] --START--
INFO: Run Behavior\WriteHtmlCacheBehavior [ RunTime:0.000752s ]
INFO: [ view_filter ] --END-- [ RunTime:0.000831s ]
INFO: [ app_end ] --START--
INFO: Run Behavior\ShowPageTraceBehavior [ RunTime:0.000991s ]
INFO: [ app_end ] --END-- [ RunTime:0.001069s ]
NOTIC: [8] A session had already been started - ignoring session_start() F:\xampp\htdocs\tp_GeneralEducation\index.php 第 28 行.

[ 2018-04-19T10:27:52+08:00 ] ::1 /tp_GeneralEducation/index.php/Home/Admin/add_tea.html
INFO: [ app_init ] --START--
INFO: Run Behavior\BuildLiteBehavior [ RunTime:0.000034s ]
INFO: [ app_init ] --END-- [ RunTime:0.000162s ]
INFO: [ app_begin ] --START--
INFO: Run Behavior\ReadHtmlCacheBehavior [ RunTime:0.000899s ]
INFO: [ app_begin ] --END-- [ RunTime:0.000985s ]
NOTIC: [2] call_user_func() expects parameter 1 to be a valid callback, no array or string given F:\xampp\htdocs\tp_GeneralEducation\ThinkPHP\Library\Think\Upload.class.php 第 170 行.
SQL: SHOW COLUMNS FROM `ge_teacher` [ RunTime:0.0040s ]
SQL: INSERT INTO `ge_teacher` (`number`,`name`,`password`) VALUES ('251066','陈柏生','251066') [ RunTime:0.0850s ]
SQL: INSERT INTO `ge_teacher` (`number`,`name`,`password`) VALUES ('251021','范慧琳','251021') [ RunTime:0.0616s ]
SQL: INSERT INTO `ge_teacher` (`number`,`name`,`password`) VALUES ('251037','雷庆','251037') [ RunTime:0.0440s ]
SQL: INSERT INTO `ge_teacher` (`number`,`name`,`password`) VALUES ('251006','叶剑虹','251006') [ RunTime:0.0430s ]
SQL: INSERT INTO `ge_teacher` (`number`,`name`,`password`) VALUES ('251027','叶双','251027') [ RunTime:0.0772s ]
SQL: INSERT INTO `ge_teacher` (`number`,`name`,`password`) VALUES ('251034','余坚','251034') [ RunTime:0.1112s ]
INFO: [ view_parse ] --START--
INFO: [ template_filter ] --START--
INFO: Run Behavior\ContentReplaceBehavior [ RunTime:0.000077s ]
INFO: [ template_filter ] --END-- [ RunTime:0.000228s ]
INFO: Run Behavior\ParseTemplateBehavior [ RunTime:0.013845s ]
INFO: [ view_parse ] --END-- [ RunTime:0.013964s ]
INFO: [ view_filter ] --START--
INFO: Run Behavior\WriteHtmlCacheBehavior [ RunTime:0.001176s ]
INFO: [ view_filter ] --END-- [ RunTime:0.001254s ]
INFO: [ app_end ] --START--
INFO: Run Behavior\ShowPageTraceBehavior [ RunTime:0.001111s ]
INFO: [ app_end ] --END-- [ RunTime:0.001189s ]
NOTIC: [8] A session had already been started - ignoring session_start() F:\xampp\htdocs\tp_GeneralEducation\index.php 第 28 行.

[ 2018-04-19T10:27:53+08:00 ] ::1 /tp_GeneralEducation/index.php/Home/Admin/index.html
INFO: [ app_init ] --START--
INFO: Run Behavior\BuildLiteBehavior [ RunTime:0.000026s ]
INFO: [ app_init ] --END-- [ RunTime:0.000156s ]
INFO: [ app_begin ] --START--
INFO: Run Behavior\ReadHtmlCacheBehavior [ RunTime:0.001397s ]
INFO: [ app_begin ] --END-- [ RunTime:0.001540s ]
SQL: SHOW COLUMNS FROM `ge_teacher` [ RunTime:0.0723s ]
SQL: SELECT COUNT(*) AS tp_count FROM `ge_teacher` WHERE ( pk_teacher>0 ) LIMIT 1   [ RunTime:0.0004s ]
SQL: SELECT `pk_teacher`,`number`,`name`,`password`,`sex`,`email`,`phone`,`dr`,`ts` FROM `ge_teacher` WHERE ( pk_teacher>0 ) ORDER BY pk_teacher LIMIT 0,10   [ RunTime:0.0006s ]
INFO: [ view_parse ] --START--
INFO: [ template_filter ] --START--
INFO: Run Behavior\ContentReplaceBehavior [ RunTime:0.000108s ]
INFO: [ template_filter ] --END-- [ RunTime:0.000260s ]
INFO: Run Behavior\ParseTemplateBehavior [ RunTime:0.012112s ]
INFO: [ view_parse ] --END-- [ RunTime:0.012240s ]
INFO: [ view_filter ] --START--
INFO: Run Behavior\WriteHtmlCacheBehavior [ RunTime:0.000796s ]
INFO: [ view_filter ] --END-- [ RunTime:0.000884s ]
INFO: [ app_end ] --START--
INFO: Run Behavior\ShowPageTraceBehavior [ RunTime:0.000964s ]
INFO: [ app_end ] --END-- [ RunTime:0.001053s ]
NOTIC: [8] A session had already been started - ignoring session_start() F:\xampp\htdocs\tp_GeneralEducation\index.php 第 28 行.

[ 2018-04-19T10:27:57+08:00 ] ::1 /tp_GeneralEducation/index.php/Home/Admin/admin_user_stu/
INFO: [ app_init ] --START--
INFO: Run Behavior\BuildLiteBehavior [ RunTime:0.000022s ]
INFO: [ app_init ] --END-- [ RunTime:0.000110s ]
INFO: [ app_begin ] --START--
INFO: Run Behavior\ReadHtmlCacheBehavior [ RunTime:0.000967s ]
INFO: [ app_begin ] --END-- [ RunTime:0.001068s ]
SQL: SHOW COLUMNS FROM `ge_student` [ RunTime:0.0039s ]
SQL: SELECT COUNT(*) AS tp_count FROM `ge_student` WHERE ( pk_student>0 ) LIMIT 1   [ RunTime:0.0324s ]
SQL: SELECT `pk_student`,`number`,`name`,`password`,`sex`,`college`,`class`,`email`,`phone`,`dr`,`ts` FROM `ge_student` WHERE ( pk_student>0 ) ORDER BY pk_student LIMIT 0,10   [ RunTime:0.0004s ]
INFO: [ view_parse ] --START--
INFO: [ template_filter ] --START--
INFO: Run Behavior\ContentReplaceBehavior [ RunTime:0.000072s ]
INFO: [ template_filter ] --END-- [ RunTime:0.000160s ]
INFO: Run Behavior\ParseTemplateBehavior [ RunTime:0.008499s ]
INFO: [ view_parse ] --END-- [ RunTime:0.008593s ]
INFO: [ view_filter ] --START--
INFO: Run Behavior\WriteHtmlCacheBehavior [ RunTime:0.000795s ]
INFO: [ view_filter ] --END-- [ RunTime:0.000887s ]
INFO: [ app_end ] --START--
INFO: Run Behavior\ShowPageTraceBehavior [ RunTime:0.001433s ]
INFO: [ app_end ] --END-- [ RunTime:0.001532s ]
NOTIC: [8] A session had already been started - ignoring session_start() F:\xampp\htdocs\tp_GeneralEducation\index.php 第 28 行.

[ 2018-04-19T10:28:08+08:00 ] ::1 /tp_GeneralEducation/index.php/Home/Admin/add_stu.html
INFO: [ app_init ] --START--
INFO: Run Behavior\BuildLiteBehavior [ RunTime:0.000030s ]
INFO: [ app_init ] --END-- [ RunTime:0.000183s ]
INFO: [ app_begin ] --START--
INFO: Run Behavior\ReadHtmlCacheBehavior [ RunTime:0.000950s ]
INFO: [ app_begin ] --END-- [ RunTime:0.001045s ]
NOTIC: [2] call_user_func() expects parameter 1 to be a valid callback, no array or string given F:\xampp\htdocs\tp_GeneralEducation\ThinkPHP\Library\Think\Upload.class.php 第 170 行.
SQL: SHOW COLUMNS FROM `ge_student` [ RunTime:0.0039s ]
SQL: INSERT INTO `ge_student` (`number`,`name`,`college`,`class`,`password`) VALUES ('1611112017','雷雨','机电学院','机械工程1班','888888') [ RunTime:0.4099s ]
SQL: INSERT INTO `ge_student` (`number`,`name`,`college`,`class`,`password`) VALUES ('1611112019','李国嵩','机电学院','机械工程1班','888888') [ RunTime:0.0718s ]
SQL: INSERT INTO `ge_student` (`number`,`name`,`college`,`class`,`password`) VALUES ('1611112046','岳源','机电学院','机械工程1班','888888') [ RunTime:0.1658s ]
SQL: INSERT INTO `ge_student` (`number`,`name`,`college`,`class`,`password`) VALUES ('1611122031','柳剑鑫','机电学院','机械工程1班','888888') [ RunTime:0.0770s ]
SQL: INSERT INTO `ge_student` (`number`,`name`,`college`,`class`,`password`) VALUES ('1611141009','黄晓柳','机电学院','机械工程1班','888888') [ RunTime:0.0435s ]
SQL: INSERT INTO `ge_student` (`number`,`name`,`college`,`class`,`password`) VALUES ('1611212003','陈胜达','机电学院','机械工程1班','888888') [ RunTime:0.1214s ]
SQL: INSERT INTO `ge_student` (`number`,`name`,`college`,`class`,`password`) VALUES ('1611212005','陈云鹏','机电学院','机械工程1班','888888') [ RunTime:0.0543s ]
SQL: INSERT INTO `ge_student` (`number`,`name`,`college`,`class`,`password`) VALUES ('1611212027','潘河亮','机电学院','机械工程1班','888888') [ RunTime:0.0777s ]
SQL: INSERT INTO `ge_student` (`number`,`name`,`college`,`class`,`password`) VALUES ('1611212036','王志刚','机电学院','机械工程1班','888888') [ RunTime:0.0780s ]
SQL: INSERT INTO `ge_student` (`number`,`name`,`college`,`class`,`password`) VALUES ('1711111001','陈剑桥','机电学院','机械工程1班','888888') [ RunTime:0.0762s ]
SQL: INSERT INTO `ge_student` (`number`,`name`,`college`,`class`,`password`) VALUES ('1711111002','陈俊杰','机电学院','机械工程1班','888888') [ RunTime:0.1069s ]
SQL: INSERT INTO `ge_student` (`number`,`name`,`college`,`class`,`password`) VALUES ('1711111003','陈良梁','机电学院','机械工程1班','888888') [ RunTime:0.0963s ]
SQL: INSERT INTO `ge_student` (`number`,`name`,`college`,`class`,`password`) VALUES ('1711111004','陈素','机电学院','机械工程1班','888888') [ RunTime:0.0756s ]
SQL: INSERT INTO `ge_student` (`number`,`name`,`college`,`class`,`password`) VALUES ('1711111005','陈先锋','机电学院','机械工程1班','888888') [ RunTime:0.0742s ]
SQL: INSERT INTO `ge_student` (`number`,`name`,`college`,`class`,`password`) VALUES ('1711111006','陈祖钦','机电学院','机械工程1班','888888') [ RunTime:0.0607s ]
SQL: INSERT INTO `ge_student` (`number`,`name`,`college`,`class`,`password`) VALUES ('1711111007','丁鸿彬','机电学院','机械工程1班','888888') [ RunTime:0.0493s ]
SQL: INSERT INTO `ge_student` (`number`,`name`,`college`,`class`,`password`) VALUES ('1711111008','范宝钢','机电学院','机械工程1班','888888') [ RunTime:0.1548s ]
SQL: INSERT INTO `ge_student` (`number`,`name`,`college`,`class`,`password`) VALUES ('1711111009','郜团荣','机电学院','机械工程1班','888888') [ RunTime:0.0307s ]
SQL: INSERT INTO `ge_student` (`number`,`name`,`college`,`class`,`password`) VALUES ('1711111010','韩瑞','机电学院','机械工程1班','888888') [ RunTime:0.0344s ]
SQL: INSERT INTO `ge_student` (`number`,`name`,`college`,`class`,`password`) VALUES ('1711111011','胡永刚','机电学院','机械工程1班','888888') [ RunTime:0.0311s ]
SQL: INSERT INTO `ge_student` (`number`,`name`,`college`,`class`,`password`) VALUES ('1711111012','花翔宇','机电学院','机械工程1班','888888') [ RunTime:0.0344s ]
SQL: INSERT INTO `ge_student` (`number`,`name`,`college`,`class`,`password`) VALUES ('1711111013','黄旭','机电学院','机械工程1班','888888') [ RunTime:0.0312s ]
SQL: INSERT INTO `ge_student` (`number`,`name`,`college`,`class`,`password`) VALUES ('1711111014','贾唯鸿','机电学院','机械工程1班','888888') [ RunTime:0.0344s ]
SQL: INSERT INTO `ge_student` (`number`,`name`,`college`,`class`,`password`) VALUES ('1711111015','金政达','机电学院','机械工程1班','888888') [ RunTime:0.1460s ]
SQL: INSERT INTO `ge_student` (`number`,`name`,`college`,`class`,`password`) VALUES ('1711111016','蓝绍万','机电学院','机械工程1班','888888') [ RunTime:0.0979s ]
SQL: INSERT INTO `ge_student` (`number`,`name`,`college`,`class`,`password`) VALUES ('1711111017','冷文豪','机电学院','机械工程1班','888888') [ RunTime:0.0541s ]
SQL: INSERT INTO `ge_student` (`number`,`name`,`college`,`class`,`password`) VALUES ('1711111018','李春晖','机电学院','机械工程1班','888888') [ RunTime:0.0551s ]
SQL: INSERT INTO `ge_student` (`number`,`name`,`college`,`class`,`password`) VALUES ('1711111019','李前书','机电学院','机械工程1班','888888') [ RunTime:0.0587s ]
SQL: INSERT INTO `ge_student` (`number`,`name`,`college`,`class`,`password`) VALUES ('1711111020','李上挺','机电学院','机械工程1班','888888') [ RunTime:0.0618s ]
SQL: INSERT INTO `ge_student` (`number`,`name`,`college`,`class`,`password`) VALUES ('1711111021','李双震','机电学院','机械工程1班','888888') [ RunTime:0.0531s ]
SQL: INSERT INTO `ge_student` (`number`,`name`,`college`,`class`,`password`) VALUES ('1711111022','李芝平','机电学院','机械工程1班','888888') [ RunTime:0.0679s ]
SQL: INSERT INTO `ge_student` (`number`,`name`,`college`,`class`,`password`) VALUES ('1711111023','林涛','机电学院','机械工程1班','888888') [ RunTime:0.0305s ]
SQL: INSERT INTO `ge_student` (`number`,`name`,`college`,`class`,`password`) VALUES ('1711111024','陆昕怡','机电学院','机械工程1班','888888') [ RunTime:0.0345s ]
SQL: INSERT INTO `ge_student` (`number`,`name`,`college`,`class`,`password`) VALUES ('1711111025','吕鸿芳','机电学院','机械工程1班','888888') [ RunTime:0.0310s ]
SQL: INSERT INTO `ge_student` (`number`,`name`,`college`,`class`,`password`) VALUES ('1711111026','马志魁','机电学院','机械工程1班','888888') [ RunTime:0.0346s ]
SQL: INSERT INTO `ge_student` (`number`,`name`,`college`,`class`,`password`) VALUES ('1711111027','唐民熙','机电学院','机械工程1班','888888') [ RunTime:0.0435s ]
SQL: INSERT INTO `ge_student` (`number`,`name`,`college`,`class`,`password`) VALUES ('1711111028','童畅','机电学院','机械工程1班','888888') [ RunTime:0.1548s ]
SQL: INSERT INTO `ge_student` (`number`,`name`,`college`,`class`,`password`) VALUES ('1711111029','王合成','机电学院','机械工程1班','888888') [ RunTime:0.0614s ]
SQL: INSERT INTO `ge_student` (`number`,`name`,`college`,`class`,`password`) VALUES ('1711111030','王克','机电学院','机械工程1班','888888') [ RunTime:0.0486s ]
SQL: INSERT INTO `ge_student` (`number`,`name`,`college`,`class`,`password`) VALUES ('1711111031','王婷','机电学院','机械工程1班','888888') [ RunTime:0.0310s ]
SQL: INSERT INTO `ge_student` (`number`,`name`,`college`,`class`,`password`) VALUES ('1711111032','王则茗','机电学院','机械工程1班','888888') [ RunTime:0.0345s ]
SQL: INSERT INTO `ge_student` (`number`,`name`,`college`,`class`,`password`) VALUES ('1711111033','伍泽华','机电学院','机械工程1班','888888') [ RunTime:0.0310s ]
SQL: INSERT INTO `ge_student` (`number`,`name`,`college`,`class`,`password`) VALUES ('1711111034','肖梓涵','机电学院','机械工程1班','888888') [ RunTime:0.0344s ]
SQL: INSERT INTO `ge_student` (`number`,`name`,`college`,`class`,`password`) VALUES ('1711111035','姚陈光','机电学院','机械工程1班','888888') [ RunTime:0.0309s ]
SQL: INSERT INTO `ge_student` (`number`,`name`,`college`,`class`,`password`) VALUES ('1711111036','叶明旭','机电学院','机械工程1班','888888') [ RunTime:0.0344s ]
SQL: INSERT INTO `ge_student` (`number`,`name`,`college`,`class`,`password`) VALUES ('1711111037','叶荣智','机电学院','机械工程1班','888888') [ RunTime:0.0302s ]
SQL: INSERT INTO `ge_student` (`number`,`name`,`college`,`class`,`password`) VALUES ('1711111038','雍凯','机电学院','机械工程1班','888888') [ RunTime:0.0342s ]
SQL: INSERT INTO `ge_student` (`number`,`name`,`college`,`class`,`password`) VALUES ('1711111039','张艺瀛','机电学院','机械工程1班','888888') [ RunTime:0.0417s ]
SQL: INSERT INTO `ge_student` (`number`,`name`,`college`,`class`,`password`) VALUES ('1711111040','章俊辉','机电学院','机械工程1班','888888') [ RunTime:0.0345s ]
SQL: INSERT INTO `ge_student` (`number`,`name`,`college`,`class`,`password`) VALUES ('1711111041','赵晨宇','机电学院','机械工程1班','888888') [ RunTime:0.0306s ]
SQL: INSERT INTO `ge_student` (`number`,`name`,`college`,`class`,`password`) VALUES ('1711111042','赵珂道','机电学院','机械工程1班','888888') [ RunTime:0.0346s ]
SQL: INSERT INTO `ge_student` (`number`,`name`,`college`,`class`,`password`) VALUES ('1711111043','郑伟杰','机电学院','机械工程1班','888888') [ RunTime:0.0310s ]
SQL: INSERT INTO `ge_student` (`number`,`name`,`college`,`class`,`password`) VALUES ('1711111044','郑又诚','机电学院','机械工程1班','888888') [ RunTime:0.0345s ]
SQL: INSERT INTO `ge_student` (`number`,`name`,`college`,`class`,`password`) VALUES ('1711111045','*黄俊贤','机电学院','机械工程1班','888888') [ RunTime:0.0611s ]
SQL: INSERT INTO `ge_student` (`number`,`name`,`college`,`class`,`password`) VALUES ('1711111046','*林诗崴','机电学院','机械工程1班','888888') [ RunTime:0.0600s ]
SQL: INSERT INTO `ge_student` (`number`,`name`,`college`,`class`,`password`) VALUES ('1711111047','*赵乐威','机电学院','机械工程1班','888888') [ RunTime:0.0508s ]
SQL: INSERT INTO `ge_student` (`number`,`name`,`college`,`class`,`password`) VALUES ('1711111048','*李月童','机电学院','机械工程1班','888888') [ RunTime:0.0577s ]
SQL: INSERT INTO `ge_student` (`number`,`name`,`college`,`class`,`password`) VALUES ('1711111049','*林空元','机电学院','机械工程1班','888888') [ RunTime:0.0642s ]
SQL: INSERT INTO `ge_student` (`number`,`name`,`college`,`class`,`password`) VALUES ('1711111052','*于悦','机电学院','机械工程1班','888888') [ RunTime:0.0579s ]
SQL: INSERT INTO `ge_student` (`number`,`name`,`college`,`class`,`password`) VALUES ('1711113048','*方友俊','机电学院','机械工程1班','888888') [ RunTime:0.0528s ]
SQL: INSERT INTO `ge_student` (`number`,`name`,`college`,`class`,`password`) VALUES ('1711113052','*许芸彤','机电学院','机械工程1班','888888') [ RunTime:0.1877s ]
SQL: INSERT INTO `ge_student` (`number`,`name`,`college`,`class`,`password`) VALUES ('1711311028','*冯德豪','机电学院','机械工程1班','888888') [ RunTime:0.0568s ]
INFO: [ view_parse ] --START--
INFO: [ template_filter ] --START--
INFO: Run Behavior\ContentReplaceBehavior [ RunTime:0.000047s ]
INFO: [ template_filter ] --END-- [ RunTime:0.000137s ]
INFO: Run Behavior\ParseTemplateBehavior [ RunTime:0.007456s ]
INFO: [ view_parse ] --END-- [ RunTime:0.007551s ]
INFO: [ view_filter ] --START--
INFO: Run Behavior\WriteHtmlCacheBehavior [ RunTime:0.000968s ]
INFO: [ view_filter ] --END-- [ RunTime:0.001097s ]
INFO: [ app_end ] --START--
INFO: Run Behavior\ShowPageTraceBehavior [ RunTime:0.001236s ]
INFO: [ app_end ] --END-- [ RunTime:0.001349s ]
NOTIC: [8] A session had already been started - ignoring session_start() F:\xampp\htdocs\tp_GeneralEducation\index.php 第 28 行.

[ 2018-04-19T10:28:09+08:00 ] ::1 /tp_GeneralEducation/index.php/Home/Admin/admin_user_stu/
INFO: [ app_init ] --START--
INFO: Run Behavior\BuildLiteBehavior [ RunTime:0.000020s ]
INFO: [ app_init ] --END-- [ RunTime:0.000106s ]
INFO: [ app_begin ] --START--
INFO: Run Behavior\ReadHtmlCacheBehavior [ RunTime:0.000934s ]
INFO: [ app_begin ] --END-- [ RunTime:0.001017s ]
SQL: SHOW COLUMNS FROM `ge_student` [ RunTime:0.1608s ]
SQL: SELECT COUNT(*) AS tp_count FROM `ge_student` WHERE ( pk_student>0 ) LIMIT 1   [ RunTime:0.0005s ]
SQL: SELECT `pk_student`,`number`,`name`,`password`,`sex`,`college`,`class`,`email`,`phone`,`dr`,`ts` FROM `ge_student` WHERE ( pk_student>0 ) ORDER BY pk_student LIMIT 0,10   [ RunTime:0.0006s ]
INFO: [ view_parse ] --START--
INFO: [ template_filter ] --START--
INFO: Run Behavior\ContentReplaceBehavior [ RunTime:0.000098s ]
INFO: [ template_filter ] --END-- [ RunTime:0.000200s ]
INFO: Run Behavior\ParseTemplateBehavior [ RunTime:0.013298s ]
INFO: [ view_parse ] --END-- [ RunTime:0.013478s ]
INFO: [ view_filter ] --START--
INFO: Run Behavior\WriteHtmlCacheBehavior [ RunTime:0.001406s ]
INFO: [ view_filter ] --END-- [ RunTime:0.001578s ]
INFO: [ app_end ] --START--
INFO: Run Behavior\ShowPageTraceBehavior [ RunTime:0.001840s ]
INFO: [ app_end ] --END-- [ RunTime:0.002033s ]
NOTIC: [8] A session had already been started - ignoring session_start() F:\xampp\htdocs\tp_GeneralEducation\index.php 第 28 行.

[ 2018-04-19T10:29:29+08:00 ] ::1 /tp_GeneralEducation/index.php/Home/Admin/admin_user_stu/p/2.html
INFO: [ app_init ] --START--
INFO: Run Behavior\BuildLiteBehavior [ RunTime:0.000021s ]
INFO: [ app_init ] --END-- [ RunTime:0.000122s ]
INFO: [ app_begin ] --START--
INFO: Run Behavior\ReadHtmlCacheBehavior [ RunTime:0.001828s ]
INFO: [ app_begin ] --END-- [ RunTime:0.002070s ]
SQL: SHOW COLUMNS FROM `ge_student` [ RunTime:0.0146s ]
SQL: SELECT COUNT(*) AS tp_count FROM `ge_student` WHERE ( pk_student>0 ) LIMIT 1   [ RunTime:0.0004s ]
SQL: SELECT `pk_student`,`number`,`name`,`password`,`sex`,`college`,`class`,`email`,`phone`,`dr`,`ts` FROM `ge_student` WHERE ( pk_student>0 ) ORDER BY pk_student LIMIT 10,10   [ RunTime:0.0005s ]
INFO: [ view_parse ] --START--
INFO: [ template_filter ] --START--
INFO: Run Behavior\ContentReplaceBehavior [ RunTime:0.000068s ]
INFO: [ template_filter ] --END-- [ RunTime:0.000153s ]
INFO: Run Behavior\ParseTemplateBehavior [ RunTime:0.010749s ]
INFO: [ view_parse ] --END-- [ RunTime:0.010861s ]
INFO: [ view_filter ] --START--
INFO: Run Behavior\WriteHtmlCacheBehavior [ RunTime:0.000835s ]
INFO: [ view_filter ] --END-- [ RunTime:0.000918s ]
INFO: [ app_end ] --START--
INFO: Run Behavior\ShowPageTraceBehavior [ RunTime:0.001162s ]
INFO: [ app_end ] --END-- [ RunTime:0.001275s ]
NOTIC: [8] A session had already been started - ignoring session_start() F:\xampp\htdocs\tp_GeneralEducation\index.php 第 28 行.

[ 2018-04-19T10:29:30+08:00 ] ::1 /tp_GeneralEducation/index.php/Home/Admin/admin_user_stu/p/3.html
INFO: [ app_init ] --START--
INFO: Run Behavior\BuildLiteBehavior [ RunTime:0.000038s ]
INFO: [ app_init ] --END-- [ RunTime:0.000264s ]
INFO: [ app_begin ] --START--
INFO: Run Behavior\ReadHtmlCacheBehavior [ RunTime:0.000992s ]
INFO: [ app_begin ] --END-- [ RunTime:0.001096s ]
SQL: SHOW COLUMNS FROM `ge_student` [ RunTime:0.0044s ]
SQL: SELECT COUNT(*) AS tp_count FROM `ge_student` WHERE ( pk_student>0 ) LIMIT 1   [ RunTime:0.0004s ]
SQL: SELECT `pk_student`,`number`,`name`,`password`,`sex`,`college`,`class`,`email`,`phone`,`dr`,`ts` FROM `ge_student` WHERE ( pk_student>0 ) ORDER BY pk_student LIMIT 20,10   [ RunTime:0.0005s ]
INFO: [ view_parse ] --START--
INFO: [ template_filter ] --START--
INFO: Run Behavior\ContentReplaceBehavior [ RunTime:0.000078s ]
INFO: [ template_filter ] --END-- [ RunTime:0.000176s ]
INFO: Run Behavior\ParseTemplateBehavior [ RunTime:0.011602s ]
INFO: [ view_parse ] --END-- [ RunTime:0.011711s ]
INFO: [ view_filter ] --START--
INFO: Run Behavior\WriteHtmlCacheBehavior [ RunTime:0.000848s ]
INFO: [ view_filter ] --END-- [ RunTime:0.000950s ]
INFO: [ app_end ] --START--
INFO: Run Behavior\ShowPageTraceBehavior [ RunTime:0.001466s ]
INFO: [ app_end ] --END-- [ RunTime:0.001598s ]
NOTIC: [8] A session had already been started - ignoring session_start() F:\xampp\htdocs\tp_GeneralEducation\index.php 第 28 行.

[ 2018-04-19T10:29:37+08:00 ] ::1 /tp_GeneralEducation/index.php/Home/Admin/user_delete_stu/id/21.html
INFO: [ app_init ] --START--
INFO: Run Behavior\BuildLiteBehavior [ RunTime:0.000020s ]
INFO: [ app_init ] --END-- [ RunTime:0.000103s ]
INFO: [ app_begin ] --START--
INFO: Run Behavior\ReadHtmlCacheBehavior [ RunTime:0.001698s ]
INFO: [ app_begin ] --END-- [ RunTime:0.001848s ]
SQL: SHOW COLUMNS FROM `ge_student` [ RunTime:0.0054s ]
SQL: DELETE FROM `ge_student` WHERE `pk_student` = 21 [ RunTime:0.0689s ]
INFO: [ view_parse ] --START--
INFO: [ template_filter ] --START--
INFO: Run Behavior\ContentReplaceBehavior [ RunTime:0.000073s ]
INFO: [ template_filter ] --END-- [ RunTime:0.000223s ]
INFO: Run Behavior\ParseTemplateBehavior [ RunTime:0.007750s ]
INFO: [ view_parse ] --END-- [ RunTime:0.007882s ]
INFO: [ view_filter ] --START--
INFO: Run Behavior\WriteHtmlCacheBehavior [ RunTime:0.001142s ]
INFO: [ view_filter ] --END-- [ RunTime:0.001287s ]
INFO: [ app_end ] --START--
INFO: Run Behavior\ShowPageTraceBehavior [ RunTime:0.001027s ]
INFO: [ app_end ] --END-- [ RunTime:0.001138s ]
NOTIC: [8] A session had already been started - ignoring session_start() F:\xampp\htdocs\tp_GeneralEducation\index.php 第 28 行.

[ 2018-04-19T10:29:38+08:00 ] ::1 /tp_GeneralEducation/index.php/Home/Admin/admin_user_stu.html
INFO: [ app_init ] --START--
INFO: Run Behavior\BuildLiteBehavior [ RunTime:0.000042s ]
INFO: [ app_init ] --END-- [ RunTime:0.000183s ]
INFO: [ app_begin ] --START--
INFO: Run Behavior\ReadHtmlCacheBehavior [ RunTime:0.000967s ]
INFO: [ app_begin ] --END-- [ RunTime:0.001052s ]
SQL: SHOW COLUMNS FROM `ge_student` [ RunTime:0.0768s ]
SQL: SELECT COUNT(*) AS tp_count FROM `ge_student` WHERE ( pk_student>0 ) LIMIT 1   [ RunTime:0.0006s ]
SQL: SELECT `pk_student`,`number`,`name`,`password`,`sex`,`college`,`class`,`email`,`phone`,`dr`,`ts` FROM `ge_student` WHERE ( pk_student>0 ) ORDER BY pk_student LIMIT 0,10   [ RunTime:0.0007s ]
INFO: [ view_parse ] --START--
INFO: [ template_filter ] --START--
INFO: Run Behavior\ContentReplaceBehavior [ RunTime:0.000117s ]
INFO: [ template_filter ] --END-- [ RunTime:0.000282s ]
INFO: Run Behavior\ParseTemplateBehavior [ RunTime:0.015332s ]
INFO: [ view_parse ] --END-- [ RunTime:0.015500s ]
INFO: [ view_filter ] --START--
INFO: Run Behavior\WriteHtmlCacheBehavior [ RunTime:0.001240s ]
INFO: [ view_filter ] --END-- [ RunTime:0.001379s ]
INFO: [ app_end ] --START--
INFO: Run Behavior\ShowPageTraceBehavior [ RunTime:0.001454s ]
INFO: [ app_end ] --END-- [ RunTime:0.001618s ]
NOTIC: [8] A session had already been started - ignoring session_start() F:\xampp\htdocs\tp_GeneralEducation\index.php 第 28 行.

[ 2018-04-19T10:29:42+08:00 ] ::1 /tp_GeneralEducation/index.php/Home/Admin/index/
INFO: [ app_init ] --START--
INFO: Run Behavior\BuildLiteBehavior [ RunTime:0.000032s ]
INFO: [ app_init ] --END-- [ RunTime:0.000167s ]
INFO: [ app_begin ] --START--
INFO: Run Behavior\ReadHtmlCacheBehavior [ RunTime:0.000944s ]
INFO: [ app_begin ] --END-- [ RunTime:0.001028s ]
SQL: SHOW COLUMNS FROM `ge_teacher` [ RunTime:0.0276s ]
SQL: SELECT COUNT(*) AS tp_count FROM `ge_teacher` WHERE ( pk_teacher>0 ) LIMIT 1   [ RunTime:0.0003s ]
SQL: SELECT `pk_teacher`,`number`,`name`,`password`,`sex`,`email`,`phone`,`dr`,`ts` FROM `ge_teacher` WHERE ( pk_teacher>0 ) ORDER BY pk_teacher LIMIT 0,10   [ RunTime:0.0004s ]
INFO: [ view_parse ] --START--
INFO: [ template_filter ] --START--
INFO: Run Behavior\ContentReplaceBehavior [ RunTime:0.000072s ]
INFO: [ template_filter ] --END-- [ RunTime:0.000162s ]
INFO: Run Behavior\ParseTemplateBehavior [ RunTime:0.010060s ]
INFO: [ view_parse ] --END-- [ RunTime:0.010146s ]
INFO: [ view_filter ] --START--
INFO: Run Behavior\WriteHtmlCacheBehavior [ RunTime:0.000777s ]
INFO: [ view_filter ] --END-- [ RunTime:0.000855s ]
INFO: [ app_end ] --START--
INFO: Run Behavior\ShowPageTraceBehavior [ RunTime:0.000962s ]
INFO: [ app_end ] --END-- [ RunTime:0.001039s ]
NOTIC: [8] A session had already been started - ignoring session_start() F:\xampp\htdocs\tp_GeneralEducation\index.php 第 28 行.

[ 2018-04-19T10:29:48+08:00 ] ::1 /tp_GeneralEducation/index.php/Home/Index/loginout/
INFO: [ app_init ] --START--
INFO: Run Behavior\BuildLiteBehavior [ RunTime:0.000020s ]
INFO: [ app_init ] --END-- [ RunTime:0.000123s ]
INFO: [ app_begin ] --START--
INFO: Run Behavior\ReadHtmlCacheBehavior [ RunTime:0.000923s ]
INFO: [ app_begin ] --END-- [ RunTime:0.001005s ]
INFO: [ view_parse ] --START--
INFO: [ template_filter ] --START--
INFO: Run Behavior\ContentReplaceBehavior [ RunTime:0.000044s ]
INFO: [ template_filter ] --END-- [ RunTime:0.000127s ]
INFO: Run Behavior\ParseTemplateBehavior [ RunTime:0.006628s ]
INFO: [ view_parse ] --END-- [ RunTime:0.006729s ]
INFO: [ view_filter ] --START--
INFO: Run Behavior\WriteHtmlCacheBehavior [ RunTime:0.000725s ]
INFO: [ view_filter ] --END-- [ RunTime:0.000812s ]
INFO: [ app_end ] --START--
INFO: Run Behavior\ShowPageTraceBehavior [ RunTime:0.000934s ]
INFO: [ app_end ] --END-- [ RunTime:0.001012s ]
NOTIC: [8] A session had already been started - ignoring session_start() F:\xampp\htdocs\tp_GeneralEducation\index.php 第 28 行.

[ 2018-04-19T10:29:49+08:00 ] ::1 /tp_GeneralEducation/index.php/Home/Index/index.html
INFO: [ app_init ] --START--
INFO: Run Behavior\BuildLiteBehavior [ RunTime:0.000018s ]
INFO: [ app_init ] --END-- [ RunTime:0.000102s ]
INFO: [ app_begin ] --START--
INFO: Run Behavior\ReadHtmlCacheBehavior [ RunTime:0.001097s ]
INFO: [ app_begin ] --END-- [ RunTime:0.001225s ]
INFO: [ view_parse ] --START--
INFO: [ template_filter ] --START--
INFO: Run Behavior\ContentReplaceBehavior [ RunTime:0.000051s ]
INFO: [ template_filter ] --END-- [ RunTime:0.000136s ]
NOTIC: [8] A session had already been started - ignoring session_start() F:\xampp\htdocs\tp_GeneralEducation\Application\Runtime\Cache\Home\2a94b8bda04ff446dcedd42276fc99ee.php 第 1 行.
NOTIC: [2] include(conn.php): failed to open stream: No such file or directory F:\xampp\htdocs\tp_GeneralEducation\Application\Runtime\Cache\Home\2a94b8bda04ff446dcedd42276fc99ee.php 第 1 行.
NOTIC: [2] include(): Failed opening 'conn.php' for inclusion (include_path='F:\xampp\php\PEAR') F:\xampp\htdocs\tp_GeneralEducation\Application\Runtime\Cache\Home\2a94b8bda04ff446dcedd42276fc99ee.php 第 1 行.
INFO: Run Behavior\ParseTemplateBehavior [ RunTime:0.007051s ]
INFO: [ view_parse ] --END-- [ RunTime:0.007143s ]
INFO: [ view_filter ] --START--
INFO: Run Behavior\WriteHtmlCacheBehavior [ RunTime:0.000800s ]
INFO: [ view_filter ] --END-- [ RunTime:0.000885s ]
INFO: [ app_end ] --START--
INFO: Run Behavior\ShowPageTraceBehavior [ RunTime:0.000949s ]
INFO: [ app_end ] --END-- [ RunTime:0.001026s ]
NOTIC: [8] A session had already been started - ignoring session_start() F:\xampp\htdocs\tp_GeneralEducation\index.php 第 28 行.

[ 2018-04-19T10:29:51+08:00 ] ::1 /tp_GeneralEducation/index.php/Home/Index/login/
INFO: [ app_init ] --START--
INFO: Run Behavior\BuildLiteBehavior [ RunTime:0.000023s ]
INFO: [ app_init ] --END-- [ RunTime:0.000125s ]
INFO: [ app_begin ] --START--
INFO: Run Behavior\ReadHtmlCacheBehavior [ RunTime:0.000912s ]
INFO: [ app_begin ] --END-- [ RunTime:0.000997s ]
INFO: [ view_parse ] --START--
INFO: [ template_filter ] --START--
INFO: Run Behavior\ContentReplaceBehavior [ RunTime:0.000077s ]
INFO: [ template_filter ] --END-- [ RunTime:0.000222s ]
INFO: Run Behavior\ParseTemplateBehavior [ RunTime:0.014174s ]
INFO: [ view_parse ] --END-- [ RunTime:0.014353s ]
INFO: [ view_filter ] --START--
INFO: Run Behavior\WriteHtmlCacheBehavior [ RunTime:0.001265s ]
INFO: [ view_filter ] --END-- [ RunTime:0.001430s ]
INFO: [ app_end ] --START--
INFO: Run Behavior\ShowPageTraceBehavior [ RunTime:0.004287s ]
INFO: [ app_end ] --END-- [ RunTime:0.004589s ]
NOTIC: [8] A session had already been started - ignoring session_start() F:\xampp\htdocs\tp_GeneralEducation\index.php 第 28 行.

[ 2018-04-19T10:29:52+08:00 ] ::1 /tp_GeneralEducation/index.php/Home/Index/login/common/jquery.js
INFO: [ app_init ] --START--
INFO: Run Behavior\BuildLiteBehavior [ RunTime:0.000023s ]
INFO: [ app_init ] --END-- [ RunTime:0.000122s ]
INFO: [ app_begin ] --START--
INFO: Run Behavior\ReadHtmlCacheBehavior [ RunTime:0.001822s ]
INFO: [ app_begin ] --END-- [ RunTime:0.002303s ]
INFO: [ view_parse ] --START--
INFO: [ template_filter ] --START--
INFO: Run Behavior\ContentReplaceBehavior [ RunTime:0.000059s ]
INFO: [ template_filter ] --END-- [ RunTime:0.000169s ]
INFO: Run Behavior\ParseTemplateBehavior [ RunTime:0.007248s ]
INFO: [ view_parse ] --END-- [ RunTime:0.007379s ]
INFO: [ view_filter ] --START--
INFO: Run Behavior\WriteHtmlCacheBehavior [ RunTime:0.000727s ]
INFO: [ view_filter ] --END-- [ RunTime:0.000819s ]
INFO: [ app_end ] --START--
INFO: Run Behavior\ShowPageTraceBehavior [ RunTime:0.000967s ]
INFO: [ app_end ] --END-- [ RunTime:0.001081s ]
NOTIC: [8] A session had already been started - ignoring session_start() F:\xampp\htdocs\tp_GeneralEducation\index.php 第 28 行.

[ 2018-04-19T10:29:56+08:00 ] ::1 /tp_GeneralEducation/index.php/Home/Index/login_post/
INFO: [ app_init ] --START--
INFO: Run Behavior\BuildLiteBehavior [ RunTime:0.000022s ]
INFO: [ app_init ] --END-- [ RunTime:0.000117s ]
INFO: [ app_begin ] --START--
INFO: Run Behavior\ReadHtmlCacheBehavior [ RunTime:0.001142s ]
INFO: [ app_begin ] --END-- [ RunTime:0.001228s ]
SQL: SHOW COLUMNS FROM `ge_student` [ RunTime:0.0124s ]
SQL: SELECT * FROM `ge_student` WHERE ( number='admin' and password='hqu' )  [ RunTime:0.0004s ]
SQL: SHOW COLUMNS FROM `ge_teacher` [ RunTime:0.0491s ]
SQL: SELECT * FROM `ge_teacher` WHERE ( number='admin' and password='hqu' )  [ RunTime:0.0004s ]
SQL: SHOW COLUMNS FROM `ge_admin` [ RunTime:0.0459s ]
SQL: SELECT * FROM `ge_admin` WHERE ( name='admin' and password='hqu' )  [ RunTime:0.0003s ]

[ 2018-04-19T10:29:56+08:00 ] ::1 /tp_GeneralEducation/index.php/Home/Admin/index.html
INFO: [ app_init ] --START--
INFO: Run Behavior\BuildLiteBehavior [ RunTime:0.000021s ]
INFO: [ app_init ] --END-- [ RunTime:0.000108s ]
INFO: [ app_begin ] --START--
INFO: Run Behavior\ReadHtmlCacheBehavior [ RunTime:0.000976s ]
INFO: [ app_begin ] --END-- [ RunTime:0.001069s ]
SQL: SHOW COLUMNS FROM `ge_teacher` [ RunTime:0.0064s ]
SQL: SELECT COUNT(*) AS tp_count FROM `ge_teacher` WHERE ( pk_teacher>0 ) LIMIT 1   [ RunTime:0.0004s ]
SQL: SELECT `pk_teacher`,`number`,`name`,`password`,`sex`,`email`,`phone`,`dr`,`ts` FROM `ge_teacher` WHERE ( pk_teacher>0 ) ORDER BY pk_teacher LIMIT 0,10   [ RunTime:0.0004s ]
INFO: [ view_parse ] --START--
INFO: [ template_filter ] --START--
INFO: Run Behavior\ContentReplaceBehavior [ RunTime:0.000070s ]
INFO: [ template_filter ] --END-- [ RunTime:0.000164s ]
INFO: Run Behavior\ParseTemplateBehavior [ RunTime:0.010603s ]
INFO: [ view_parse ] --END-- [ RunTime:0.010717s ]
INFO: [ view_filter ] --START--
INFO: Run Behavior\WriteHtmlCacheBehavior [ RunTime:0.001776s ]
INFO: [ view_filter ] --END-- [ RunTime:0.001892s ]
INFO: [ app_end ] --START--
INFO: Run Behavior\ShowPageTraceBehavior [ RunTime:0.001208s ]
INFO: [ app_end ] --END-- [ RunTime:0.001295s ]
NOTIC: [8] A session had already been started - ignoring session_start() F:\xampp\htdocs\tp_GeneralEducation\index.php 第 28 行.

[ 2018-04-19T10:30:01+08:00 ] ::1 /tp_GeneralEducation/index.php/Home/Admin/admin_user_stu/
INFO: [ app_init ] --START--
INFO: Run Behavior\BuildLiteBehavior [ RunTime:0.000020s ]
INFO: [ app_init ] --END-- [ RunTime:0.000105s ]
INFO: [ app_begin ] --START--
INFO: Run Behavior\ReadHtmlCacheBehavior [ RunTime:0.000967s ]
INFO: [ app_begin ] --END-- [ RunTime:0.001048s ]
SQL: SHOW COLUMNS FROM `ge_student` [ RunTime:0.1706s ]
SQL: SELECT COUNT(*) AS tp_count FROM `ge_student` WHERE ( pk_student>0 ) LIMIT 1   [ RunTime:0.0004s ]
SQL: SELECT `pk_student`,`number`,`name`,`password`,`sex`,`college`,`class`,`email`,`phone`,`dr`,`ts` FROM `ge_student` WHERE ( pk_student>0 ) ORDER BY pk_student LIMIT 0,10   [ RunTime:0.0005s ]
INFO: [ view_parse ] --START--
INFO: [ template_filter ] --START--
INFO: Run Behavior\ContentReplaceBehavior [ RunTime:0.000073s ]
INFO: [ template_filter ] --END-- [ RunTime:0.000162s ]
INFO: Run Behavior\ParseTemplateBehavior [ RunTime:0.010395s ]
INFO: [ view_parse ] --END-- [ RunTime:0.010487s ]
INFO: [ view_filter ] --START--
INFO: Run Behavior\WriteHtmlCacheBehavior [ RunTime:0.000754s ]
INFO: [ view_filter ] --END-- [ RunTime:0.000831s ]
INFO: [ app_end ] --START--
INFO: Run Behavior\ShowPageTraceBehavior [ RunTime:0.001163s ]
INFO: [ app_end ] --END-- [ RunTime:0.001296s ]
NOTIC: [8] A session had already been started - ignoring session_start() F:\xampp\htdocs\tp_GeneralEducation\index.php 第 28 行.

[ 2018-04-19T10:30:30+08:00 ] ::1 /tp_GeneralEducation/index.php/Home/Index/loginout/
INFO: [ app_init ] --START--
INFO: Run Behavior\BuildLiteBehavior [ RunTime:0.000020s ]
INFO: [ app_init ] --END-- [ RunTime:0.000106s ]
INFO: [ app_begin ] --START--
INFO: Run Behavior\ReadHtmlCacheBehavior [ RunTime:0.001742s ]
INFO: [ app_begin ] --END-- [ RunTime:0.001946s ]
INFO: [ view_parse ] --START--
INFO: [ template_filter ] --START--
INFO: Run Behavior\ContentReplaceBehavior [ RunTime:0.000046s ]
INFO: [ template_filter ] --END-- [ RunTime:0.000130s ]
INFO: Run Behavior\ParseTemplateBehavior [ RunTime:0.006654s ]
INFO: [ view_parse ] --END-- [ RunTime:0.006748s ]
INFO: [ view_filter ] --START--
INFO: Run Behavior\WriteHtmlCacheBehavior [ RunTime:0.000714s ]
INFO: [ view_filter ] --END-- [ RunTime:0.000800s ]
INFO: [ app_end ] --START--
INFO: Run Behavior\ShowPageTraceBehavior [ RunTime:0.000955s ]
INFO: [ app_end ] --END-- [ RunTime:0.001046s ]
NOTIC: [8] A session had already been started - ignoring session_start() F:\xampp\htdocs\tp_GeneralEducation\index.php 第 28 行.

[ 2018-04-19T10:30:31+08:00 ] ::1 /tp_GeneralEducation/index.php/Home/Index/index.html
INFO: [ app_init ] --START--
INFO: Run Behavior\BuildLiteBehavior [ RunTime:0.000021s ]
INFO: [ app_init ] --END-- [ RunTime:0.000111s ]
INFO: [ app_begin ] --START--
INFO: Run Behavior\ReadHtmlCacheBehavior [ RunTime:0.001168s ]
INFO: [ app_begin ] --END-- [ RunTime:0.001321s ]
INFO: [ view_parse ] --START--
INFO: [ template_filter ] --START--
INFO: Run Behavior\ContentReplaceBehavior [ RunTime:0.000055s ]
INFO: [ template_filter ] --END-- [ RunTime:0.000148s ]
NOTIC: [8] A session had already been started - ignoring session_start() F:\xampp\htdocs\tp_GeneralEducation\Application\Runtime\Cache\Home\2a94b8bda04ff446dcedd42276fc99ee.php 第 1 行.
NOTIC: [2] include(conn.php): failed to open stream: No such file or directory F:\xampp\htdocs\tp_GeneralEducation\Application\Runtime\Cache\Home\2a94b8bda04ff446dcedd42276fc99ee.php 第 1 行.
NOTIC: [2] include(): Failed opening 'conn.php' for inclusion (include_path='F:\xampp\php\PEAR') F:\xampp\htdocs\tp_GeneralEducation\Application\Runtime\Cache\Home\2a94b8bda04ff446dcedd42276fc99ee.php 第 1 行.
INFO: Run Behavior\ParseTemplateBehavior [ RunTime:0.007908s ]
INFO: [ view_parse ] --END-- [ RunTime:0.008092s ]
INFO: [ view_filter ] --START--
INFO: Run Behavior\WriteHtmlCacheBehavior [ RunTime:0.000925s ]
INFO: [ view_filter ] --END-- [ RunTime:0.001025s ]
INFO: [ app_end ] --START--
INFO: Run Behavior\ShowPageTraceBehavior [ RunTime:0.000961s ]
INFO: [ app_end ] --END-- [ RunTime:0.001039s ]
NOTIC: [8] A session had already been started - ignoring session_start() F:\xampp\htdocs\tp_GeneralEducation\index.php 第 28 行.

[ 2018-04-19T10:30:33+08:00 ] ::1 /tp_GeneralEducation/index.php/Home/Index/login/
INFO: [ app_init ] --START--
INFO: Run Behavior\BuildLiteBehavior [ RunTime:0.000036s ]
INFO: [ app_init ] --END-- [ RunTime:0.000198s ]
INFO: [ app_begin ] --START--
INFO: Run Behavior\ReadHtmlCacheBehavior [ RunTime:0.001561s ]
INFO: [ app_begin ] --END-- [ RunTime:0.001740s ]
INFO: [ view_parse ] --START--
INFO: [ template_filter ] --START--
INFO: Run Behavior\ContentReplaceBehavior [ RunTime:0.000278s ]
INFO: [ template_filter ] --END-- [ RunTime:0.000866s ]
INFO: Run Behavior\ParseTemplateBehavior [ RunTime:0.013312s ]
INFO: [ view_parse ] --END-- [ RunTime:0.013499s ]
INFO: [ view_filter ] --START--
INFO: Run Behavior\WriteHtmlCacheBehavior [ RunTime:0.001279s ]
INFO: [ view_filter ] --END-- [ RunTime:0.001437s ]
INFO: [ app_end ] --START--
INFO: Run Behavior\ShowPageTraceBehavior [ RunTime:0.001322s ]
INFO: [ app_end ] --END-- [ RunTime:0.001460s ]
NOTIC: [8] A session had already been started - ignoring session_start() F:\xampp\htdocs\tp_GeneralEducation\index.php 第 28 行.

[ 2018-04-19T10:30:33+08:00 ] ::1 /tp_GeneralEducation/index.php/Home/Index/login/common/jquery.js
INFO: [ app_init ] --START--
INFO: Run Behavior\BuildLiteBehavior [ RunTime:0.000026s ]
INFO: [ app_init ] --END-- [ RunTime:0.000148s ]
INFO: [ app_begin ] --START--
INFO: Run Behavior\ReadHtmlCacheBehavior [ RunTime:0.001236s ]
INFO: [ app_begin ] --END-- [ RunTime:0.001352s ]
INFO: [ view_parse ] --START--
INFO: [ template_filter ] --START--
INFO: Run Behavior\ContentReplaceBehavior [ RunTime:0.000090s ]
INFO: [ template_filter ] --END-- [ RunTime:0.000411s ]
INFO: Run Behavior\ParseTemplateBehavior [ RunTime:0.012750s ]
INFO: [ view_parse ] --END-- [ RunTime:0.012876s ]
INFO: [ view_filter ] --START--
INFO: Run Behavior\WriteHtmlCacheBehavior [ RunTime:0.000767s ]
INFO: [ view_filter ] --END-- [ RunTime:0.000862s ]
INFO: [ app_end ] --START--
INFO: Run Behavior\ShowPageTraceBehavior [ RunTime:0.001000s ]
INFO: [ app_end ] --END-- [ RunTime:0.001117s ]
NOTIC: [8] A session had already been started - ignoring session_start() F:\xampp\htdocs\tp_GeneralEducation\index.php 第 28 行.

[ 2018-04-19T10:30:39+08:00 ] ::1 /tp_GeneralEducation/index.php/Home/Index/login_post/
INFO: [ app_init ] --START--
INFO: Run Behavior\BuildLiteBehavior [ RunTime:0.000021s ]
INFO: [ app_init ] --END-- [ RunTime:0.000109s ]
INFO: [ app_begin ] --START--
INFO: Run Behavior\ReadHtmlCacheBehavior [ RunTime:0.000903s ]
INFO: [ app_begin ] --END-- [ RunTime:0.001028s ]
SQL: SHOW COLUMNS FROM `ge_student` [ RunTime:0.0382s ]
SQL: SELECT * FROM `ge_student` WHERE ( number='251027' and password='251027' )  [ RunTime:0.0005s ]
SQL: SHOW COLUMNS FROM `ge_teacher` [ RunTime:0.0540s ]
SQL: SELECT * FROM `ge_teacher` WHERE ( number='251027' and password='251027' )  [ RunTime:0.0004s ]
SQL: SHOW COLUMNS FROM `ge_admin` [ RunTime:0.0696s ]
SQL: SELECT * FROM `ge_admin` WHERE ( name='251027' and password='251027' )  [ RunTime:0.0004s ]

[ 2018-04-19T10:30:39+08:00 ] ::1 /tp_GeneralEducation/index.php/Home/Teacher/index.html
INFO: [ app_init ] --START--
INFO: Run Behavior\BuildLiteBehavior [ RunTime:0.000040s ]
INFO: [ app_init ] --END-- [ RunTime:0.000242s ]
INFO: [ app_begin ] --START--
INFO: Run Behavior\ReadHtmlCacheBehavior [ RunTime:0.000931s ]
INFO: [ app_begin ] --END-- [ RunTime:0.001026s ]
SQL: SHOW COLUMNS FROM `ge_teacher` [ RunTime:0.0051s ]
SQL: SELECT * FROM `ge_teacher` WHERE `pk_teacher` = 5 LIMIT 1   [ RunTime:0.0004s ]
INFO: [ view_parse ] --START--
INFO: [ template_filter ] --START--
INFO: Run Behavior\ContentReplaceBehavior [ RunTime:0.000066s ]
INFO: [ template_filter ] --END-- [ RunTime:0.000151s ]
INFO: Run Behavior\ParseTemplateBehavior [ RunTime:0.007460s ]
INFO: [ view_parse ] --END-- [ RunTime:0.007551s ]
INFO: [ view_filter ] --START--
INFO: Run Behavior\WriteHtmlCacheBehavior [ RunTime:0.000736s ]
INFO: [ view_filter ] --END-- [ RunTime:0.000828s ]
INFO: [ app_end ] --START--
INFO: Run Behavior\ShowPageTraceBehavior [ RunTime:0.000963s ]
INFO: [ app_end ] --END-- [ RunTime:0.001041s ]
NOTIC: [8] A session had already been started - ignoring session_start() F:\xampp\htdocs\tp_GeneralEducation\index.php 第 28 行.

[ 2018-04-19T10:30:42+08:00 ] ::1 /tp_GeneralEducation/index.php/Home/Teacher/teacher_course/
INFO: [ app_init ] --START--
INFO: Run Behavior\BuildLiteBehavior [ RunTime:0.000020s ]
INFO: [ app_init ] --END-- [ RunTime:0.000117s ]
INFO: [ app_begin ] --START--
INFO: Run Behavior\ReadHtmlCacheBehavior [ RunTime:0.000924s ]
INFO: [ app_begin ] --END-- [ RunTime:0.001006s ]
SQL: SHOW COLUMNS FROM `ge_teacher` [ RunTime:0.0044s ]
SQL: SELECT * FROM `ge_teacher` WHERE `pk_teacher` = 5 LIMIT 1   [ RunTime:0.0004s ]
SQL: SELECT * FROM `ge_teacher` WHERE `pk_teacher` = 5 LIMIT 1   [ RunTime:0.0003s ]
SQL: SHOW COLUMNS FROM `ge_teaching` [ RunTime:0.0287s ]
SQL: SELECT COUNT(*) AS tp_count FROM ge_teaching as a INNER JOIN ge_student as b INNER JOIN ge_course as c  WHERE ( a.course = c.pk_course and a.teacher = '5' and a.class=b.class ) LIMIT 1   [ RunTime:0.0212s ]
SQL: SELECT b.number number,b.name name,b.class class,c.name course FROM ge_teaching as a INNER JOIN ge_student as b INNER JOIN ge_course as c  WHERE ( a.course = c.pk_course and a.teacher = '5' and a.class=b.class ) LIMIT 0,10   [ RunTime:0.0005s ]
INFO: [ view_parse ] --START--
INFO: [ template_filter ] --START--
INFO: Run Behavior\ContentReplaceBehavior [ RunTime:0.000072s ]
INFO: [ template_filter ] --END-- [ RunTime:0.000157s ]
INFO: Run Behavior\ParseTemplateBehavior [ RunTime:0.008675s ]
INFO: [ view_parse ] --END-- [ RunTime:0.008794s ]
INFO: [ view_filter ] --START--
INFO: Run Behavior\WriteHtmlCacheBehavior [ RunTime:0.000731s ]
INFO: [ view_filter ] --END-- [ RunTime:0.000807s ]
INFO: [ app_end ] --START--
INFO: Run Behavior\ShowPageTraceBehavior [ RunTime:0.000968s ]
INFO: [ app_end ] --END-- [ RunTime:0.001072s ]
NOTIC: [8] A session had already been started - ignoring session_start() F:\xampp\htdocs\tp_GeneralEducation\index.php 第 28 行.

[ 2018-04-19T10:31:39+08:00 ] ::1 /tp_GeneralEducation/index.php/Home/Teacher/add_course/
INFO: [ app_init ] --START--
INFO: Run Behavior\BuildLiteBehavior [ RunTime:0.000036s ]
INFO: [ app_init ] --END-- [ RunTime:0.000210s ]
INFO: [ app_begin ] --START--
INFO: Run Behavior\ReadHtmlCacheBehavior [ RunTime:0.000951s ]
INFO: [ app_begin ] --END-- [ RunTime:0.001043s ]
SQL: SHOW COLUMNS FROM `ge_course` [ RunTime:0.1550s ]
SQL: SELECT * FROM `ge_course` WHERE ( name = '信息技术应用' )  [ RunTime:0.0003s ]
SQL: SHOW COLUMNS FROM `ge_teacher` [ RunTime:0.0838s ]
SQL: SELECT * FROM `ge_teacher` WHERE `pk_teacher` = 5 LIMIT 1   [ RunTime:0.0004s ]
SQL: SHOW COLUMNS FROM `ge_teaching` [ RunTime:0.0438s ]
SQL: INSERT INTO `ge_teaching` (`teacher`,`course`,`class`) VALUES ('5','3','机械工程1班') [ RunTime:0.1742s ]
INFO: [ view_parse ] --START--
INFO: [ template_filter ] --START--
INFO: Run Behavior\ContentReplaceBehavior [ RunTime:0.000045s ]
INFO: [ template_filter ] --END-- [ RunTime:0.000131s ]
INFO: Run Behavior\ParseTemplateBehavior [ RunTime:0.007172s ]
INFO: [ view_parse ] --END-- [ RunTime:0.007271s ]
INFO: [ view_filter ] --START--
INFO: Run Behavior\WriteHtmlCacheBehavior [ RunTime:0.000766s ]
INFO: [ view_filter ] --END-- [ RunTime:0.000845s ]
INFO: [ app_end ] --START--
INFO: Run Behavior\ShowPageTraceBehavior [ RunTime:0.000985s ]
INFO: [ app_end ] --END-- [ RunTime:0.001062s ]
NOTIC: [8] A session had already been started - ignoring session_start() F:\xampp\htdocs\tp_GeneralEducation\index.php 第 28 行.

[ 2018-04-19T10:31:41+08:00 ] ::1 /tp_GeneralEducation/index.php/Home/Teacher/teacher_course.html
INFO: [ app_init ] --START--
INFO: Run Behavior\BuildLiteBehavior [ RunTime:0.000020s ]
INFO: [ app_init ] --END-- [ RunTime:0.000112s ]
INFO: [ app_begin ] --START--
INFO: Run Behavior\ReadHtmlCacheBehavior [ RunTime:0.000975s ]
INFO: [ app_begin ] --END-- [ RunTime:0.001061s ]
SQL: SHOW COLUMNS FROM `ge_teacher` [ RunTime:0.0048s ]
SQL: SELECT * FROM `ge_teacher` WHERE `pk_teacher` = 5 LIMIT 1   [ RunTime:0.0004s ]
SQL: SELECT * FROM `ge_teacher` WHERE `pk_teacher` = 5 LIMIT 1   [ RunTime:0.0003s ]
SQL: SHOW COLUMNS FROM `ge_teaching` [ RunTime:0.0042s ]
SQL: SELECT COUNT(*) AS tp_count FROM ge_teaching as a INNER JOIN ge_student as b INNER JOIN ge_course as c  WHERE ( a.course = c.pk_course and a.teacher = '5' and a.class=b.class ) LIMIT 1   [ RunTime:0.0005s ]
SQL: SELECT b.number number,b.name name,b.class class,c.name course FROM ge_teaching as a INNER JOIN ge_student as b INNER JOIN ge_course as c  WHERE ( a.course = c.pk_course and a.teacher = '5' and a.class=b.class ) LIMIT 0,10   [ RunTime:0.0006s ]
INFO: [ view_parse ] --START--
INFO: [ template_filter ] --START--
INFO: Run Behavior\ContentReplaceBehavior [ RunTime:0.000072s ]
INFO: [ template_filter ] --END-- [ RunTime:0.000158s ]
INFO: Run Behavior\ParseTemplateBehavior [ RunTime:0.009269s ]
INFO: [ view_parse ] --END-- [ RunTime:0.009368s ]
INFO: [ view_filter ] --START--
INFO: Run Behavior\WriteHtmlCacheBehavior [ RunTime:0.000775s ]
INFO: [ view_filter ] --END-- [ RunTime:0.000855s ]
INFO: [ app_end ] --START--
INFO: Run Behavior\ShowPageTraceBehavior [ RunTime:0.001385s ]
INFO: [ app_end ] --END-- [ RunTime:0.001579s ]
NOTIC: [8] A session had already been started - ignoring session_start() F:\xampp\htdocs\tp_GeneralEducation\index.php 第 28 行.

[ 2018-04-19T10:31:48+08:00 ] ::1 /tp_GeneralEducation/index.php/Home/Teacher/teacher_course/p/2.html
INFO: [ app_init ] --START--
INFO: Run Behavior\BuildLiteBehavior [ RunTime:0.000023s ]
INFO: [ app_init ] --END-- [ RunTime:0.000123s ]
INFO: [ app_begin ] --START--
INFO: Run Behavior\ReadHtmlCacheBehavior [ RunTime:0.000995s ]
INFO: [ app_begin ] --END-- [ RunTime:0.001105s ]
SQL: SHOW COLUMNS FROM `ge_teacher` [ RunTime:0.0052s ]
SQL: SELECT * FROM `ge_teacher` WHERE `pk_teacher` = 5 LIMIT 1   [ RunTime:0.0004s ]
SQL: SELECT * FROM `ge_teacher` WHERE `pk_teacher` = 5 LIMIT 1   [ RunTime:0.0003s ]
SQL: SHOW COLUMNS FROM `ge_teaching` [ RunTime:0.0047s ]
SQL: SELECT COUNT(*) AS tp_count FROM ge_teaching as a INNER JOIN ge_student as b INNER JOIN ge_course as c  WHERE ( a.course = c.pk_course and a.teacher = '5' and a.class=b.class ) LIMIT 1   [ RunTime:0.0004s ]
SQL: SELECT b.number number,b.name name,b.class class,c.name course FROM ge_teaching as a INNER JOIN ge_student as b INNER JOIN ge_course as c  WHERE ( a.course = c.pk_course and a.teacher = '5' and a.class=b.class ) LIMIT 10,10   [ RunTime:0.0004s ]
INFO: [ view_parse ] --START--
INFO: [ template_filter ] --START--
INFO: Run Behavior\ContentReplaceBehavior [ RunTime:0.000071s ]
INFO: [ template_filter ] --END-- [ RunTime:0.000157s ]
INFO: Run Behavior\ParseTemplateBehavior [ RunTime:0.008844s ]
INFO: [ view_parse ] --END-- [ RunTime:0.008944s ]
INFO: [ view_filter ] --START--
INFO: Run Behavior\WriteHtmlCacheBehavior [ RunTime:0.000719s ]
INFO: [ view_filter ] --END-- [ RunTime:0.000801s ]
INFO: [ app_end ] --START--
INFO: Run Behavior\ShowPageTraceBehavior [ RunTime:0.001146s ]
INFO: [ app_end ] --END-- [ RunTime:0.001278s ]
NOTIC: [8] A session had already been started - ignoring session_start() F:\xampp\htdocs\tp_GeneralEducation\index.php 第 28 行.

[ 2018-04-19T10:31:50+08:00 ] ::1 /tp_GeneralEducation/index.php/Home/Teacher/teacher_course/p/3.html
INFO: [ app_init ] --START--
INFO: Run Behavior\BuildLiteBehavior [ RunTime:0.000028s ]
INFO: [ app_init ] --END-- [ RunTime:0.000174s ]
INFO: [ app_begin ] --START--
INFO: Run Behavior\ReadHtmlCacheBehavior [ RunTime:0.001452s ]
INFO: [ app_begin ] --END-- [ RunTime:0.001561s ]
SQL: SHOW COLUMNS FROM `ge_teacher` [ RunTime:0.0044s ]
SQL: SELECT * FROM `ge_teacher` WHERE `pk_teacher` = 5 LIMIT 1   [ RunTime:0.0004s ]
SQL: SELECT * FROM `ge_teacher` WHERE `pk_teacher` = 5 LIMIT 1   [ RunTime:0.0004s ]
SQL: SHOW COLUMNS FROM `ge_teaching` [ RunTime:0.0045s ]
SQL: SELECT COUNT(*) AS tp_count FROM ge_teaching as a INNER JOIN ge_student as b INNER JOIN ge_course as c  WHERE ( a.course = c.pk_course and a.teacher = '5' and a.class=b.class ) LIMIT 1   [ RunTime:0.0005s ]
SQL: SELECT b.number number,b.name name,b.class class,c.name course FROM ge_teaching as a INNER JOIN ge_student as b INNER JOIN ge_course as c  WHERE ( a.course = c.pk_course and a.teacher = '5' and a.class=b.class ) LIMIT 20,10   [ RunTime:0.0006s ]
INFO: [ view_parse ] --START--
INFO: [ template_filter ] --START--
INFO: Run Behavior\ContentReplaceBehavior [ RunTime:0.000084s ]
INFO: [ template_filter ] --END-- [ RunTime:0.000184s ]
INFO: Run Behavior\ParseTemplateBehavior [ RunTime:0.009466s ]
INFO: [ view_parse ] --END-- [ RunTime:0.009610s ]
INFO: [ view_filter ] --START--
INFO: Run Behavior\WriteHtmlCacheBehavior [ RunTime:0.001067s ]
INFO: [ view_filter ] --END-- [ RunTime:0.001204s ]
INFO: [ app_end ] --START--
INFO: Run Behavior\ShowPageTraceBehavior [ RunTime:0.002837s ]
INFO: [ app_end ] --END-- [ RunTime:0.003005s ]
NOTIC: [8] A session had already been started - ignoring session_start() F:\xampp\htdocs\tp_GeneralEducation\index.php 第 28 行.

[ 2018-04-19T10:31:51+08:00 ] ::1 /tp_GeneralEducation/index.php/Home/Teacher/teacher_course/p/4.html
INFO: [ app_init ] --START--
INFO: Run Behavior\BuildLiteBehavior [ RunTime:0.000023s ]
INFO: [ app_init ] --END-- [ RunTime:0.000120s ]
INFO: [ app_begin ] --START--
INFO: Run Behavior\ReadHtmlCacheBehavior [ RunTime:0.001001s ]
INFO: [ app_begin ] --END-- [ RunTime:0.001123s ]
SQL: SHOW COLUMNS FROM `ge_teacher` [ RunTime:0.0057s ]
SQL: SELECT * FROM `ge_teacher` WHERE `pk_teacher` = 5 LIMIT 1   [ RunTime:0.0004s ]
SQL: SELECT * FROM `ge_teacher` WHERE `pk_teacher` = 5 LIMIT 1   [ RunTime:0.0003s ]
SQL: SHOW COLUMNS FROM `ge_teaching` [ RunTime:0.0042s ]
SQL: SELECT COUNT(*) AS tp_count FROM ge_teaching as a INNER JOIN ge_student as b INNER JOIN ge_course as c  WHERE ( a.course = c.pk_course and a.teacher = '5' and a.class=b.class ) LIMIT 1   [ RunTime:0.0004s ]
SQL: SELECT b.number number,b.name name,b.class class,c.name course FROM ge_teaching as a INNER JOIN ge_student as b INNER JOIN ge_course as c  WHERE ( a.course = c.pk_course and a.teacher = '5' and a.class=b.class ) LIMIT 30,10   [ RunTime:0.0005s ]
INFO: [ view_parse ] --START--
INFO: [ template_filter ] --START--
INFO: Run Behavior\ContentReplaceBehavior [ RunTime:0.000083s ]
INFO: [ template_filter ] --END-- [ RunTime:0.000185s ]
INFO: Run Behavior\ParseTemplateBehavior [ RunTime:0.009461s ]
INFO: [ view_parse ] --END-- [ RunTime:0.009572s ]
INFO: [ view_filter ] --START--
INFO: Run Behavior\WriteHtmlCacheBehavior [ RunTime:0.000767s ]
INFO: [ view_filter ] --END-- [ RunTime:0.000858s ]
INFO: [ app_end ] --START--
INFO: Run Behavior\ShowPageTraceBehavior [ RunTime:0.001255s ]
INFO: [ app_end ] --END-- [ RunTime:0.001383s ]
NOTIC: [8] A session had already been started - ignoring session_start() F:\xampp\htdocs\tp_GeneralEducation\index.php 第 28 行.

[ 2018-04-19T10:32:05+08:00 ] ::1 /tp_GeneralEducation/index.php/Home/Teacher/add_course/
INFO: [ app_init ] --START--
INFO: Run Behavior\BuildLiteBehavior [ RunTime:0.000023s ]
INFO: [ app_init ] --END-- [ RunTime:0.000119s ]
INFO: [ app_begin ] --START--
INFO: Run Behavior\ReadHtmlCacheBehavior [ RunTime:0.001258s ]
INFO: [ app_begin ] --END-- [ RunTime:0.001352s ]
SQL: SHOW COLUMNS FROM `ge_course` [ RunTime:0.0300s ]
SQL: SELECT * FROM `ge_course` WHERE ( name = '互联网+' )  [ RunTime:0.0003s ]
SQL: SHOW COLUMNS FROM `ge_teacher` [ RunTime:0.0409s ]
SQL: SELECT * FROM `ge_teacher` WHERE `pk_teacher` = 5 LIMIT 1   [ RunTime:0.0003s ]
SQL: SHOW COLUMNS FROM `ge_teaching` [ RunTime:0.0460s ]
SQL: INSERT INTO `ge_teaching` (`teacher`,`course`,`class`) VALUES ('5','2','机械工程1班') [ RunTime:0.1191s ]
INFO: [ view_parse ] --START--
INFO: [ template_filter ] --START--
INFO: Run Behavior\ContentReplaceBehavior [ RunTime:0.000051s ]
INFO: [ template_filter ] --END-- [ RunTime:0.000149s ]
INFO: Run Behavior\ParseTemplateBehavior [ RunTime:0.008512s ]
INFO: [ view_parse ] --END-- [ RunTime:0.008640s ]
INFO: [ view_filter ] --START--
INFO: Run Behavior\WriteHtmlCacheBehavior [ RunTime:0.001466s ]
INFO: [ view_filter ] --END-- [ RunTime:0.001616s ]
INFO: [ app_end ] --START--
INFO: Run Behavior\ShowPageTraceBehavior [ RunTime:0.001395s ]
INFO: [ app_end ] --END-- [ RunTime:0.001506s ]
NOTIC: [8] A session had already been started - ignoring session_start() F:\xampp\htdocs\tp_GeneralEducation\index.php 第 28 行.

[ 2018-04-19T10:32:06+08:00 ] ::1 /tp_GeneralEducation/index.php/Home/Teacher/teacher_course.html
INFO: [ app_init ] --START--
INFO: Run Behavior\BuildLiteBehavior [ RunTime:0.000019s ]
INFO: [ app_init ] --END-- [ RunTime:0.000105s ]
INFO: [ app_begin ] --START--
INFO: Run Behavior\ReadHtmlCacheBehavior [ RunTime:0.001545s ]
INFO: [ app_begin ] --END-- [ RunTime:0.001758s ]
SQL: SHOW COLUMNS FROM `ge_teacher` [ RunTime:0.0038s ]
SQL: SELECT * FROM `ge_teacher` WHERE `pk_teacher` = 5 LIMIT 1   [ RunTime:0.0014s ]
SQL: SELECT * FROM `ge_teacher` WHERE `pk_teacher` = 5 LIMIT 1   [ RunTime:0.0003s ]
SQL: SHOW COLUMNS FROM `ge_teaching` [ RunTime:0.0038s ]
SQL: SELECT COUNT(*) AS tp_count FROM ge_teaching as a INNER JOIN ge_student as b INNER JOIN ge_course as c  WHERE ( a.course = c.pk_course and a.teacher = '5' and a.class=b.class ) LIMIT 1   [ RunTime:0.0005s ]
SQL: SELECT b.number number,b.name name,b.class class,c.name course FROM ge_teaching as a INNER JOIN ge_student as b INNER JOIN ge_course as c  WHERE ( a.course = c.pk_course and a.teacher = '5' and a.class=b.class ) LIMIT 0,10   [ RunTime:0.0005s ]
INFO: [ view_parse ] --START--
INFO: [ template_filter ] --START--
INFO: Run Behavior\ContentReplaceBehavior [ RunTime:0.000088s ]
INFO: [ template_filter ] --END-- [ RunTime:0.000195s ]
INFO: Run Behavior\ParseTemplateBehavior [ RunTime:0.009864s ]
INFO: [ view_parse ] --END-- [ RunTime:0.009965s ]
INFO: [ view_filter ] --START--
INFO: Run Behavior\WriteHtmlCacheBehavior [ RunTime:0.000800s ]
INFO: [ view_filter ] --END-- [ RunTime:0.000885s ]
INFO: [ app_end ] --START--
INFO: Run Behavior\ShowPageTraceBehavior [ RunTime:0.001184s ]
INFO: [ app_end ] --END-- [ RunTime:0.001321s ]
NOTIC: [8] A session had already been started - ignoring session_start() F:\xampp\htdocs\tp_GeneralEducation\index.php 第 28 行.

[ 2018-04-19T10:33:28+08:00 ] ::1 /tp_GeneralEducation/index.php/Home/Teacher/teacher_upload/
INFO: [ app_init ] --START--
INFO: Run Behavior\BuildLiteBehavior [ RunTime:0.000021s ]
INFO: [ app_init ] --END-- [ RunTime:0.000114s ]
INFO: [ app_begin ] --START--
INFO: Run Behavior\ReadHtmlCacheBehavior [ RunTime:0.001408s ]
INFO: [ app_begin ] --END-- [ RunTime:0.001532s ]
INFO: [ view_parse ] --START--
INFO: [ template_filter ] --START--
INFO: Run Behavior\ContentReplaceBehavior [ RunTime:0.000063s ]
INFO: [ template_filter ] --END-- [ RunTime:0.000155s ]
NOTIC: [8] Undefined variable: username F:\xampp\htdocs\tp_GeneralEducation\Application\Runtime\Cache\Home\20da033d1188e2df310d8afea5349661.php 第 27 行.
INFO: Run Behavior\ParseTemplateBehavior [ RunTime:0.018835s ]
INFO: [ view_parse ] --END-- [ RunTime:0.018929s ]
INFO: [ view_filter ] --START--
INFO: Run Behavior\WriteHtmlCacheBehavior [ RunTime:0.000787s ]
INFO: [ view_filter ] --END-- [ RunTime:0.000884s ]
INFO: [ app_end ] --START--
INFO: Run Behavior\ShowPageTraceBehavior [ RunTime:0.000952s ]
INFO: [ app_end ] --END-- [ RunTime:0.001030s ]
NOTIC: [8] A session had already been started - ignoring session_start() F:\xampp\htdocs\tp_GeneralEducation\index.php 第 28 行.

[ 2018-04-19T10:36:47+08:00 ] ::1 /tp_GeneralEducation/index.php/Home/Teacher/teacher_course/
INFO: [ app_init ] --START--
INFO: Run Behavior\BuildLiteBehavior [ RunTime:0.000038s ]
INFO: [ app_init ] --END-- [ RunTime:0.000157s ]
INFO: [ app_begin ] --START--
INFO: Run Behavior\ReadHtmlCacheBehavior [ RunTime:0.001154s ]
INFO: [ app_begin ] --END-- [ RunTime:0.001246s ]
SQL: SHOW COLUMNS FROM `ge_teacher` [ RunTime:0.0044s ]
SQL: SELECT * FROM `ge_teacher` WHERE `pk_teacher` = 5 LIMIT 1   [ RunTime:0.0004s ]
SQL: SELECT * FROM `ge_teacher` WHERE `pk_teacher` = 5 LIMIT 1   [ RunTime:0.0003s ]
SQL: SHOW COLUMNS FROM `ge_teaching` [ RunTime:0.0371s ]
SQL: SELECT COUNT(*) AS tp_count FROM ge_teaching as a INNER JOIN ge_student as b INNER JOIN ge_course as c  WHERE ( a.course = c.pk_course and a.teacher = '5' and a.class=b.class ) LIMIT 1   [ RunTime:0.0005s ]
SQL: SELECT b.number number,b.name name,b.class class,c.name course FROM ge_teaching as a INNER JOIN ge_student as b INNER JOIN ge_course as c  WHERE ( a.course = c.pk_course and a.teacher = '5' and a.class=b.class ) LIMIT 0,10   [ RunTime:0.0006s ]
INFO: [ view_parse ] --START--
INFO: [ template_filter ] --START--
INFO: Run Behavior\ContentReplaceBehavior [ RunTime:0.000121s ]
INFO: [ template_filter ] --END-- [ RunTime:0.000280s ]
INFO: Run Behavior\ParseTemplateBehavior [ RunTime:0.011583s ]
INFO: [ view_parse ] --END-- [ RunTime:0.011742s ]
INFO: [ view_filter ] --START--
INFO: Run Behavior\WriteHtmlCacheBehavior [ RunTime:0.001528s ]
INFO: [ view_filter ] --END-- [ RunTime:0.001680s ]
INFO: [ app_end ] --START--
INFO: Run Behavior\ShowPageTraceBehavior [ RunTime:0.001927s ]
INFO: [ app_end ] --END-- [ RunTime:0.002098s ]
NOTIC: [8] A session had already been started - ignoring session_start() F:\xampp\htdocs\tp_GeneralEducation\index.php 第 28 行.

