[ 2018-05-23T00:02:34+08:00 ] ::1 /tp_GeneralEducation/
INFO: [ app_init ] --START--
INFO: Run Behavior\BuildLiteBehavior [ RunTime:0.000056s ]
INFO: [ app_init ] --END-- [ RunTime:0.027006s ]
INFO: [ app_begin ] --START--
INFO: Run Behavior\ReadHtmlCacheBehavior [ RunTime:0.007847s ]
INFO: [ app_begin ] --END-- [ RunTime:0.007965s ]
SQL: SHOW COLUMNS FROM `ge_sources` [ RunTime:0.0059s ]
SQL: SELECT * FROM `ge_sources` WHERE `type` = '平台概况' ORDER BY ts desc LIMIT 1   [ RunTime:0.0008s ]
SQL: SELECT * FROM `ge_sources` WHERE `type` = '公告' ORDER BY ts desc LIMIT 1   [ RunTime:0.0004s ]
SQL: SELECT `pk_sources`,`title`,`savename`,`course`,`owner`,`url`,`type`,`des`,`dr`,`ts` FROM `ge_sources` WHERE ( pk_sources>0 and type='公共资源' and owner='0' ) ORDER BY pk_sources LIMIT 0,2   [ RunTime:0.0005s ]
INFO: [ view_parse ] --START--
INFO: [ template_filter ] --START--
INFO: Run Behavior\ContentReplaceBehavior [ RunTime:0.000101s ]
INFO: [ template_filter ] --END-- [ RunTime:0.000249s ]
NOTIC: [8] A session had already been started - ignoring session_start() F:\xampp\htdocs\tp_GeneralEducation\Application\Runtime\Cache\Home\2a94b8bda04ff446dcedd42276fc99ee.php 第 1 行.
NOTIC: [2] include(conn.php): failed to open stream: No such file or directory F:\xampp\htdocs\tp_GeneralEducation\Application\Runtime\Cache\Home\2a94b8bda04ff446dcedd42276fc99ee.php 第 1 行.
NOTIC: [2] include(): Failed opening 'conn.php' for inclusion (include_path='F:\xampp\php\PEAR') F:\xampp\htdocs\tp_GeneralEducation\Application\Runtime\Cache\Home\2a94b8bda04ff446dcedd42276fc99ee.php 第 1 行.
INFO: Run Behavior\ParseTemplateBehavior [ RunTime:0.142366s ]
INFO: [ view_parse ] --END-- [ RunTime:0.142482s ]
INFO: [ view_filter ] --START--
INFO: Run Behavior\WriteHtmlCacheBehavior [ RunTime:0.037528s ]
INFO: [ view_filter ] --END-- [ RunTime:0.037634s ]
INFO: [ app_end ] --START--
INFO: Run Behavior\ShowPageTraceBehavior [ RunTime:0.151348s ]
INFO: [ app_end ] --END-- [ RunTime:0.151443s ]
NOTIC: [8] A session had already been started - ignoring session_start() F:\xampp\htdocs\tp_GeneralEducation\index.php 第 28 行.

[ 2018-05-23T00:02:36+08:00 ] ::1 /tp_GeneralEducation/index.php/Home/Index/login/?PHPSESSID=lf79rsd00nav7j0m7ap9ldhn05
INFO: [ app_init ] --START--
INFO: Run Behavior\BuildLiteBehavior [ RunTime:0.000065s ]
INFO: [ app_init ] --END-- [ RunTime:0.000243s ]
INFO: [ app_begin ] --START--
INFO: Run Behavior\ReadHtmlCacheBehavior [ RunTime:0.001229s ]
INFO: [ app_begin ] --END-- [ RunTime:0.001342s ]
INFO: [ view_parse ] --START--
INFO: [ template_filter ] --START--
INFO: Run Behavior\ContentReplaceBehavior [ RunTime:0.000280s ]
INFO: [ template_filter ] --END-- [ RunTime:0.000853s ]
INFO: Run Behavior\ParseTemplateBehavior [ RunTime:0.030568s ]
INFO: [ view_parse ] --END-- [ RunTime:0.030698s ]
INFO: [ view_filter ] --START--
INFO: Run Behavior\WriteHtmlCacheBehavior [ RunTime:0.001053s ]
INFO: [ view_filter ] --END-- [ RunTime:0.001144s ]
INFO: [ app_end ] --START--
INFO: Run Behavior\ShowPageTraceBehavior [ RunTime:0.005132s ]
INFO: [ app_end ] --END-- [ RunTime:0.005252s ]
NOTIC: [8] A session had already been started - ignoring session_start() F:\xampp\htdocs\tp_GeneralEducation\index.php 第 28 行.

[ 2018-05-23T00:02:36+08:00 ] ::1 /tp_GeneralEducation/index.php/Home/Index/login/common/jquery.js
INFO: [ app_init ] --START--
INFO: Run Behavior\BuildLiteBehavior [ RunTime:0.000025s ]
INFO: [ app_init ] --END-- [ RunTime:0.000127s ]
INFO: [ app_begin ] --START--
INFO: Run Behavior\ReadHtmlCacheBehavior [ RunTime:0.000992s ]
INFO: [ app_begin ] --END-- [ RunTime:0.001111s ]
INFO: [ view_parse ] --START--
INFO: [ template_filter ] --START--
INFO: Run Behavior\ContentReplaceBehavior [ RunTime:0.000056s ]
INFO: [ template_filter ] --END-- [ RunTime:0.000155s ]
INFO: Run Behavior\ParseTemplateBehavior [ RunTime:0.011059s ]
INFO: [ view_parse ] --END-- [ RunTime:0.011200s ]
INFO: [ view_filter ] --START--
INFO: Run Behavior\WriteHtmlCacheBehavior [ RunTime:0.001441s ]
INFO: [ view_filter ] --END-- [ RunTime:0.001550s ]
INFO: [ app_end ] --START--
INFO: Run Behavior\ShowPageTraceBehavior [ RunTime:0.003739s ]
INFO: [ app_end ] --END-- [ RunTime:0.003939s ]
NOTIC: [8] A session had already been started - ignoring session_start() F:\xampp\htdocs\tp_GeneralEducation\index.php 第 28 行.

[ 2018-05-23T00:02:41+08:00 ] ::1 /tp_GeneralEducation/index.php/Home/Index/login_post/
INFO: [ app_init ] --START--
INFO: Run Behavior\BuildLiteBehavior [ RunTime:0.000021s ]
INFO: [ app_init ] --END-- [ RunTime:0.000135s ]
INFO: [ app_begin ] --START--
INFO: Run Behavior\ReadHtmlCacheBehavior [ RunTime:0.002984s ]
INFO: [ app_begin ] --END-- [ RunTime:0.003230s ]
SQL: SHOW COLUMNS FROM `ge_student` [ RunTime:0.0562s ]
SQL: SELECT * FROM `ge_student` WHERE ( number='251027' and password='25' )  [ RunTime:0.1367s ]
SQL: SHOW COLUMNS FROM `ge_teacher` [ RunTime:0.0274s ]
SQL: SELECT * FROM `ge_teacher` WHERE ( number='251027' and password='25' )  [ RunTime:0.0005s ]
SQL: SHOW COLUMNS FROM `ge_admin` [ RunTime:0.0501s ]
SQL: SELECT * FROM `ge_admin` WHERE ( name='251027' and password='25' )  [ RunTime:0.0005s ]

[ 2018-05-23T00:02:41+08:00 ] ::1 /tp_GeneralEducation/index.php/Home/Teacher/index.html
INFO: [ app_init ] --START--
INFO: Run Behavior\BuildLiteBehavior [ RunTime:0.000039s ]
INFO: [ app_init ] --END-- [ RunTime:0.000194s ]
INFO: [ app_begin ] --START--
INFO: Run Behavior\ReadHtmlCacheBehavior [ RunTime:0.000980s ]
INFO: [ app_begin ] --END-- [ RunTime:0.001081s ]
SQL: SHOW COLUMNS FROM `ge_teacher` [ RunTime:0.0049s ]
SQL: SELECT * FROM `ge_teacher` WHERE `pk_teacher` = 41 LIMIT 1   [ RunTime:0.0004s ]
INFO: [ view_parse ] --START--
INFO: [ template_filter ] --START--
INFO: Run Behavior\ContentReplaceBehavior [ RunTime:0.000067s ]
INFO: [ template_filter ] --END-- [ RunTime:0.000154s ]
INFO: Run Behavior\ParseTemplateBehavior [ RunTime:0.017467s ]
INFO: [ view_parse ] --END-- [ RunTime:0.017577s ]
INFO: [ view_filter ] --START--
INFO: Run Behavior\WriteHtmlCacheBehavior [ RunTime:0.001027s ]
INFO: [ view_filter ] --END-- [ RunTime:0.001115s ]
INFO: [ app_end ] --START--
INFO: Run Behavior\ShowPageTraceBehavior [ RunTime:0.001147s ]
INFO: [ app_end ] --END-- [ RunTime:0.001225s ]
NOTIC: [8] A session had already been started - ignoring session_start() F:\xampp\htdocs\tp_GeneralEducation\index.php 第 28 行.

[ 2018-05-23T00:02:44+08:00 ] ::1 /tp_GeneralEducation/index.php/Home/Teacher/teacher_homework/
INFO: [ app_init ] --START--
INFO: Run Behavior\BuildLiteBehavior [ RunTime:0.000052s ]
INFO: [ app_init ] --END-- [ RunTime:0.000262s ]
INFO: [ app_begin ] --START--
INFO: Run Behavior\ReadHtmlCacheBehavior [ RunTime:0.000958s ]
INFO: [ app_begin ] --END-- [ RunTime:0.001044s ]
INFO: [ view_parse ] --START--
INFO: [ template_filter ] --START--
INFO: Run Behavior\ContentReplaceBehavior [ RunTime:0.000090s ]
INFO: [ template_filter ] --END-- [ RunTime:0.000376s ]
NOTIC: [8] Undefined variable: username F:\xampp\htdocs\tp_GeneralEducation\Application\Runtime\Cache\Home\8527af4634ff600ac7a24ed83bc36de6.php 第 27 行.
INFO: Run Behavior\ParseTemplateBehavior [ RunTime:0.023368s ]
INFO: [ view_parse ] --END-- [ RunTime:0.023494s ]
INFO: [ view_filter ] --START--
INFO: Run Behavior\WriteHtmlCacheBehavior [ RunTime:0.001059s ]
INFO: [ view_filter ] --END-- [ RunTime:0.001173s ]
INFO: [ app_end ] --START--
INFO: Run Behavior\ShowPageTraceBehavior [ RunTime:0.001073s ]
INFO: [ app_end ] --END-- [ RunTime:0.001173s ]
NOTIC: [8] A session had already been started - ignoring session_start() F:\xampp\htdocs\tp_GeneralEducation\index.php 第 28 行.

[ 2018-05-23T00:02:45+08:00 ] ::1 /tp_GeneralEducation/index.php/Home/Teacher/teacher_upload/
INFO: [ app_init ] --START--
INFO: Run Behavior\BuildLiteBehavior [ RunTime:0.000021s ]
INFO: [ app_init ] --END-- [ RunTime:0.000105s ]
INFO: [ app_begin ] --START--
INFO: Run Behavior\ReadHtmlCacheBehavior [ RunTime:0.001700s ]
INFO: [ app_begin ] --END-- [ RunTime:0.001873s ]
SQL: SHOW COLUMNS FROM `ge_teacher` [ RunTime:0.0055s ]
SQL: SELECT * FROM `ge_teacher` WHERE `pk_teacher` = 41 LIMIT 1   [ RunTime:0.0004s ]
SQL: SELECT * FROM `ge_teacher` WHERE `pk_teacher` = 41 LIMIT 1   [ RunTime:0.0003s ]
SQL: SHOW COLUMNS FROM `ge_sources` [ RunTime:0.0048s ]
SQL: SELECT COUNT(*) AS tp_count FROM `ge_sources` WHERE ( owner = '41' ) LIMIT 1   [ RunTime:0.0005s ]
SQL: SELECT `pk_sources`,`title`,`savename`,`course`,`owner`,`url`,`type`,`des`,`dr`,`ts` FROM `ge_sources` WHERE ( owner = '41' ) LIMIT 0,10   [ RunTime:0.0004s ]
INFO: [ view_parse ] --START--
INFO: [ template_filter ] --START--
INFO: Run Behavior\ContentReplaceBehavior [ RunTime:0.000073s ]
INFO: [ template_filter ] --END-- [ RunTime:0.000163s ]
INFO: Run Behavior\ParseTemplateBehavior [ RunTime:0.186601s ]
INFO: [ view_parse ] --END-- [ RunTime:0.186707s ]
INFO: [ view_filter ] --START--
INFO: Run Behavior\WriteHtmlCacheBehavior [ RunTime:0.000809s ]
INFO: [ view_filter ] --END-- [ RunTime:0.000904s ]
INFO: [ app_end ] --START--
INFO: Run Behavior\ShowPageTraceBehavior [ RunTime:0.001034s ]
INFO: [ app_end ] --END-- [ RunTime:0.001119s ]
NOTIC: [8] A session had already been started - ignoring session_start() F:\xampp\htdocs\tp_GeneralEducation\index.php 第 28 行.

