[ 2018-05-02T21:24:44+08:00 ] ::1 /tp_GeneralEducation/
INFO: [ app_init ] --START--
INFO: Run Behavior\BuildLiteBehavior [ RunTime:0.000030s ]
INFO: [ app_init ] --END-- [ RunTime:0.000167s ]
INFO: [ app_begin ] --START--
INFO: Run Behavior\ReadHtmlCacheBehavior [ RunTime:0.001331s ]
INFO: [ app_begin ] --END-- [ RunTime:0.001471s ]
SQL: SHOW COLUMNS FROM `ge_sources` [ RunTime:0.0177s ]
SQL: SELECT COUNT(*) AS tp_count FROM `ge_sources` WHERE ( pk_sources>0 and type='intro' ) LIMIT 1   [ RunTime:0.0007s ]
SQL: SELECT `pk_sources`,`title`,`savename`,`owner`,`url`,`type`,`des`,`dr`,`ts` FROM `ge_sources` WHERE ( pk_sources>0 and type='intro' ) ORDER BY pk_sources LIMIT 0,1   [ RunTime:0.0006s ]
SQL: SELECT COUNT(*) AS tp_count FROM `ge_sources` WHERE ( pk_sources>0 and type='anno' ) LIMIT 1   [ RunTime:0.0004s ]
SQL: SELECT `pk_sources`,`title`,`savename`,`owner`,`url`,`type`,`des`,`dr`,`ts` FROM `ge_sources` WHERE ( pk_sources>0 and type='anno' ) ORDER BY pk_sources LIMIT 0,1   [ RunTime:0.0005s ]
SQL: SELECT COUNT(*) AS tp_count FROM `ge_sources` WHERE ( pk_sources>0 and type='data' and owner='0' ) LIMIT 1   [ RunTime:0.0007s ]
SQL: SELECT `pk_sources`,`title`,`savename`,`owner`,`url`,`type`,`des`,`dr`,`ts` FROM `ge_sources` WHERE ( pk_sources>0 and type='data' and owner='0' ) ORDER BY pk_sources LIMIT 0,1   [ RunTime:0.0006s ]
INFO: [ view_parse ] --START--
INFO: [ template_filter ] --START--
INFO: Run Behavior\ContentReplaceBehavior [ RunTime:0.000104s ]
INFO: [ template_filter ] --END-- [ RunTime:0.000282s ]
NOTIC: [8] A session had already been started - ignoring session_start() F:\xampp\htdocs\tp_GeneralEducation\Application\Runtime\Cache\Home\2a94b8bda04ff446dcedd42276fc99ee.php 第 1 行.
NOTIC: [2] include(conn.php): failed to open stream: No such file or directory F:\xampp\htdocs\tp_GeneralEducation\Application\Runtime\Cache\Home\2a94b8bda04ff446dcedd42276fc99ee.php 第 1 行.
NOTIC: [2] include(): Failed opening 'conn.php' for inclusion (include_path='F:\xampp\php\PEAR') F:\xampp\htdocs\tp_GeneralEducation\Application\Runtime\Cache\Home\2a94b8bda04ff446dcedd42276fc99ee.php 第 1 行.
INFO: Run Behavior\ParseTemplateBehavior [ RunTime:0.031149s ]
INFO: [ view_parse ] --END-- [ RunTime:0.031337s ]
INFO: [ view_filter ] --START--
INFO: Run Behavior\WriteHtmlCacheBehavior [ RunTime:0.001503s ]
INFO: [ view_filter ] --END-- [ RunTime:0.001679s ]
INFO: [ app_end ] --START--
INFO: Run Behavior\ShowPageTraceBehavior [ RunTime:0.001787s ]
INFO: [ app_end ] --END-- [ RunTime:0.001957s ]
NOTIC: [8] A session had already been started - ignoring session_start() F:\xampp\htdocs\tp_GeneralEducation\index.php 第 28 行.

[ 2018-05-02T22:01:23+08:00 ] ::1 /tp_GeneralEducation/index.php/Home/Index/login/?PHPSESSID=upujac7fcm7cuo5h1crkp47g9p
INFO: [ app_init ] --START--
INFO: Run Behavior\BuildLiteBehavior [ RunTime:0.000025s ]
INFO: [ app_init ] --END-- [ RunTime:0.000136s ]
INFO: [ app_begin ] --START--
INFO: Run Behavior\ReadHtmlCacheBehavior [ RunTime:0.001865s ]
INFO: [ app_begin ] --END-- [ RunTime:0.002030s ]
INFO: [ view_parse ] --START--
INFO: [ template_filter ] --START--
INFO: Run Behavior\ContentReplaceBehavior [ RunTime:0.000051s ]
INFO: [ template_filter ] --END-- [ RunTime:0.000150s ]
INFO: Run Behavior\ParseTemplateBehavior [ RunTime:0.009522s ]
INFO: [ view_parse ] --END-- [ RunTime:0.009671s ]
INFO: [ view_filter ] --START--
INFO: Run Behavior\WriteHtmlCacheBehavior [ RunTime:0.001207s ]
INFO: [ view_filter ] --END-- [ RunTime:0.001332s ]
INFO: [ app_end ] --START--
INFO: Run Behavior\ShowPageTraceBehavior [ RunTime:0.001140s ]
INFO: [ app_end ] --END-- [ RunTime:0.001219s ]
NOTIC: [8] A session had already been started - ignoring session_start() F:\xampp\htdocs\tp_GeneralEducation\index.php 第 28 行.

[ 2018-05-02T22:01:23+08:00 ] ::1 /tp_GeneralEducation/index.php/Home/Index/login/common/jquery.js
INFO: [ app_init ] --START--
INFO: Run Behavior\BuildLiteBehavior [ RunTime:0.000024s ]
INFO: [ app_init ] --END-- [ RunTime:0.000147s ]
INFO: [ app_begin ] --START--
INFO: Run Behavior\ReadHtmlCacheBehavior [ RunTime:0.000947s ]
INFO: [ app_begin ] --END-- [ RunTime:0.001050s ]
INFO: [ view_parse ] --START--
INFO: [ template_filter ] --START--
INFO: Run Behavior\ContentReplaceBehavior [ RunTime:0.000056s ]
INFO: [ template_filter ] --END-- [ RunTime:0.000166s ]
INFO: Run Behavior\ParseTemplateBehavior [ RunTime:0.006743s ]
INFO: [ view_parse ] --END-- [ RunTime:0.006857s ]
INFO: [ view_filter ] --START--
INFO: Run Behavior\WriteHtmlCacheBehavior [ RunTime:0.002081s ]
INFO: [ view_filter ] --END-- [ RunTime:0.002190s ]
INFO: [ app_end ] --START--
INFO: Run Behavior\ShowPageTraceBehavior [ RunTime:0.000966s ]
INFO: [ app_end ] --END-- [ RunTime:0.001056s ]
NOTIC: [8] A session had already been started - ignoring session_start() F:\xampp\htdocs\tp_GeneralEducation\index.php 第 28 行.

[ 2018-05-02T22:01:30+08:00 ] ::1 /tp_GeneralEducation/index.php/Home/Index/login_post/
INFO: [ app_init ] --START--
INFO: Run Behavior\BuildLiteBehavior [ RunTime:0.000028s ]
INFO: [ app_init ] --END-- [ RunTime:0.000175s ]
INFO: [ app_begin ] --START--
INFO: Run Behavior\ReadHtmlCacheBehavior [ RunTime:0.001180s ]
INFO: [ app_begin ] --END-- [ RunTime:0.001491s ]
SQL: SHOW COLUMNS FROM `ge_student` [ RunTime:0.1231s ]
SQL: SELECT * FROM `ge_student` WHERE ( number='251027' and password='251027' )  [ RunTime:0.0006s ]
SQL: SHOW COLUMNS FROM `ge_teacher` [ RunTime:0.0144s ]
SQL: SELECT * FROM `ge_teacher` WHERE ( number='251027' and password='251027' )  [ RunTime:0.0004s ]
SQL: SHOW COLUMNS FROM `ge_admin` [ RunTime:0.0475s ]
SQL: SELECT * FROM `ge_admin` WHERE ( name='251027' and password='251027' )  [ RunTime:0.0004s ]

[ 2018-05-02T22:01:30+08:00 ] ::1 /tp_GeneralEducation/index.php/Home/Teacher/index.html
INFO: [ app_init ] --START--
INFO: Run Behavior\BuildLiteBehavior [ RunTime:0.000022s ]
INFO: [ app_init ] --END-- [ RunTime:0.000109s ]
INFO: [ app_begin ] --START--
INFO: Run Behavior\ReadHtmlCacheBehavior [ RunTime:0.000928s ]
INFO: [ app_begin ] --END-- [ RunTime:0.001014s ]
SQL: SHOW COLUMNS FROM `ge_teacher` [ RunTime:0.0044s ]
SQL: SELECT * FROM `ge_teacher` WHERE `pk_teacher` = 5 LIMIT 1   [ RunTime:0.0004s ]
INFO: [ view_parse ] --START--
INFO: [ template_filter ] --START--
INFO: Run Behavior\ContentReplaceBehavior [ RunTime:0.000067s ]
INFO: [ template_filter ] --END-- [ RunTime:0.000164s ]
INFO: Run Behavior\ParseTemplateBehavior [ RunTime:0.016246s ]
INFO: [ view_parse ] --END-- [ RunTime:0.016342s ]
INFO: [ view_filter ] --START--
INFO: Run Behavior\WriteHtmlCacheBehavior [ RunTime:0.000740s ]
INFO: [ view_filter ] --END-- [ RunTime:0.000818s ]
INFO: [ app_end ] --START--
INFO: Run Behavior\ShowPageTraceBehavior [ RunTime:0.000989s ]
INFO: [ app_end ] --END-- [ RunTime:0.001069s ]
NOTIC: [8] A session had already been started - ignoring session_start() F:\xampp\htdocs\tp_GeneralEducation\index.php 第 28 行.

[ 2018-05-02T22:01:33+08:00 ] ::1 /tp_GeneralEducation/index.php/Home/Teacher/teacher_upload/
INFO: [ app_init ] --START--
INFO: Run Behavior\BuildLiteBehavior [ RunTime:0.000024s ]
INFO: [ app_init ] --END-- [ RunTime:0.000126s ]
INFO: [ app_begin ] --START--
INFO: Run Behavior\ReadHtmlCacheBehavior [ RunTime:0.000982s ]
INFO: [ app_begin ] --END-- [ RunTime:0.001066s ]
SQL: SHOW COLUMNS FROM `ge_teacher` [ RunTime:0.0043s ]
SQL: SELECT * FROM `ge_teacher` WHERE `pk_teacher` = 5 LIMIT 1   [ RunTime:0.0004s ]
SQL: SELECT * FROM `ge_teacher` WHERE `pk_teacher` = 5 LIMIT 1   [ RunTime:0.0003s ]
SQL: SHOW COLUMNS FROM `ge_sources` [ RunTime:0.0042s ]
SQL: SELECT COUNT(*) AS tp_count FROM `ge_sources` WHERE ( owner = '5' ) LIMIT 1   [ RunTime:0.0003s ]
SQL: SELECT `pk_sources`,`title`,`savename`,`owner`,`url`,`type`,`des`,`dr`,`ts` FROM `ge_sources` WHERE ( owner = '5' ) LIMIT 0,10   [ RunTime:0.0004s ]
INFO: [ view_parse ] --START--
INFO: [ template_filter ] --START--
INFO: Run Behavior\ContentReplaceBehavior [ RunTime:0.000092s ]
INFO: [ template_filter ] --END-- [ RunTime:0.000236s ]
INFO: Run Behavior\ParseTemplateBehavior [ RunTime:0.009612s ]
INFO: [ view_parse ] --END-- [ RunTime:0.009710s ]
INFO: [ view_filter ] --START--
INFO: Run Behavior\WriteHtmlCacheBehavior [ RunTime:0.000749s ]
INFO: [ view_filter ] --END-- [ RunTime:0.000839s ]
INFO: [ app_end ] --START--
INFO: Run Behavior\ShowPageTraceBehavior [ RunTime:0.000983s ]
INFO: [ app_end ] --END-- [ RunTime:0.001097s ]
NOTIC: [8] A session had already been started - ignoring session_start() F:\xampp\htdocs\tp_GeneralEducation\index.php 第 28 行.

[ 2018-05-02T22:15:58+08:00 ] ::1 /tp_GeneralEducation/index.php/Home/Teacher/teacher_homework/
INFO: [ app_init ] --START--
INFO: Run Behavior\BuildLiteBehavior [ RunTime:0.000025s ]
INFO: [ app_init ] --END-- [ RunTime:0.000127s ]
INFO: [ app_begin ] --START--
INFO: Run Behavior\ReadHtmlCacheBehavior [ RunTime:0.001175s ]
INFO: [ app_begin ] --END-- [ RunTime:0.001298s ]
INFO: [ view_parse ] --START--
INFO: [ template_filter ] --START--
INFO: Run Behavior\ContentReplaceBehavior [ RunTime:0.000061s ]
INFO: [ template_filter ] --END-- [ RunTime:0.000156s ]
NOTIC: [8] Undefined variable: username F:\xampp\htdocs\tp_GeneralEducation\Application\Runtime\Cache\Home\8527af4634ff600ac7a24ed83bc36de6.php 第 27 行.
INFO: Run Behavior\ParseTemplateBehavior [ RunTime:0.076788s ]
INFO: [ view_parse ] --END-- [ RunTime:0.076919s ]
INFO: [ view_filter ] --START--
INFO: Run Behavior\WriteHtmlCacheBehavior [ RunTime:0.001637s ]
INFO: [ view_filter ] --END-- [ RunTime:0.001766s ]
INFO: [ app_end ] --START--
INFO: Run Behavior\ShowPageTraceBehavior [ RunTime:0.001137s ]
INFO: [ app_end ] --END-- [ RunTime:0.001217s ]
NOTIC: [8] A session had already been started - ignoring session_start() F:\xampp\htdocs\tp_GeneralEducation\index.php 第 28 行.

[ 2018-05-02T22:15:59+08:00 ] ::1 /tp_GeneralEducation/index.php/Home/Teacher/teacher_course/
INFO: [ app_init ] --START--
INFO: Run Behavior\BuildLiteBehavior [ RunTime:0.000037s ]
INFO: [ app_init ] --END-- [ RunTime:0.000201s ]
INFO: [ app_begin ] --START--
INFO: Run Behavior\ReadHtmlCacheBehavior [ RunTime:0.001521s ]
INFO: [ app_begin ] --END-- [ RunTime:0.001696s ]
SQL: SHOW COLUMNS FROM `ge_teacher` [ RunTime:0.1022s ]
SQL: SELECT * FROM `ge_teacher` WHERE `pk_teacher` = 5 LIMIT 1   [ RunTime:0.0005s ]
SQL: SELECT * FROM `ge_teacher` WHERE `pk_teacher` = 5 LIMIT 1   [ RunTime:0.0004s ]
SQL: SHOW COLUMNS FROM `ge_teaching` [ RunTime:0.0293s ]
SQL: SELECT COUNT(*) AS tp_count FROM ge_teaching as a INNER JOIN ge_student as b INNER JOIN ge_course as c  WHERE ( a.course = c.pk_course and a.teacher = '5' and a.class=b.class ) LIMIT 1   [ RunTime:0.1129s ]
SQL: SELECT b.number number,b.name name,b.class class,c.name course FROM ge_teaching as a INNER JOIN ge_student as b INNER JOIN ge_course as c  WHERE ( a.course = c.pk_course and a.teacher = '5' and a.class=b.class ) LIMIT 0,10   [ RunTime:0.0006s ]
INFO: [ view_parse ] --START--
INFO: [ template_filter ] --START--
INFO: Run Behavior\ContentReplaceBehavior [ RunTime:0.000115s ]
INFO: [ template_filter ] --END-- [ RunTime:0.000270s ]
INFO: Run Behavior\ParseTemplateBehavior [ RunTime:0.011222s ]
INFO: [ view_parse ] --END-- [ RunTime:0.011361s ]
INFO: [ view_filter ] --START--
INFO: Run Behavior\WriteHtmlCacheBehavior [ RunTime:0.000783s ]
INFO: [ view_filter ] --END-- [ RunTime:0.000878s ]
INFO: [ app_end ] --START--
INFO: Run Behavior\ShowPageTraceBehavior [ RunTime:0.001565s ]
INFO: [ app_end ] --END-- [ RunTime:0.001731s ]
NOTIC: [8] A session had already been started - ignoring session_start() F:\xampp\htdocs\tp_GeneralEducation\index.php 第 28 行.

[ 2018-05-02T22:16:34+08:00 ] ::1 /tp_GeneralEducation/index.php/Home/Teacher/teacher_upload/
INFO: [ app_init ] --START--
INFO: Run Behavior\BuildLiteBehavior [ RunTime:0.000023s ]
INFO: [ app_init ] --END-- [ RunTime:0.000110s ]
INFO: [ app_begin ] --START--
INFO: Run Behavior\ReadHtmlCacheBehavior [ RunTime:0.000958s ]
INFO: [ app_begin ] --END-- [ RunTime:0.001051s ]
SQL: SHOW COLUMNS FROM `ge_teacher` [ RunTime:0.0673s ]
SQL: SELECT * FROM `ge_teacher` WHERE `pk_teacher` = 5 LIMIT 1   [ RunTime:0.0004s ]
SQL: SELECT * FROM `ge_teacher` WHERE `pk_teacher` = 5 LIMIT 1   [ RunTime:0.0003s ]
SQL: SHOW COLUMNS FROM `ge_sources` [ RunTime:0.0151s ]
SQL: SELECT COUNT(*) AS tp_count FROM `ge_sources` WHERE ( owner = '5' ) LIMIT 1   [ RunTime:0.0004s ]
SQL: SELECT `pk_sources`,`title`,`savename`,`owner`,`url`,`type`,`des`,`dr`,`ts` FROM `ge_sources` WHERE ( owner = '5' ) LIMIT 0,10   [ RunTime:0.0004s ]
INFO: [ view_parse ] --START--
INFO: [ template_filter ] --START--
INFO: Run Behavior\ContentReplaceBehavior [ RunTime:0.000070s ]
INFO: [ template_filter ] --END-- [ RunTime:0.000160s ]
INFO: Run Behavior\ParseTemplateBehavior [ RunTime:0.009409s ]
INFO: [ view_parse ] --END-- [ RunTime:0.009517s ]
INFO: [ view_filter ] --START--
INFO: Run Behavior\WriteHtmlCacheBehavior [ RunTime:0.000739s ]
INFO: [ view_filter ] --END-- [ RunTime:0.000831s ]
INFO: [ app_end ] --START--
INFO: Run Behavior\ShowPageTraceBehavior [ RunTime:0.000944s ]
INFO: [ app_end ] --END-- [ RunTime:0.001085s ]
NOTIC: [8] A session had already been started - ignoring session_start() F:\xampp\htdocs\tp_GeneralEducation\index.php 第 28 行.

[ 2018-05-02T22:55:06+08:00 ] ::1 /tp_GeneralEducation/index.php/Home/Teacher/teacher_upload/
INFO: [ app_init ] --START--
INFO: Run Behavior\BuildLiteBehavior [ RunTime:0.000022s ]
INFO: [ app_init ] --END-- [ RunTime:0.000117s ]
INFO: [ app_begin ] --START--
INFO: Run Behavior\ReadHtmlCacheBehavior [ RunTime:0.001214s ]
INFO: [ app_begin ] --END-- [ RunTime:0.001308s ]
ERR: syntax error, unexpected ';', expecting ')'

[ 2018-05-02T22:55:18+08:00 ] ::1 /tp_GeneralEducation/index.php/Home/Teacher/teacher_upload/
INFO: [ app_init ] --START--
INFO: Run Behavior\BuildLiteBehavior [ RunTime:0.000020s ]
INFO: [ app_init ] --END-- [ RunTime:0.000105s ]
INFO: [ app_begin ] --START--
INFO: Run Behavior\ReadHtmlCacheBehavior [ RunTime:0.000861s ]
INFO: [ app_begin ] --END-- [ RunTime:0.000958s ]
SQL: SHOW COLUMNS FROM `ge_teacher` [ RunTime:0.0644s ]
SQL: SELECT * FROM `ge_teacher` WHERE `pk_teacher` = 5 LIMIT 1   [ RunTime:0.0004s ]
SQL: SELECT * FROM `ge_teacher` WHERE `pk_teacher` = 5 LIMIT 1   [ RunTime:0.0003s ]
SQL: SHOW COLUMNS FROM `ge_sources` [ RunTime:0.0570s ]
SQL: SELECT COUNT(*) AS tp_count FROM `ge_sources` WHERE ( owner = '5' ) LIMIT 1   [ RunTime:0.0003s ]
SQL: SELECT `pk_sources`,`title`,`savename`,`course`,`owner`,`url`,`type`,`des`,`dr`,`ts` FROM `ge_sources` WHERE ( owner = '5' ) LIMIT 0,10   [ RunTime:0.0004s ]
INFO: [ view_parse ] --START--
INFO: [ template_filter ] --START--
INFO: Run Behavior\ContentReplaceBehavior [ RunTime:0.000069s ]
INFO: [ template_filter ] --END-- [ RunTime:0.000158s ]
INFO: Run Behavior\ParseTemplateBehavior [ RunTime:0.010360s ]
INFO: [ view_parse ] --END-- [ RunTime:0.010453s ]
INFO: [ view_filter ] --START--
INFO: Run Behavior\WriteHtmlCacheBehavior [ RunTime:0.001347s ]
INFO: [ view_filter ] --END-- [ RunTime:0.001454s ]
INFO: [ app_end ] --START--
INFO: Run Behavior\ShowPageTraceBehavior [ RunTime:0.001156s ]
INFO: [ app_end ] --END-- [ RunTime:0.001235s ]
NOTIC: [8] A session had already been started - ignoring session_start() F:\xampp\htdocs\tp_GeneralEducation\index.php 第 28 行.

[ 2018-05-02T22:55:44+08:00 ] ::1 /tp_GeneralEducation/index.php/Home/Teacher/upload
INFO: [ app_init ] --START--
INFO: Run Behavior\BuildLiteBehavior [ RunTime:0.000021s ]
INFO: [ app_init ] --END-- [ RunTime:0.000109s ]
INFO: [ app_begin ] --START--
INFO: Run Behavior\ReadHtmlCacheBehavior [ RunTime:0.000913s ]
INFO: [ app_begin ] --END-- [ RunTime:0.001001s ]
SQL: SHOW COLUMNS FROM `ge_teacher` [ RunTime:0.0038s ]
SQL: SELECT * FROM `ge_teacher` WHERE `pk_teacher` = 5 LIMIT 1   [ RunTime:0.0004s ]
NOTIC: [2] finfo_file(): Empty filename or path F:\xampp\htdocs\tp_GeneralEducation\ThinkPHP\Library\Think\Upload.class.php 第 152 行.
INFO: [ view_parse ] --START--
INFO: [ template_filter ] --START--
INFO: Run Behavior\ContentReplaceBehavior [ RunTime:0.000075s ]
INFO: [ template_filter ] --END-- [ RunTime:0.000226s ]
INFO: Run Behavior\ParseTemplateBehavior [ RunTime:0.009453s ]
INFO: [ view_parse ] --END-- [ RunTime:0.009554s ]
INFO: [ view_filter ] --START--
INFO: Run Behavior\WriteHtmlCacheBehavior [ RunTime:0.001071s ]
INFO: [ view_filter ] --END-- [ RunTime:0.001150s ]

[ 2018-05-02T22:56:00+08:00 ] ::1 /tp_GeneralEducation/index.php/Home/Teacher/upload
INFO: [ app_init ] --START--
INFO: Run Behavior\BuildLiteBehavior [ RunTime:0.000021s ]
INFO: [ app_init ] --END-- [ RunTime:0.000111s ]
INFO: [ app_begin ] --START--
INFO: Run Behavior\ReadHtmlCacheBehavior [ RunTime:0.001119s ]
INFO: [ app_begin ] --END-- [ RunTime:0.001206s ]
SQL: SHOW COLUMNS FROM `ge_teacher` [ RunTime:0.0039s ]
SQL: SELECT * FROM `ge_teacher` WHERE `pk_teacher` = 5 LIMIT 1   [ RunTime:0.0004s ]
NOTIC: [2] finfo_file(): Empty filename or path F:\xampp\htdocs\tp_GeneralEducation\ThinkPHP\Library\Think\Upload.class.php 第 152 行.
INFO: [ view_parse ] --START--
INFO: [ template_filter ] --START--
INFO: Run Behavior\ContentReplaceBehavior [ RunTime:0.000047s ]
INFO: [ template_filter ] --END-- [ RunTime:0.000141s ]
INFO: Run Behavior\ParseTemplateBehavior [ RunTime:0.010978s ]
INFO: [ view_parse ] --END-- [ RunTime:0.011078s ]
INFO: [ view_filter ] --START--
INFO: Run Behavior\WriteHtmlCacheBehavior [ RunTime:0.000821s ]
INFO: [ view_filter ] --END-- [ RunTime:0.000906s ]

[ 2018-05-02T22:56:16+08:00 ] ::1 /tp_GeneralEducation/index.php/Home/Teacher/upload
INFO: [ app_init ] --START--
INFO: Run Behavior\BuildLiteBehavior [ RunTime:0.000050s ]
INFO: [ app_init ] --END-- [ RunTime:0.000293s ]
INFO: [ app_begin ] --START--
INFO: Run Behavior\ReadHtmlCacheBehavior [ RunTime:0.000931s ]
INFO: [ app_begin ] --END-- [ RunTime:0.001019s ]
SQL: SHOW COLUMNS FROM `ge_teacher` [ RunTime:0.0810s ]
SQL: SELECT * FROM `ge_teacher` WHERE `pk_teacher` = 5 LIMIT 1   [ RunTime:0.0004s ]
INFO: [ view_parse ] --START--
INFO: [ template_filter ] --START--
INFO: Run Behavior\ContentReplaceBehavior [ RunTime:0.000051s ]
INFO: [ template_filter ] --END-- [ RunTime:0.000166s ]
INFO: Run Behavior\ParseTemplateBehavior [ RunTime:0.007275s ]
INFO: [ view_parse ] --END-- [ RunTime:0.007390s ]
INFO: [ view_filter ] --START--
INFO: Run Behavior\WriteHtmlCacheBehavior [ RunTime:0.000787s ]
INFO: [ view_filter ] --END-- [ RunTime:0.000870s ]

[ 2018-05-02T22:56:25+08:00 ] ::1 /tp_GeneralEducation/index.php/Home/Teacher/upload
INFO: [ app_init ] --START--
INFO: Run Behavior\BuildLiteBehavior [ RunTime:0.000034s ]
INFO: [ app_init ] --END-- [ RunTime:0.000210s ]
INFO: [ app_begin ] --START--
INFO: Run Behavior\ReadHtmlCacheBehavior [ RunTime:0.001890s ]
INFO: [ app_begin ] --END-- [ RunTime:0.002073s ]
SQL: SHOW COLUMNS FROM `ge_teacher` [ RunTime:0.0040s ]
SQL: SELECT * FROM `ge_teacher` WHERE `pk_teacher` = 5 LIMIT 1   [ RunTime:0.0004s ]
INFO: [ view_parse ] --START--
INFO: [ template_filter ] --START--
INFO: Run Behavior\ContentReplaceBehavior [ RunTime:0.000047s ]
INFO: [ template_filter ] --END-- [ RunTime:0.000149s ]
INFO: Run Behavior\ParseTemplateBehavior [ RunTime:0.006867s ]
INFO: [ view_parse ] --END-- [ RunTime:0.006980s ]
INFO: [ view_filter ] --START--
INFO: Run Behavior\WriteHtmlCacheBehavior [ RunTime:0.000849s ]
INFO: [ view_filter ] --END-- [ RunTime:0.000936s ]

[ 2018-05-02T22:58:00+08:00 ] ::1 /tp_GeneralEducation/index.php/Home/Teacher/upload
INFO: [ app_init ] --START--
INFO: Run Behavior\BuildLiteBehavior [ RunTime:0.000023s ]
INFO: [ app_init ] --END-- [ RunTime:0.000121s ]
INFO: [ app_begin ] --START--
INFO: Run Behavior\ReadHtmlCacheBehavior [ RunTime:0.000939s ]
INFO: [ app_begin ] --END-- [ RunTime:0.001023s ]
SQL: SHOW COLUMNS FROM `ge_teacher` [ RunTime:0.0040s ]
SQL: SELECT * FROM `ge_teacher` WHERE `pk_teacher` = 5 LIMIT 1   [ RunTime:0.0004s ]
NOTIC: [2] finfo_file(): Empty filename or path F:\xampp\htdocs\tp_GeneralEducation\ThinkPHP\Library\Think\Upload.class.php 第 152 行.
INFO: [ view_parse ] --START--
INFO: [ template_filter ] --START--
INFO: Run Behavior\ContentReplaceBehavior [ RunTime:0.000061s ]
INFO: [ template_filter ] --END-- [ RunTime:0.000177s ]
INFO: Run Behavior\ParseTemplateBehavior [ RunTime:0.008590s ]
INFO: [ view_parse ] --END-- [ RunTime:0.008684s ]
INFO: [ view_filter ] --START--
INFO: Run Behavior\WriteHtmlCacheBehavior [ RunTime:0.001109s ]
INFO: [ view_filter ] --END-- [ RunTime:0.001187s ]

[ 2018-05-02T22:58:10+08:00 ] ::1 /tp_GeneralEducation/index.php/Home/Teacher/upload
INFO: [ app_init ] --START--
INFO: Run Behavior\BuildLiteBehavior [ RunTime:0.000023s ]
INFO: [ app_init ] --END-- [ RunTime:0.000112s ]
INFO: [ app_begin ] --START--
INFO: Run Behavior\ReadHtmlCacheBehavior [ RunTime:0.001092s ]
INFO: [ app_begin ] --END-- [ RunTime:0.001178s ]
SQL: SHOW COLUMNS FROM `ge_teacher` [ RunTime:0.1198s ]
SQL: SELECT * FROM `ge_teacher` WHERE `pk_teacher` = 5 LIMIT 1   [ RunTime:0.0004s ]
INFO: [ view_parse ] --START--
INFO: [ template_filter ] --START--
INFO: Run Behavior\ContentReplaceBehavior [ RunTime:0.000048s ]
INFO: [ template_filter ] --END-- [ RunTime:0.000136s ]
INFO: Run Behavior\ParseTemplateBehavior [ RunTime:0.007773s ]
INFO: [ view_parse ] --END-- [ RunTime:0.007871s ]
INFO: [ view_filter ] --START--
INFO: Run Behavior\WriteHtmlCacheBehavior [ RunTime:0.000754s ]
INFO: [ view_filter ] --END-- [ RunTime:0.000832s ]

[ 2018-05-02T22:58:20+08:00 ] ::1 /tp_GeneralEducation/index.php/Home/Teacher/upload
INFO: [ app_init ] --START--
INFO: Run Behavior\BuildLiteBehavior [ RunTime:0.000021s ]
INFO: [ app_init ] --END-- [ RunTime:0.000107s ]
INFO: [ app_begin ] --START--
INFO: Run Behavior\ReadHtmlCacheBehavior [ RunTime:0.000903s ]
INFO: [ app_begin ] --END-- [ RunTime:0.000993s ]
SQL: SHOW COLUMNS FROM `ge_teacher` [ RunTime:0.0417s ]
SQL: SELECT * FROM `ge_teacher` WHERE `pk_teacher` = 5 LIMIT 1   [ RunTime:0.0004s ]
NOTIC: [2] finfo_file(): Empty filename or path F:\xampp\htdocs\tp_GeneralEducation\ThinkPHP\Library\Think\Upload.class.php 第 152 行.
INFO: [ view_parse ] --START--
INFO: [ template_filter ] --START--
INFO: Run Behavior\ContentReplaceBehavior [ RunTime:0.000057s ]
INFO: [ template_filter ] --END-- [ RunTime:0.000174s ]
INFO: Run Behavior\ParseTemplateBehavior [ RunTime:0.007227s ]
INFO: [ view_parse ] --END-- [ RunTime:0.007368s ]
INFO: [ view_filter ] --START--
INFO: Run Behavior\WriteHtmlCacheBehavior [ RunTime:0.001209s ]
INFO: [ view_filter ] --END-- [ RunTime:0.001356s ]

[ 2018-05-02T23:00:06+08:00 ] ::1 /tp_GeneralEducation/index.php/Home/Teacher/upload
INFO: [ app_init ] --START--
INFO: Run Behavior\BuildLiteBehavior [ RunTime:0.000024s ]
INFO: [ app_init ] --END-- [ RunTime:0.000135s ]
INFO: [ app_begin ] --START--
INFO: Run Behavior\ReadHtmlCacheBehavior [ RunTime:0.000943s ]
INFO: [ app_begin ] --END-- [ RunTime:0.001031s ]
SQL: SHOW COLUMNS FROM `ge_teacher` [ RunTime:0.0043s ]
SQL: SELECT * FROM `ge_teacher` WHERE `pk_teacher` = 5 LIMIT 1   [ RunTime:0.0004s ]
NOTIC: [2] finfo_file(): Empty filename or path F:\xampp\htdocs\tp_GeneralEducation\ThinkPHP\Library\Think\Upload.class.php 第 152 行.
INFO: [ view_parse ] --START--
INFO: [ template_filter ] --START--
INFO: Run Behavior\ContentReplaceBehavior [ RunTime:0.000046s ]
INFO: [ template_filter ] --END-- [ RunTime:0.000139s ]
INFO: Run Behavior\ParseTemplateBehavior [ RunTime:0.008243s ]
INFO: [ view_parse ] --END-- [ RunTime:0.008351s ]
INFO: [ view_filter ] --START--
INFO: Run Behavior\WriteHtmlCacheBehavior [ RunTime:0.001213s ]
INFO: [ view_filter ] --END-- [ RunTime:0.001316s ]

[ 2018-05-02T23:00:11+08:00 ] ::1 /tp_GeneralEducation/index.php/Home/Teacher/teacher_upload/
INFO: [ app_init ] --START--
INFO: Run Behavior\BuildLiteBehavior [ RunTime:0.000032s ]
INFO: [ app_init ] --END-- [ RunTime:0.000162s ]
INFO: [ app_begin ] --START--
INFO: Run Behavior\ReadHtmlCacheBehavior [ RunTime:0.003006s ]
INFO: [ app_begin ] --END-- [ RunTime:0.003249s ]
SQL: SHOW COLUMNS FROM `ge_teacher` [ RunTime:0.0089s ]
SQL: SELECT * FROM `ge_teacher` WHERE `pk_teacher` = 5 LIMIT 1   [ RunTime:0.0004s ]
SQL: SELECT * FROM `ge_teacher` WHERE `pk_teacher` = 5 LIMIT 1   [ RunTime:0.0003s ]
SQL: SHOW COLUMNS FROM `ge_sources` [ RunTime:0.0043s ]
SQL: SELECT COUNT(*) AS tp_count FROM `ge_sources` WHERE ( owner = '5' ) LIMIT 1   [ RunTime:0.0004s ]
SQL: SELECT `pk_sources`,`title`,`savename`,`course`,`owner`,`url`,`type`,`des`,`dr`,`ts` FROM `ge_sources` WHERE ( owner = '5' ) LIMIT 0,10   [ RunTime:0.0005s ]
INFO: [ view_parse ] --START--
INFO: [ template_filter ] --START--
INFO: Run Behavior\ContentReplaceBehavior [ RunTime:0.000078s ]
INFO: [ template_filter ] --END-- [ RunTime:0.000178s ]
INFO: Run Behavior\ParseTemplateBehavior [ RunTime:0.010999s ]
INFO: [ view_parse ] --END-- [ RunTime:0.011220s ]
INFO: [ view_filter ] --START--
INFO: Run Behavior\WriteHtmlCacheBehavior [ RunTime:0.000832s ]
INFO: [ view_filter ] --END-- [ RunTime:0.000914s ]
INFO: [ app_end ] --START--
INFO: Run Behavior\ShowPageTraceBehavior [ RunTime:0.002701s ]
INFO: [ app_end ] --END-- [ RunTime:0.003090s ]
NOTIC: [8] A session had already been started - ignoring session_start() F:\xampp\htdocs\tp_GeneralEducation\index.php 第 28 行.

[ 2018-05-02T23:00:18+08:00 ] ::1 /tp_GeneralEducation/index.php/Home/Teacher/upload
INFO: [ app_init ] --START--
INFO: Run Behavior\BuildLiteBehavior [ RunTime:0.000022s ]
INFO: [ app_init ] --END-- [ RunTime:0.000111s ]
INFO: [ app_begin ] --START--
INFO: Run Behavior\ReadHtmlCacheBehavior [ RunTime:0.000960s ]
INFO: [ app_begin ] --END-- [ RunTime:0.001049s ]
SQL: SHOW COLUMNS FROM `ge_teacher` [ RunTime:0.0214s ]
SQL: SELECT * FROM `ge_teacher` WHERE `pk_teacher` = 5 LIMIT 1   [ RunTime:0.0003s ]
NOTIC: [2] finfo_file(): Empty filename or path F:\xampp\htdocs\tp_GeneralEducation\ThinkPHP\Library\Think\Upload.class.php 第 152 行.
INFO: [ view_parse ] --START--
INFO: [ template_filter ] --START--
INFO: Run Behavior\ContentReplaceBehavior [ RunTime:0.000052s ]
INFO: [ template_filter ] --END-- [ RunTime:0.000157s ]
INFO: Run Behavior\ParseTemplateBehavior [ RunTime:0.007649s ]
INFO: [ view_parse ] --END-- [ RunTime:0.007753s ]
INFO: [ view_filter ] --START--
INFO: Run Behavior\WriteHtmlCacheBehavior [ RunTime:0.000817s ]
INFO: [ view_filter ] --END-- [ RunTime:0.000905s ]

[ 2018-05-02T23:01:07+08:00 ] ::1 /tp_GeneralEducation/index.php/Home/Teacher/upload
INFO: [ app_init ] --START--
INFO: Run Behavior\BuildLiteBehavior [ RunTime:0.000022s ]
INFO: [ app_init ] --END-- [ RunTime:0.000126s ]
INFO: [ app_begin ] --START--
INFO: Run Behavior\ReadHtmlCacheBehavior [ RunTime:0.001924s ]
INFO: [ app_begin ] --END-- [ RunTime:0.002142s ]
SQL: SHOW COLUMNS FROM `ge_teacher` [ RunTime:0.0095s ]
SQL: SELECT * FROM `ge_teacher` WHERE `pk_teacher` = 5 LIMIT 1   [ RunTime:0.0004s ]
NOTIC: [2] finfo_file(): Empty filename or path F:\xampp\htdocs\tp_GeneralEducation\ThinkPHP\Library\Think\Upload.class.php 第 152 行.
INFO: [ view_parse ] --START--
INFO: [ template_filter ] --START--
INFO: Run Behavior\ContentReplaceBehavior [ RunTime:0.000045s ]
INFO: [ template_filter ] --END-- [ RunTime:0.000134s ]
INFO: Run Behavior\ParseTemplateBehavior [ RunTime:0.006726s ]
INFO: [ view_parse ] --END-- [ RunTime:0.006834s ]
INFO: [ view_filter ] --START--
INFO: Run Behavior\WriteHtmlCacheBehavior [ RunTime:0.000770s ]
INFO: [ view_filter ] --END-- [ RunTime:0.000864s ]

[ 2018-05-02T23:01:13+08:00 ] ::1 /tp_GeneralEducation/index.php/Home/Teacher/teacher_course/
INFO: [ app_init ] --START--
INFO: Run Behavior\BuildLiteBehavior [ RunTime:0.000020s ]
INFO: [ app_init ] --END-- [ RunTime:0.000104s ]
INFO: [ app_begin ] --START--
INFO: Run Behavior\ReadHtmlCacheBehavior [ RunTime:0.000932s ]
INFO: [ app_begin ] --END-- [ RunTime:0.001019s ]
SQL: SHOW COLUMNS FROM `ge_teacher` [ RunTime:0.0180s ]
SQL: SELECT * FROM `ge_teacher` WHERE `pk_teacher` = 5 LIMIT 1   [ RunTime:0.0004s ]
SQL: SELECT * FROM `ge_teacher` WHERE `pk_teacher` = 5 LIMIT 1   [ RunTime:0.0003s ]
SQL: SHOW COLUMNS FROM `ge_teaching` [ RunTime:0.0040s ]
SQL: SELECT COUNT(*) AS tp_count FROM ge_teaching as a INNER JOIN ge_student as b INNER JOIN ge_course as c  WHERE ( a.course = c.pk_course and a.teacher = '5' and a.class=b.class ) LIMIT 1   [ RunTime:0.0005s ]
SQL: SELECT b.number number,b.name name,b.class class,c.name course FROM ge_teaching as a INNER JOIN ge_student as b INNER JOIN ge_course as c  WHERE ( a.course = c.pk_course and a.teacher = '5' and a.class=b.class ) LIMIT 0,10   [ RunTime:0.0005s ]
INFO: [ view_parse ] --START--
INFO: [ template_filter ] --START--
INFO: Run Behavior\ContentReplaceBehavior [ RunTime:0.000092s ]
INFO: [ template_filter ] --END-- [ RunTime:0.000189s ]
INFO: Run Behavior\ParseTemplateBehavior [ RunTime:0.008225s ]
INFO: [ view_parse ] --END-- [ RunTime:0.008334s ]
INFO: [ view_filter ] --START--
INFO: Run Behavior\WriteHtmlCacheBehavior [ RunTime:0.000739s ]
INFO: [ view_filter ] --END-- [ RunTime:0.000817s ]
INFO: [ app_end ] --START--
INFO: Run Behavior\ShowPageTraceBehavior [ RunTime:0.001193s ]
INFO: [ app_end ] --END-- [ RunTime:0.001328s ]
NOTIC: [8] A session had already been started - ignoring session_start() F:\xampp\htdocs\tp_GeneralEducation\index.php 第 28 行.

[ 2018-05-02T23:01:14+08:00 ] ::1 /tp_GeneralEducation/index.php/Home/Teacher/teacher_homework/
INFO: [ app_init ] --START--
INFO: Run Behavior\BuildLiteBehavior [ RunTime:0.000038s ]
INFO: [ app_init ] --END-- [ RunTime:0.000201s ]
INFO: [ app_begin ] --START--
INFO: Run Behavior\ReadHtmlCacheBehavior [ RunTime:0.001096s ]
INFO: [ app_begin ] --END-- [ RunTime:0.001233s ]
INFO: [ view_parse ] --START--
INFO: [ template_filter ] --START--
INFO: Run Behavior\ContentReplaceBehavior [ RunTime:0.000107s ]
INFO: [ template_filter ] --END-- [ RunTime:0.000281s ]
NOTIC: [8] Undefined variable: username F:\xampp\htdocs\tp_GeneralEducation\Application\Runtime\Cache\Home\8527af4634ff600ac7a24ed83bc36de6.php 第 27 行.
INFO: Run Behavior\ParseTemplateBehavior [ RunTime:0.010522s ]
INFO: [ view_parse ] --END-- [ RunTime:0.010648s ]
INFO: [ view_filter ] --START--
INFO: Run Behavior\WriteHtmlCacheBehavior [ RunTime:0.000755s ]
INFO: [ view_filter ] --END-- [ RunTime:0.000844s ]
INFO: [ app_end ] --START--
INFO: Run Behavior\ShowPageTraceBehavior [ RunTime:0.000952s ]
INFO: [ app_end ] --END-- [ RunTime:0.001042s ]
NOTIC: [8] A session had already been started - ignoring session_start() F:\xampp\htdocs\tp_GeneralEducation\index.php 第 28 行.

[ 2018-05-02T23:01:15+08:00 ] ::1 /tp_GeneralEducation/index.php/Home/Teacher/teacher_upload/
INFO: [ app_init ] --START--
INFO: Run Behavior\BuildLiteBehavior [ RunTime:0.000033s ]
INFO: [ app_init ] --END-- [ RunTime:0.000178s ]
INFO: [ app_begin ] --START--
INFO: Run Behavior\ReadHtmlCacheBehavior [ RunTime:0.001589s ]
INFO: [ app_begin ] --END-- [ RunTime:0.001699s ]
SQL: SHOW COLUMNS FROM `ge_teacher` [ RunTime:0.0047s ]
SQL: SELECT * FROM `ge_teacher` WHERE `pk_teacher` = 5 LIMIT 1   [ RunTime:0.0004s ]
SQL: SELECT * FROM `ge_teacher` WHERE `pk_teacher` = 5 LIMIT 1   [ RunTime:0.0003s ]
SQL: SHOW COLUMNS FROM `ge_sources` [ RunTime:0.0041s ]
SQL: SELECT COUNT(*) AS tp_count FROM `ge_sources` WHERE ( owner = '5' ) LIMIT 1   [ RunTime:0.0004s ]
SQL: SELECT `pk_sources`,`title`,`savename`,`course`,`owner`,`url`,`type`,`des`,`dr`,`ts` FROM `ge_sources` WHERE ( owner = '5' ) LIMIT 0,10   [ RunTime:0.0004s ]
INFO: [ view_parse ] --START--
INFO: [ template_filter ] --START--
INFO: Run Behavior\ContentReplaceBehavior [ RunTime:0.000078s ]
INFO: [ template_filter ] --END-- [ RunTime:0.000181s ]
INFO: Run Behavior\ParseTemplateBehavior [ RunTime:0.009585s ]
INFO: [ view_parse ] --END-- [ RunTime:0.009680s ]
INFO: [ view_filter ] --START--
INFO: Run Behavior\WriteHtmlCacheBehavior [ RunTime:0.000774s ]
INFO: [ view_filter ] --END-- [ RunTime:0.000854s ]
INFO: [ app_end ] --START--
INFO: Run Behavior\ShowPageTraceBehavior [ RunTime:0.000967s ]
INFO: [ app_end ] --END-- [ RunTime:0.001046s ]
NOTIC: [8] A session had already been started - ignoring session_start() F:\xampp\htdocs\tp_GeneralEducation\index.php 第 28 行.

[ 2018-05-02T23:01:23+08:00 ] ::1 /tp_GeneralEducation/index.php/Home/Teacher/upload
INFO: [ app_init ] --START--
INFO: Run Behavior\BuildLiteBehavior [ RunTime:0.000038s ]
INFO: [ app_init ] --END-- [ RunTime:0.000217s ]
INFO: [ app_begin ] --START--
INFO: Run Behavior\ReadHtmlCacheBehavior [ RunTime:0.000958s ]
INFO: [ app_begin ] --END-- [ RunTime:0.001063s ]
SQL: SHOW COLUMNS FROM `ge_teacher` [ RunTime:0.0079s ]
SQL: SELECT * FROM `ge_teacher` WHERE `pk_teacher` = 5 LIMIT 1   [ RunTime:0.0003s ]
NOTIC: [2] finfo_file(): Empty filename or path F:\xampp\htdocs\tp_GeneralEducation\ThinkPHP\Library\Think\Upload.class.php 第 152 行.
INFO: [ view_parse ] --START--
INFO: [ template_filter ] --START--
INFO: Run Behavior\ContentReplaceBehavior [ RunTime:0.000058s ]
INFO: [ template_filter ] --END-- [ RunTime:0.000196s ]
INFO: Run Behavior\ParseTemplateBehavior [ RunTime:0.008218s ]
INFO: [ view_parse ] --END-- [ RunTime:0.008360s ]
INFO: [ view_filter ] --START--
INFO: Run Behavior\WriteHtmlCacheBehavior [ RunTime:0.000935s ]
INFO: [ view_filter ] --END-- [ RunTime:0.001055s ]

[ 2018-05-02T23:01:40+08:00 ] ::1 /tp_GeneralEducation/index.php/Home/Teacher/teacher_upload/
INFO: [ app_init ] --START--
INFO: Run Behavior\BuildLiteBehavior [ RunTime:0.000025s ]
INFO: [ app_init ] --END-- [ RunTime:0.000138s ]
INFO: [ app_begin ] --START--
INFO: Run Behavior\ReadHtmlCacheBehavior [ RunTime:0.001240s ]
INFO: [ app_begin ] --END-- [ RunTime:0.001339s ]
SQL: SHOW COLUMNS FROM `ge_teacher` [ RunTime:0.1210s ]
SQL: SELECT * FROM `ge_teacher` WHERE `pk_teacher` = 5 LIMIT 1   [ RunTime:0.0005s ]
SQL: SELECT * FROM `ge_teacher` WHERE `pk_teacher` = 5 LIMIT 1   [ RunTime:0.0003s ]
SQL: SHOW COLUMNS FROM `ge_sources` [ RunTime:0.0601s ]
SQL: SELECT COUNT(*) AS tp_count FROM `ge_sources` WHERE ( owner = '5' ) LIMIT 1   [ RunTime:0.0004s ]
SQL: SELECT `pk_sources`,`title`,`savename`,`course`,`owner`,`url`,`type`,`des`,`dr`,`ts` FROM `ge_sources` WHERE ( owner = '5' ) LIMIT 0,10   [ RunTime:0.0004s ]
INFO: [ view_parse ] --START--
INFO: [ template_filter ] --START--
INFO: Run Behavior\ContentReplaceBehavior [ RunTime:0.000075s ]
INFO: [ template_filter ] --END-- [ RunTime:0.000201s ]
INFO: Run Behavior\ParseTemplateBehavior [ RunTime:0.013454s ]
INFO: [ view_parse ] --END-- [ RunTime:0.013554s ]
INFO: [ view_filter ] --START--
INFO: Run Behavior\WriteHtmlCacheBehavior [ RunTime:0.001008s ]
INFO: [ view_filter ] --END-- [ RunTime:0.001087s ]
INFO: [ app_end ] --START--
INFO: Run Behavior\ShowPageTraceBehavior [ RunTime:0.001268s ]
INFO: [ app_end ] --END-- [ RunTime:0.001370s ]
NOTIC: [8] A session had already been started - ignoring session_start() F:\xampp\htdocs\tp_GeneralEducation\index.php 第 28 行.

[ 2018-05-02T23:01:53+08:00 ] ::1 /tp_GeneralEducation/index.php/Home/Teacher/upload
INFO: [ app_init ] --START--
INFO: Run Behavior\BuildLiteBehavior [ RunTime:0.000022s ]
INFO: [ app_init ] --END-- [ RunTime:0.000111s ]
INFO: [ app_begin ] --START--
INFO: Run Behavior\ReadHtmlCacheBehavior [ RunTime:0.001058s ]
INFO: [ app_begin ] --END-- [ RunTime:0.001167s ]
SQL: SHOW COLUMNS FROM `ge_teacher` [ RunTime:0.0513s ]
SQL: SELECT * FROM `ge_teacher` WHERE `pk_teacher` = 5 LIMIT 1   [ RunTime:0.0004s ]
NOTIC: [2] call_user_func() expects parameter 1 to be a valid callback, no array or string given F:\xampp\htdocs\tp_GeneralEducation\ThinkPHP\Library\Think\Upload.class.php 第 170 行.
SQL: SHOW COLUMNS FROM `ge_sources` [ RunTime:0.1176s ]
SQL: INSERT INTO `ge_sources` (`title`,`savename`,`owner`,`url`,`type`,`course`) VALUES ('网络工程设计CH1.ppt','5ae9d2e0ea912.ppt','5','Data/','data','1') [ RunTime:0.0803s ]
INFO: [ view_parse ] --START--
INFO: [ template_filter ] --START--
INFO: Run Behavior\ContentReplaceBehavior [ RunTime:0.000046s ]
INFO: [ template_filter ] --END-- [ RunTime:0.000133s ]
INFO: Run Behavior\ParseTemplateBehavior [ RunTime:0.008575s ]
INFO: [ view_parse ] --END-- [ RunTime:0.008684s ]
INFO: [ view_filter ] --START--
INFO: Run Behavior\WriteHtmlCacheBehavior [ RunTime:0.001125s ]
INFO: [ view_filter ] --END-- [ RunTime:0.001218s ]
INFO: [ app_end ] --START--
INFO: Run Behavior\ShowPageTraceBehavior [ RunTime:0.001130s ]
INFO: [ app_end ] --END-- [ RunTime:0.001210s ]
NOTIC: [8] A session had already been started - ignoring session_start() F:\xampp\htdocs\tp_GeneralEducation\index.php 第 28 行.

[ 2018-05-02T23:01:54+08:00 ] ::1 /tp_GeneralEducation/index.php/Home/Teacher/teacher_upload.html
INFO: [ app_init ] --START--
INFO: Run Behavior\BuildLiteBehavior [ RunTime:0.000025s ]
INFO: [ app_init ] --END-- [ RunTime:0.000171s ]
INFO: [ app_begin ] --START--
INFO: Run Behavior\ReadHtmlCacheBehavior [ RunTime:0.001119s ]
INFO: [ app_begin ] --END-- [ RunTime:0.001212s ]
SQL: SHOW COLUMNS FROM `ge_teacher` [ RunTime:0.0650s ]
SQL: SELECT * FROM `ge_teacher` WHERE `pk_teacher` = 5 LIMIT 1   [ RunTime:0.0004s ]
SQL: SELECT * FROM `ge_teacher` WHERE `pk_teacher` = 5 LIMIT 1   [ RunTime:0.0003s ]
SQL: SHOW COLUMNS FROM `ge_sources` [ RunTime:0.0283s ]
SQL: SELECT COUNT(*) AS tp_count FROM `ge_sources` WHERE ( owner = '5' ) LIMIT 1   [ RunTime:0.0003s ]
SQL: SELECT `pk_sources`,`title`,`savename`,`course`,`owner`,`url`,`type`,`des`,`dr`,`ts` FROM `ge_sources` WHERE ( owner = '5' ) LIMIT 0,10   [ RunTime:0.0004s ]
INFO: [ view_parse ] --START--
INFO: [ template_filter ] --START--
INFO: Run Behavior\ContentReplaceBehavior [ RunTime:0.000108s ]
INFO: [ template_filter ] --END-- [ RunTime:0.000259s ]
INFO: Run Behavior\ParseTemplateBehavior [ RunTime:0.010766s ]
INFO: [ view_parse ] --END-- [ RunTime:0.010899s ]
INFO: [ view_filter ] --START--
INFO: Run Behavior\WriteHtmlCacheBehavior [ RunTime:0.000811s ]
INFO: [ view_filter ] --END-- [ RunTime:0.000924s ]
INFO: [ app_end ] --START--
INFO: Run Behavior\ShowPageTraceBehavior [ RunTime:0.001018s ]
INFO: [ app_end ] --END-- [ RunTime:0.001114s ]
NOTIC: [8] A session had already been started - ignoring session_start() F:\xampp\htdocs\tp_GeneralEducation\index.php 第 28 行.

[ 2018-05-02T23:02:07+08:00 ] ::1 /tp_GeneralEducation/index.php/Home/Teacher/upload
INFO: [ app_init ] --START--
INFO: Run Behavior\BuildLiteBehavior [ RunTime:0.000032s ]
INFO: [ app_init ] --END-- [ RunTime:0.000177s ]
INFO: [ app_begin ] --START--
INFO: Run Behavior\ReadHtmlCacheBehavior [ RunTime:0.000969s ]
INFO: [ app_begin ] --END-- [ RunTime:0.001059s ]
SQL: SHOW COLUMNS FROM `ge_teacher` [ RunTime:0.0043s ]
SQL: SELECT * FROM `ge_teacher` WHERE `pk_teacher` = 5 LIMIT 1   [ RunTime:0.0004s ]
NOTIC: [2] call_user_func() expects parameter 1 to be a valid callback, no array or string given F:\xampp\htdocs\tp_GeneralEducation\ThinkPHP\Library\Think\Upload.class.php 第 170 行.
SQL: SHOW COLUMNS FROM `ge_sources` [ RunTime:0.0041s ]
SQL: INSERT INTO `ge_sources` (`title`,`savename`,`owner`,`url`,`type`,`course`) VALUES ('大学信息技术基础（第4版）第1章 信息、信息技术与计算科学.ppt','5ae9d2ef3a830.ppt','5','Data/','data','3') [ RunTime:0.1169s ]
INFO: [ view_parse ] --START--
INFO: [ template_filter ] --START--
INFO: Run Behavior\ContentReplaceBehavior [ RunTime:0.000046s ]
INFO: [ template_filter ] --END-- [ RunTime:0.000134s ]
INFO: Run Behavior\ParseTemplateBehavior [ RunTime:0.007705s ]
INFO: [ view_parse ] --END-- [ RunTime:0.007820s ]
INFO: [ view_filter ] --START--
INFO: Run Behavior\WriteHtmlCacheBehavior [ RunTime:0.000836s ]
INFO: [ view_filter ] --END-- [ RunTime:0.000933s ]
INFO: [ app_end ] --START--
INFO: Run Behavior\ShowPageTraceBehavior [ RunTime:0.000970s ]
INFO: [ app_end ] --END-- [ RunTime:0.001051s ]
NOTIC: [8] A session had already been started - ignoring session_start() F:\xampp\htdocs\tp_GeneralEducation\index.php 第 28 行.

[ 2018-05-02T23:02:08+08:00 ] ::1 /tp_GeneralEducation/index.php/Home/Teacher/teacher_upload.html
INFO: [ app_init ] --START--
INFO: Run Behavior\BuildLiteBehavior [ RunTime:0.000023s ]
INFO: [ app_init ] --END-- [ RunTime:0.000131s ]
INFO: [ app_begin ] --START--
INFO: Run Behavior\ReadHtmlCacheBehavior [ RunTime:0.000992s ]
INFO: [ app_begin ] --END-- [ RunTime:0.001088s ]
SQL: SHOW COLUMNS FROM `ge_teacher` [ RunTime:0.0075s ]
SQL: SELECT * FROM `ge_teacher` WHERE `pk_teacher` = 5 LIMIT 1   [ RunTime:0.0004s ]
SQL: SELECT * FROM `ge_teacher` WHERE `pk_teacher` = 5 LIMIT 1   [ RunTime:0.0003s ]
SQL: SHOW COLUMNS FROM `ge_sources` [ RunTime:0.0042s ]
SQL: SELECT COUNT(*) AS tp_count FROM `ge_sources` WHERE ( owner = '5' ) LIMIT 1   [ RunTime:0.0004s ]
SQL: SELECT `pk_sources`,`title`,`savename`,`course`,`owner`,`url`,`type`,`des`,`dr`,`ts` FROM `ge_sources` WHERE ( owner = '5' ) LIMIT 0,10   [ RunTime:0.0005s ]
INFO: [ view_parse ] --START--
INFO: [ template_filter ] --START--
INFO: Run Behavior\ContentReplaceBehavior [ RunTime:0.000089s ]
INFO: [ template_filter ] --END-- [ RunTime:0.000205s ]
INFO: Run Behavior\ParseTemplateBehavior [ RunTime:0.008472s ]
INFO: [ view_parse ] --END-- [ RunTime:0.008579s ]
INFO: [ view_filter ] --START--
INFO: Run Behavior\WriteHtmlCacheBehavior [ RunTime:0.000702s ]
INFO: [ view_filter ] --END-- [ RunTime:0.000796s ]
INFO: [ app_end ] --START--
INFO: Run Behavior\ShowPageTraceBehavior [ RunTime:0.001046s ]
INFO: [ app_end ] --END-- [ RunTime:0.001153s ]
NOTIC: [8] A session had already been started - ignoring session_start() F:\xampp\htdocs\tp_GeneralEducation\index.php 第 28 行.

[ 2018-05-02T23:07:21+08:00 ] ::1 /tp_GeneralEducation/index.php/Home/Index/loginout/
INFO: [ app_init ] --START--
INFO: Run Behavior\BuildLiteBehavior [ RunTime:0.000024s ]
INFO: [ app_init ] --END-- [ RunTime:0.000128s ]
INFO: [ app_begin ] --START--
INFO: Run Behavior\ReadHtmlCacheBehavior [ RunTime:0.001179s ]
INFO: [ app_begin ] --END-- [ RunTime:0.001265s ]
INFO: [ view_parse ] --START--
INFO: [ template_filter ] --START--
INFO: Run Behavior\ContentReplaceBehavior [ RunTime:0.000047s ]
INFO: [ template_filter ] --END-- [ RunTime:0.000140s ]
INFO: Run Behavior\ParseTemplateBehavior [ RunTime:0.008941s ]
INFO: [ view_parse ] --END-- [ RunTime:0.009070s ]
INFO: [ view_filter ] --START--
INFO: Run Behavior\WriteHtmlCacheBehavior [ RunTime:0.000952s ]
INFO: [ view_filter ] --END-- [ RunTime:0.001060s ]
INFO: [ app_end ] --START--
INFO: Run Behavior\ShowPageTraceBehavior [ RunTime:0.001238s ]
INFO: [ app_end ] --END-- [ RunTime:0.001322s ]
NOTIC: [8] A session had already been started - ignoring session_start() F:\xampp\htdocs\tp_GeneralEducation\index.php 第 28 行.

[ 2018-05-02T23:07:22+08:00 ] ::1 /tp_GeneralEducation/index.php/Home/Index/index.html
INFO: [ app_init ] --START--
INFO: Run Behavior\BuildLiteBehavior [ RunTime:0.000019s ]
INFO: [ app_init ] --END-- [ RunTime:0.000112s ]
INFO: [ app_begin ] --START--
INFO: Run Behavior\ReadHtmlCacheBehavior [ RunTime:0.000904s ]
INFO: [ app_begin ] --END-- [ RunTime:0.000989s ]
SQL: SHOW COLUMNS FROM `ge_sources` [ RunTime:0.0045s ]
SQL: SELECT COUNT(*) AS tp_count FROM `ge_sources` WHERE ( pk_sources>0 and type='intro' ) LIMIT 1   [ RunTime:0.0005s ]
SQL: SELECT `pk_sources`,`title`,`savename`,`course`,`owner`,`url`,`type`,`des`,`dr`,`ts` FROM `ge_sources` WHERE ( pk_sources>0 and type='intro' ) ORDER BY pk_sources LIMIT 0,1   [ RunTime:0.0004s ]
SQL: SELECT COUNT(*) AS tp_count FROM `ge_sources` WHERE ( pk_sources>0 and type='anno' ) LIMIT 1   [ RunTime:0.0003s ]
SQL: SELECT `pk_sources`,`title`,`savename`,`course`,`owner`,`url`,`type`,`des`,`dr`,`ts` FROM `ge_sources` WHERE ( pk_sources>0 and type='anno' ) ORDER BY pk_sources LIMIT 0,1   [ RunTime:0.0004s ]
SQL: SELECT COUNT(*) AS tp_count FROM `ge_sources` WHERE ( pk_sources>0 and type='data' and owner='0' ) LIMIT 1   [ RunTime:0.0003s ]
SQL: SELECT `pk_sources`,`title`,`savename`,`course`,`owner`,`url`,`type`,`des`,`dr`,`ts` FROM `ge_sources` WHERE ( pk_sources>0 and type='data' and owner='0' ) ORDER BY pk_sources LIMIT 0,1   [ RunTime:0.0004s ]
INFO: [ view_parse ] --START--
INFO: [ template_filter ] --START--
INFO: Run Behavior\ContentReplaceBehavior [ RunTime:0.000059s ]
INFO: [ template_filter ] --END-- [ RunTime:0.000147s ]
NOTIC: [8] A session had already been started - ignoring session_start() F:\xampp\htdocs\tp_GeneralEducation\Application\Runtime\Cache\Home\2a94b8bda04ff446dcedd42276fc99ee.php 第 1 行.
NOTIC: [2] include(conn.php): failed to open stream: No such file or directory F:\xampp\htdocs\tp_GeneralEducation\Application\Runtime\Cache\Home\2a94b8bda04ff446dcedd42276fc99ee.php 第 1 行.
NOTIC: [2] include(): Failed opening 'conn.php' for inclusion (include_path='F:\xampp\php\PEAR') F:\xampp\htdocs\tp_GeneralEducation\Application\Runtime\Cache\Home\2a94b8bda04ff446dcedd42276fc99ee.php 第 1 行.
INFO: Run Behavior\ParseTemplateBehavior [ RunTime:0.011189s ]
INFO: [ view_parse ] --END-- [ RunTime:0.011287s ]
INFO: [ view_filter ] --START--
INFO: Run Behavior\WriteHtmlCacheBehavior [ RunTime:0.000782s ]
INFO: [ view_filter ] --END-- [ RunTime:0.000864s ]
INFO: [ app_end ] --START--
INFO: Run Behavior\ShowPageTraceBehavior [ RunTime:0.000903s ]
INFO: [ app_end ] --END-- [ RunTime:0.000983s ]
NOTIC: [8] A session had already been started - ignoring session_start() F:\xampp\htdocs\tp_GeneralEducation\index.php 第 28 行.

[ 2018-05-02T23:07:26+08:00 ] ::1 /tp_GeneralEducation/index.php/Home/Index/login/
INFO: [ app_init ] --START--
INFO: Run Behavior\BuildLiteBehavior [ RunTime:0.000028s ]
INFO: [ app_init ] --END-- [ RunTime:0.000213s ]
INFO: [ app_begin ] --START--
INFO: Run Behavior\ReadHtmlCacheBehavior [ RunTime:0.001451s ]
INFO: [ app_begin ] --END-- [ RunTime:0.001562s ]
INFO: [ view_parse ] --START--
INFO: [ template_filter ] --START--
INFO: Run Behavior\ContentReplaceBehavior [ RunTime:0.000061s ]
INFO: [ template_filter ] --END-- [ RunTime:0.000181s ]
INFO: Run Behavior\ParseTemplateBehavior [ RunTime:0.006650s ]
INFO: [ view_parse ] --END-- [ RunTime:0.006778s ]
INFO: [ view_filter ] --START--
INFO: Run Behavior\WriteHtmlCacheBehavior [ RunTime:0.000770s ]
INFO: [ view_filter ] --END-- [ RunTime:0.000857s ]
INFO: [ app_end ] --START--
INFO: Run Behavior\ShowPageTraceBehavior [ RunTime:0.003633s ]
INFO: [ app_end ] --END-- [ RunTime:0.003826s ]
NOTIC: [8] A session had already been started - ignoring session_start() F:\xampp\htdocs\tp_GeneralEducation\index.php 第 28 行.

[ 2018-05-02T23:07:26+08:00 ] ::1 /tp_GeneralEducation/index.php/Home/Index/login/common/jquery.js
INFO: [ app_init ] --START--
INFO: Run Behavior\BuildLiteBehavior [ RunTime:0.000023s ]
INFO: [ app_init ] --END-- [ RunTime:0.000124s ]
INFO: [ app_begin ] --START--
INFO: Run Behavior\ReadHtmlCacheBehavior [ RunTime:0.001645s ]
INFO: [ app_begin ] --END-- [ RunTime:0.001769s ]
INFO: [ view_parse ] --START--
INFO: [ template_filter ] --START--
INFO: Run Behavior\ContentReplaceBehavior [ RunTime:0.000200s ]
INFO: [ template_filter ] --END-- [ RunTime:0.000625s ]
INFO: Run Behavior\ParseTemplateBehavior [ RunTime:0.009626s ]
INFO: [ view_parse ] --END-- [ RunTime:0.009751s ]
INFO: [ view_filter ] --START--
INFO: Run Behavior\WriteHtmlCacheBehavior [ RunTime:0.000787s ]
INFO: [ view_filter ] --END-- [ RunTime:0.000904s ]
INFO: [ app_end ] --START--
INFO: Run Behavior\ShowPageTraceBehavior [ RunTime:0.001766s ]
INFO: [ app_end ] --END-- [ RunTime:0.001938s ]
NOTIC: [8] A session had already been started - ignoring session_start() F:\xampp\htdocs\tp_GeneralEducation\index.php 第 28 行.

[ 2018-05-02T23:07:31+08:00 ] ::1 /tp_GeneralEducation/index.php/Home/Index/login_post/
INFO: [ app_init ] --START--
INFO: Run Behavior\BuildLiteBehavior [ RunTime:0.000021s ]
INFO: [ app_init ] --END-- [ RunTime:0.000112s ]
INFO: [ app_begin ] --START--
INFO: Run Behavior\ReadHtmlCacheBehavior [ RunTime:0.000944s ]
INFO: [ app_begin ] --END-- [ RunTime:0.001031s ]
SQL: SHOW COLUMNS FROM `ge_student` [ RunTime:0.0118s ]
SQL: SELECT * FROM `ge_student` WHERE ( number='1611112017' and password='888888' )  [ RunTime:0.0005s ]
SQL: SHOW COLUMNS FROM `ge_teacher` [ RunTime:0.0040s ]
SQL: SELECT * FROM `ge_teacher` WHERE ( number='1611112017' and password='888888' )  [ RunTime:0.0004s ]
SQL: SHOW COLUMNS FROM `ge_admin` [ RunTime:0.0368s ]
SQL: SELECT * FROM `ge_admin` WHERE ( name='1611112017' and password='888888' )  [ RunTime:0.0003s ]

[ 2018-05-02T23:07:32+08:00 ] ::1 /tp_GeneralEducation/index.php/Home/Student/index.html
INFO: [ app_init ] --START--
INFO: Run Behavior\BuildLiteBehavior [ RunTime:0.000037s ]
INFO: [ app_init ] --END-- [ RunTime:0.000156s ]
INFO: [ app_begin ] --START--
INFO: Run Behavior\ReadHtmlCacheBehavior [ RunTime:0.001033s ]
INFO: [ app_begin ] --END-- [ RunTime:0.001134s ]
SQL: SHOW COLUMNS FROM `ge_student` [ RunTime:0.0043s ]
SQL: SELECT * FROM `ge_student` WHERE `pk_student` = 1 LIMIT 1   [ RunTime:0.0004s ]
INFO: [ view_parse ] --START--
INFO: [ template_filter ] --START--
INFO: Run Behavior\ContentReplaceBehavior [ RunTime:0.000078s ]
INFO: [ template_filter ] --END-- [ RunTime:0.000203s ]
INFO: Run Behavior\ParseTemplateBehavior [ RunTime:0.037533s ]
INFO: [ view_parse ] --END-- [ RunTime:0.037677s ]
INFO: [ view_filter ] --START--
INFO: Run Behavior\WriteHtmlCacheBehavior [ RunTime:0.001324s ]
INFO: [ view_filter ] --END-- [ RunTime:0.001429s ]
INFO: [ app_end ] --START--
INFO: Run Behavior\ShowPageTraceBehavior [ RunTime:0.001077s ]
INFO: [ app_end ] --END-- [ RunTime:0.001158s ]
NOTIC: [8] A session had already been started - ignoring session_start() F:\xampp\htdocs\tp_GeneralEducation\index.php 第 28 行.

[ 2018-05-02T23:07:33+08:00 ] ::1 /tp_GeneralEducation/index.php/Home/Student/student_download/
INFO: [ app_init ] --START--
INFO: Run Behavior\BuildLiteBehavior [ RunTime:0.000034s ]
INFO: [ app_init ] --END-- [ RunTime:0.000186s ]
INFO: [ app_begin ] --START--
INFO: Run Behavior\ReadHtmlCacheBehavior [ RunTime:0.001085s ]
INFO: [ app_begin ] --END-- [ RunTime:0.001238s ]
SQL: SHOW COLUMNS FROM `ge_student` [ RunTime:0.0060s ]
SQL: SELECT * FROM `ge_student` WHERE `pk_student` = 1 LIMIT 1   [ RunTime:0.0004s ]
SQL: SELECT * FROM `ge_student` WHERE `pk_student` = 1 LIMIT 1   [ RunTime:0.0003s ]
SQL: SHOW COLUMNS FROM `ge_sources` [ RunTime:0.0043s ]
SQL: SELECT COUNT(*) AS tp_count FROM ge_sources as a INNER JOIN ge_student as b INNER JOIN ge_teaching as c  WHERE ( b.class=c.class and c.teacher=a.owner and b.pk_student = '1' ) LIMIT 1   [ RunTime:0.0004s ]
SQL: SELECT a.url url,a.savename savename,a.title title FROM ge_sources as a INNER JOIN ge_student as b INNER JOIN ge_teaching as c  WHERE ( b.class=c.class and c.teacher=a.owner and b.pk_student = '1' ) LIMIT 0,10   [ RunTime:0.0004s ]
INFO: [ view_parse ] --START--
INFO: [ template_filter ] --START--
INFO: Run Behavior\ContentReplaceBehavior [ RunTime:0.000069s ]
INFO: [ template_filter ] --END-- [ RunTime:0.000170s ]
INFO: Run Behavior\ParseTemplateBehavior [ RunTime:0.011428s ]
INFO: [ view_parse ] --END-- [ RunTime:0.011556s ]
INFO: [ view_filter ] --START--
INFO: Run Behavior\WriteHtmlCacheBehavior [ RunTime:0.000768s ]
INFO: [ view_filter ] --END-- [ RunTime:0.000852s ]
INFO: [ app_end ] --START--
INFO: Run Behavior\ShowPageTraceBehavior [ RunTime:0.000964s ]
INFO: [ app_end ] --END-- [ RunTime:0.001044s ]
NOTIC: [8] A session had already been started - ignoring session_start() F:\xampp\htdocs\tp_GeneralEducation\index.php 第 28 行.

[ 2018-05-02T23:08:03+08:00 ] ::1 /tp_GeneralEducation/index.php/Home/Student/student_download/
INFO: [ app_init ] --START--
INFO: Run Behavior\BuildLiteBehavior [ RunTime:0.000021s ]
INFO: [ app_init ] --END-- [ RunTime:0.000109s ]
INFO: [ app_begin ] --START--
INFO: Run Behavior\ReadHtmlCacheBehavior [ RunTime:0.000925s ]
INFO: [ app_begin ] --END-- [ RunTime:0.001011s ]
SQL: SHOW COLUMNS FROM `ge_student` [ RunTime:0.0055s ]
SQL: SELECT * FROM `ge_student` WHERE `pk_student` = 1 LIMIT 1   [ RunTime:0.0004s ]
SQL: SELECT * FROM `ge_student` WHERE `pk_student` = 1 LIMIT 1   [ RunTime:0.0003s ]
SQL: SHOW COLUMNS FROM `ge_sources` [ RunTime:0.0044s ]
SQL: SELECT COUNT(*) AS tp_count FROM ge_sources as a INNER JOIN ge_student as b INNER JOIN ge_teaching as c  WHERE ( b.class=c.class and c.teacher=a.owner and b.pk_student = '1' and c.course = a.course ) LIMIT 1   [ RunTime:0.0005s ]
SQL: SELECT a.url url,a.savename savename,a.title title FROM ge_sources as a INNER JOIN ge_student as b INNER JOIN ge_teaching as c  WHERE ( b.class=c.class and c.teacher=a.owner and b.pk_student = '1' ) LIMIT 0,10   [ RunTime:0.0014s ]
INFO: [ view_parse ] --START--
INFO: [ template_filter ] --START--
INFO: Run Behavior\ContentReplaceBehavior [ RunTime:0.000072s ]
INFO: [ template_filter ] --END-- [ RunTime:0.000183s ]
INFO: Run Behavior\ParseTemplateBehavior [ RunTime:0.008930s ]
INFO: [ view_parse ] --END-- [ RunTime:0.009037s ]
INFO: [ view_filter ] --START--
INFO: Run Behavior\WriteHtmlCacheBehavior [ RunTime:0.000833s ]
INFO: [ view_filter ] --END-- [ RunTime:0.000944s ]
INFO: [ app_end ] --START--
INFO: Run Behavior\ShowPageTraceBehavior [ RunTime:0.001121s ]
INFO: [ app_end ] --END-- [ RunTime:0.001227s ]
NOTIC: [8] A session had already been started - ignoring session_start() F:\xampp\htdocs\tp_GeneralEducation\index.php 第 28 行.

[ 2018-05-02T23:08:04+08:00 ] ::1 /tp_GeneralEducation/index.php/Home/Student/student_download/
INFO: [ app_init ] --START--
INFO: Run Behavior\BuildLiteBehavior [ RunTime:0.000020s ]
INFO: [ app_init ] --END-- [ RunTime:0.000105s ]
INFO: [ app_begin ] --START--
INFO: Run Behavior\ReadHtmlCacheBehavior [ RunTime:0.002032s ]
INFO: [ app_begin ] --END-- [ RunTime:0.002156s ]
SQL: SHOW COLUMNS FROM `ge_student` [ RunTime:0.0043s ]
SQL: SELECT * FROM `ge_student` WHERE `pk_student` = 1 LIMIT 1   [ RunTime:0.0004s ]
SQL: SELECT * FROM `ge_student` WHERE `pk_student` = 1 LIMIT 1   [ RunTime:0.0003s ]
SQL: SHOW COLUMNS FROM `ge_sources` [ RunTime:0.0044s ]
SQL: SELECT COUNT(*) AS tp_count FROM ge_sources as a INNER JOIN ge_student as b INNER JOIN ge_teaching as c  WHERE ( b.class=c.class and c.teacher=a.owner and b.pk_student = '1' and c.course = a.course ) LIMIT 1   [ RunTime:0.0005s ]
SQL: SELECT a.url url,a.savename savename,a.title title FROM ge_sources as a INNER JOIN ge_student as b INNER JOIN ge_teaching as c  WHERE ( b.class=c.class and c.teacher=a.owner and b.pk_student = '1' ) LIMIT 0,10   [ RunTime:0.0004s ]
INFO: [ view_parse ] --START--
INFO: [ template_filter ] --START--
INFO: Run Behavior\ContentReplaceBehavior [ RunTime:0.000062s ]
INFO: [ template_filter ] --END-- [ RunTime:0.000152s ]
INFO: Run Behavior\ParseTemplateBehavior [ RunTime:0.009102s ]
INFO: [ view_parse ] --END-- [ RunTime:0.009198s ]
INFO: [ view_filter ] --START--
INFO: Run Behavior\WriteHtmlCacheBehavior [ RunTime:0.000832s ]
INFO: [ view_filter ] --END-- [ RunTime:0.000928s ]
INFO: [ app_end ] --START--
INFO: Run Behavior\ShowPageTraceBehavior [ RunTime:0.002150s ]
INFO: [ app_end ] --END-- [ RunTime:0.002258s ]
NOTIC: [8] A session had already been started - ignoring session_start() F:\xampp\htdocs\tp_GeneralEducation\index.php 第 28 行.

[ 2018-05-02T23:08:09+08:00 ] ::1 /tp_GeneralEducation/index.php/Home/Student/student_homework/
INFO: [ app_init ] --START--
INFO: Run Behavior\BuildLiteBehavior [ RunTime:0.000037s ]
INFO: [ app_init ] --END-- [ RunTime:0.000185s ]
INFO: [ app_begin ] --START--
INFO: Run Behavior\ReadHtmlCacheBehavior [ RunTime:0.000963s ]
INFO: [ app_begin ] --END-- [ RunTime:0.001058s ]
INFO: [ view_parse ] --START--
INFO: [ template_filter ] --START--
INFO: Run Behavior\ContentReplaceBehavior [ RunTime:0.000063s ]
INFO: [ template_filter ] --END-- [ RunTime:0.000158s ]
NOTIC: [8] Undefined variable: username F:\xampp\htdocs\tp_GeneralEducation\Application\Runtime\Cache\Home\d911acaf1b44bf773759b6bbf0d9e81b.php 第 26 行.
INFO: Run Behavior\ParseTemplateBehavior [ RunTime:0.078449s ]
INFO: [ view_parse ] --END-- [ RunTime:0.078540s ]
INFO: [ view_filter ] --START--
INFO: Run Behavior\WriteHtmlCacheBehavior [ RunTime:0.000743s ]
INFO: [ view_filter ] --END-- [ RunTime:0.000834s ]
INFO: [ app_end ] --START--
INFO: Run Behavior\ShowPageTraceBehavior [ RunTime:0.000961s ]
INFO: [ app_end ] --END-- [ RunTime:0.001041s ]
NOTIC: [8] A session had already been started - ignoring session_start() F:\xampp\htdocs\tp_GeneralEducation\index.php 第 28 行.

[ 2018-05-02T23:08:10+08:00 ] ::1 /tp_GeneralEducation/index.php/Home/Student/student_download/
INFO: [ app_init ] --START--
INFO: Run Behavior\BuildLiteBehavior [ RunTime:0.000031s ]
INFO: [ app_init ] --END-- [ RunTime:0.000160s ]
INFO: [ app_begin ] --START--
INFO: Run Behavior\ReadHtmlCacheBehavior [ RunTime:0.001921s ]
INFO: [ app_begin ] --END-- [ RunTime:0.002084s ]
SQL: SHOW COLUMNS FROM `ge_student` [ RunTime:0.0057s ]
SQL: SELECT * FROM `ge_student` WHERE `pk_student` = 1 LIMIT 1   [ RunTime:0.0004s ]
SQL: SELECT * FROM `ge_student` WHERE `pk_student` = 1 LIMIT 1   [ RunTime:0.0003s ]
SQL: SHOW COLUMNS FROM `ge_sources` [ RunTime:0.0039s ]
SQL: SELECT COUNT(*) AS tp_count FROM ge_sources as a INNER JOIN ge_student as b INNER JOIN ge_teaching as c  WHERE ( b.class=c.class and c.teacher=a.owner and b.pk_student = '1' and c.course = a.course ) LIMIT 1   [ RunTime:0.0004s ]
SQL: SELECT a.url url,a.savename savename,a.title title FROM ge_sources as a INNER JOIN ge_student as b INNER JOIN ge_teaching as c  WHERE ( b.class=c.class and c.teacher=a.owner and b.pk_student = '1' ) LIMIT 0,10   [ RunTime:0.0004s ]
INFO: [ view_parse ] --START--
INFO: [ template_filter ] --START--
INFO: Run Behavior\ContentReplaceBehavior [ RunTime:0.000064s ]
INFO: [ template_filter ] --END-- [ RunTime:0.000155s ]
INFO: Run Behavior\ParseTemplateBehavior [ RunTime:0.010019s ]
INFO: [ view_parse ] --END-- [ RunTime:0.010111s ]
INFO: [ view_filter ] --START--
INFO: Run Behavior\WriteHtmlCacheBehavior [ RunTime:0.000810s ]
INFO: [ view_filter ] --END-- [ RunTime:0.000892s ]
INFO: [ app_end ] --START--
INFO: Run Behavior\ShowPageTraceBehavior [ RunTime:0.000985s ]
INFO: [ app_end ] --END-- [ RunTime:0.001067s ]
NOTIC: [8] A session had already been started - ignoring session_start() F:\xampp\htdocs\tp_GeneralEducation\index.php 第 28 行.

[ 2018-05-02T23:08:37+08:00 ] ::1 /tp_GeneralEducation/index.php/Home/Student/student_download/
INFO: [ app_init ] --START--
INFO: Run Behavior\BuildLiteBehavior [ RunTime:0.000024s ]
INFO: [ app_init ] --END-- [ RunTime:0.000135s ]
INFO: [ app_begin ] --START--
INFO: Run Behavior\ReadHtmlCacheBehavior [ RunTime:0.001123s ]
INFO: [ app_begin ] --END-- [ RunTime:0.001285s ]
SQL: SHOW COLUMNS FROM `ge_student` [ RunTime:0.0059s ]
SQL: SELECT * FROM `ge_student` WHERE `pk_student` = 1 LIMIT 1   [ RunTime:0.0004s ]
SQL: SELECT * FROM `ge_student` WHERE `pk_student` = 1 LIMIT 1   [ RunTime:0.0003s ]
SQL: SHOW COLUMNS FROM `ge_sources` [ RunTime:0.0047s ]
SQL: SELECT COUNT(*) AS tp_count FROM ge_sources as a INNER JOIN ge_student as b INNER JOIN ge_teaching as c  WHERE ( b.class=c.class and c.teacher=a.owner and b.pk_student = '1' and c.course = a.course ) LIMIT 1   [ RunTime:0.0005s ]
SQL: SELECT a.url url,a.savename savename,a.title title FROM ge_sources as a INNER JOIN ge_student as b INNER JOIN ge_teaching as c  WHERE ( b.class=c.class and c.teacher=a.owner and b.pk_student = '1' and c.course = a.course ) LIMIT 0,10   [ RunTime:0.0004s ]
INFO: [ view_parse ] --START--
INFO: [ template_filter ] --START--
INFO: Run Behavior\ContentReplaceBehavior [ RunTime:0.000071s ]
INFO: [ template_filter ] --END-- [ RunTime:0.000175s ]
INFO: Run Behavior\ParseTemplateBehavior [ RunTime:0.010902s ]
INFO: [ view_parse ] --END-- [ RunTime:0.011020s ]
INFO: [ view_filter ] --START--
INFO: Run Behavior\WriteHtmlCacheBehavior [ RunTime:0.000994s ]
INFO: [ view_filter ] --END-- [ RunTime:0.001122s ]
INFO: [ app_end ] --START--
INFO: Run Behavior\ShowPageTraceBehavior [ RunTime:0.001485s ]
INFO: [ app_end ] --END-- [ RunTime:0.001626s ]
NOTIC: [8] A session had already been started - ignoring session_start() F:\xampp\htdocs\tp_GeneralEducation\index.php 第 28 行.

[ 2018-05-02T23:11:30+08:00 ] ::1 /tp_GeneralEducation/index.php/Home/Index/loginout/
INFO: [ app_init ] --START--
INFO: Run Behavior\BuildLiteBehavior [ RunTime:0.000021s ]
INFO: [ app_init ] --END-- [ RunTime:0.000120s ]
INFO: [ app_begin ] --START--
INFO: Run Behavior\ReadHtmlCacheBehavior [ RunTime:0.001229s ]
INFO: [ app_begin ] --END-- [ RunTime:0.001323s ]
INFO: [ view_parse ] --START--
INFO: [ template_filter ] --START--
INFO: Run Behavior\ContentReplaceBehavior [ RunTime:0.000049s ]
INFO: [ template_filter ] --END-- [ RunTime:0.000143s ]
INFO: Run Behavior\ParseTemplateBehavior [ RunTime:0.010182s ]
INFO: [ view_parse ] --END-- [ RunTime:0.010304s ]
INFO: [ view_filter ] --START--
INFO: Run Behavior\WriteHtmlCacheBehavior [ RunTime:0.000994s ]
INFO: [ view_filter ] --END-- [ RunTime:0.001080s ]
INFO: [ app_end ] --START--
INFO: Run Behavior\ShowPageTraceBehavior [ RunTime:0.001170s ]
INFO: [ app_end ] --END-- [ RunTime:0.001253s ]
NOTIC: [8] A session had already been started - ignoring session_start() F:\xampp\htdocs\tp_GeneralEducation\index.php 第 28 行.

[ 2018-05-02T23:11:31+08:00 ] ::1 /tp_GeneralEducation/index.php/Home/Index/index.html
INFO: [ app_init ] --START--
INFO: Run Behavior\BuildLiteBehavior [ RunTime:0.000023s ]
INFO: [ app_init ] --END-- [ RunTime:0.000126s ]
INFO: [ app_begin ] --START--
INFO: Run Behavior\ReadHtmlCacheBehavior [ RunTime:0.001185s ]
INFO: [ app_begin ] --END-- [ RunTime:0.001311s ]
SQL: SHOW COLUMNS FROM `ge_sources` [ RunTime:0.0522s ]
SQL: SELECT COUNT(*) AS tp_count FROM `ge_sources` WHERE ( pk_sources>0 and type='intro' ) LIMIT 1   [ RunTime:0.0004s ]
SQL: SELECT `pk_sources`,`title`,`savename`,`course`,`owner`,`url`,`type`,`des`,`dr`,`ts` FROM `ge_sources` WHERE ( pk_sources>0 and type='intro' ) ORDER BY pk_sources LIMIT 0,1   [ RunTime:0.0007s ]
SQL: SELECT COUNT(*) AS tp_count FROM `ge_sources` WHERE ( pk_sources>0 and type='anno' ) LIMIT 1   [ RunTime:0.0005s ]
SQL: SELECT `pk_sources`,`title`,`savename`,`course`,`owner`,`url`,`type`,`des`,`dr`,`ts` FROM `ge_sources` WHERE ( pk_sources>0 and type='anno' ) ORDER BY pk_sources LIMIT 0,1   [ RunTime:0.0005s ]
SQL: SELECT COUNT(*) AS tp_count FROM `ge_sources` WHERE ( pk_sources>0 and type='data' and owner='0' ) LIMIT 1   [ RunTime:0.0004s ]
SQL: SELECT `pk_sources`,`title`,`savename`,`course`,`owner`,`url`,`type`,`des`,`dr`,`ts` FROM `ge_sources` WHERE ( pk_sources>0 and type='data' and owner='0' ) ORDER BY pk_sources LIMIT 0,1   [ RunTime:0.0003s ]
INFO: [ view_parse ] --START--
INFO: [ template_filter ] --START--
INFO: Run Behavior\ContentReplaceBehavior [ RunTime:0.000067s ]
INFO: [ template_filter ] --END-- [ RunTime:0.000167s ]
NOTIC: [8] A session had already been started - ignoring session_start() F:\xampp\htdocs\tp_GeneralEducation\Application\Runtime\Cache\Home\2a94b8bda04ff446dcedd42276fc99ee.php 第 1 行.
NOTIC: [2] include(conn.php): failed to open stream: No such file or directory F:\xampp\htdocs\tp_GeneralEducation\Application\Runtime\Cache\Home\2a94b8bda04ff446dcedd42276fc99ee.php 第 1 行.
NOTIC: [2] include(): Failed opening 'conn.php' for inclusion (include_path='F:\xampp\php\PEAR') F:\xampp\htdocs\tp_GeneralEducation\Application\Runtime\Cache\Home\2a94b8bda04ff446dcedd42276fc99ee.php 第 1 行.
INFO: Run Behavior\ParseTemplateBehavior [ RunTime:0.011357s ]
INFO: [ view_parse ] --END-- [ RunTime:0.011457s ]
INFO: [ view_filter ] --START--
INFO: Run Behavior\WriteHtmlCacheBehavior [ RunTime:0.001221s ]
INFO: [ view_filter ] --END-- [ RunTime:0.001349s ]
INFO: [ app_end ] --START--
INFO: Run Behavior\ShowPageTraceBehavior [ RunTime:0.001094s ]
INFO: [ app_end ] --END-- [ RunTime:0.001187s ]
NOTIC: [8] A session had already been started - ignoring session_start() F:\xampp\htdocs\tp_GeneralEducation\index.php 第 28 行.

[ 2018-05-02T23:11:33+08:00 ] ::1 /tp_GeneralEducation/index.php/Home/Index/login/
INFO: [ app_init ] --START--
INFO: Run Behavior\BuildLiteBehavior [ RunTime:0.000036s ]
INFO: [ app_init ] --END-- [ RunTime:0.000180s ]
INFO: [ app_begin ] --START--
INFO: Run Behavior\ReadHtmlCacheBehavior [ RunTime:0.001776s ]
INFO: [ app_begin ] --END-- [ RunTime:0.001956s ]
INFO: [ view_parse ] --START--
INFO: [ template_filter ] --START--
INFO: Run Behavior\ContentReplaceBehavior [ RunTime:0.000055s ]
INFO: [ template_filter ] --END-- [ RunTime:0.000158s ]
INFO: Run Behavior\ParseTemplateBehavior [ RunTime:0.009995s ]
INFO: [ view_parse ] --END-- [ RunTime:0.010106s ]
INFO: [ view_filter ] --START--
INFO: Run Behavior\WriteHtmlCacheBehavior [ RunTime:0.001019s ]
INFO: [ view_filter ] --END-- [ RunTime:0.001128s ]
INFO: [ app_end ] --START--
INFO: Run Behavior\ShowPageTraceBehavior [ RunTime:0.001602s ]
INFO: [ app_end ] --END-- [ RunTime:0.001764s ]
NOTIC: [8] A session had already been started - ignoring session_start() F:\xampp\htdocs\tp_GeneralEducation\index.php 第 28 行.

[ 2018-05-02T23:11:33+08:00 ] ::1 /tp_GeneralEducation/index.php/Home/Index/login/common/jquery.js
INFO: [ app_init ] --START--
INFO: Run Behavior\BuildLiteBehavior [ RunTime:0.000039s ]
INFO: [ app_init ] --END-- [ RunTime:0.000216s ]
INFO: [ app_begin ] --START--
INFO: Run Behavior\ReadHtmlCacheBehavior [ RunTime:0.001192s ]
INFO: [ app_begin ] --END-- [ RunTime:0.001339s ]
INFO: [ view_parse ] --START--
INFO: [ template_filter ] --START--
INFO: Run Behavior\ContentReplaceBehavior [ RunTime:0.000102s ]
INFO: [ template_filter ] --END-- [ RunTime:0.000376s ]
INFO: Run Behavior\ParseTemplateBehavior [ RunTime:0.012018s ]
INFO: [ view_parse ] --END-- [ RunTime:0.012130s ]
INFO: [ view_filter ] --START--
INFO: Run Behavior\WriteHtmlCacheBehavior [ RunTime:0.000751s ]
INFO: [ view_filter ] --END-- [ RunTime:0.000842s ]
INFO: [ app_end ] --START--
INFO: Run Behavior\ShowPageTraceBehavior [ RunTime:0.000993s ]
INFO: [ app_end ] --END-- [ RunTime:0.001088s ]
NOTIC: [8] A session had already been started - ignoring session_start() F:\xampp\htdocs\tp_GeneralEducation\index.php 第 28 行.

[ 2018-05-02T23:11:41+08:00 ] ::1 /tp_GeneralEducation/index.php/Home/Index/login_post/
INFO: [ app_init ] --START--
INFO: Run Behavior\BuildLiteBehavior [ RunTime:0.000021s ]
INFO: [ app_init ] --END-- [ RunTime:0.000118s ]
INFO: [ app_begin ] --START--
INFO: Run Behavior\ReadHtmlCacheBehavior [ RunTime:0.000877s ]
INFO: [ app_begin ] --END-- [ RunTime:0.000973s ]
SQL: SHOW COLUMNS FROM `ge_student` [ RunTime:0.1049s ]
SQL: SELECT * FROM `ge_student` WHERE ( number='admin' and password='hqu' )  [ RunTime:0.0005s ]
SQL: SHOW COLUMNS FROM `ge_teacher` [ RunTime:0.0709s ]
SQL: SELECT * FROM `ge_teacher` WHERE ( number='admin' and password='hqu' )  [ RunTime:0.0004s ]
SQL: SHOW COLUMNS FROM `ge_admin` [ RunTime:0.0339s ]
SQL: SELECT * FROM `ge_admin` WHERE ( name='admin' and password='hqu' )  [ RunTime:0.0004s ]

[ 2018-05-02T23:11:41+08:00 ] ::1 /tp_GeneralEducation/index.php/Home/Admin/index.html
INFO: [ app_init ] --START--
INFO: Run Behavior\BuildLiteBehavior [ RunTime:0.000032s ]
INFO: [ app_init ] --END-- [ RunTime:0.000204s ]
INFO: [ app_begin ] --START--
INFO: Run Behavior\ReadHtmlCacheBehavior [ RunTime:0.000976s ]
INFO: [ app_begin ] --END-- [ RunTime:0.001071s ]
SQL: SHOW COLUMNS FROM `ge_teacher` [ RunTime:0.0043s ]
SQL: SELECT COUNT(*) AS tp_count FROM `ge_teacher` WHERE ( pk_teacher>0 ) LIMIT 1   [ RunTime:0.0004s ]
SQL: SELECT `pk_teacher`,`number`,`name`,`password`,`sex`,`email`,`phone`,`dr`,`ts` FROM `ge_teacher` WHERE ( pk_teacher>0 ) ORDER BY pk_teacher LIMIT 0,10   [ RunTime:0.0005s ]
INFO: [ view_parse ] --START--
INFO: [ template_filter ] --START--
INFO: Run Behavior\ContentReplaceBehavior [ RunTime:0.000106s ]
INFO: [ template_filter ] --END-- [ RunTime:0.000279s ]
INFO: Run Behavior\ParseTemplateBehavior [ RunTime:0.010266s ]
INFO: [ view_parse ] --END-- [ RunTime:0.010380s ]
INFO: [ view_filter ] --START--
INFO: Run Behavior\WriteHtmlCacheBehavior [ RunTime:0.000916s ]
INFO: [ view_filter ] --END-- [ RunTime:0.001008s ]
INFO: [ app_end ] --START--
INFO: Run Behavior\ShowPageTraceBehavior [ RunTime:0.001012s ]
INFO: [ app_end ] --END-- [ RunTime:0.001104s ]
NOTIC: [8] A session had already been started - ignoring session_start() F:\xampp\htdocs\tp_GeneralEducation\index.php 第 28 行.

[ 2018-05-02T23:11:43+08:00 ] ::1 /tp_GeneralEducation/index.php/Home/Admin/admin_data/
INFO: [ app_init ] --START--
INFO: Run Behavior\BuildLiteBehavior [ RunTime:0.000027s ]
INFO: [ app_init ] --END-- [ RunTime:0.000160s ]
INFO: [ app_begin ] --START--
INFO: Run Behavior\ReadHtmlCacheBehavior [ RunTime:0.001036s ]
INFO: [ app_begin ] --END-- [ RunTime:0.001161s ]
INFO: [ view_parse ] --START--
INFO: [ template_filter ] --START--
INFO: Run Behavior\ContentReplaceBehavior [ RunTime:0.000076s ]
INFO: [ template_filter ] --END-- [ RunTime:0.000173s ]
NOTIC: [8] Undefined variable: select F:\xampp\htdocs\tp_GeneralEducation\Application\Runtime\Cache\Home\1f16749b41095dca64108ffa106c0a93.php 第 76 行.
NOTIC: [8] Undefined variable: page F:\xampp\htdocs\tp_GeneralEducation\Application\Runtime\Cache\Home\1f16749b41095dca64108ffa106c0a93.php 第 78 行.
INFO: Run Behavior\ParseTemplateBehavior [ RunTime:0.008577s ]
INFO: [ view_parse ] --END-- [ RunTime:0.008677s ]
INFO: [ view_filter ] --START--
INFO: Run Behavior\WriteHtmlCacheBehavior [ RunTime:0.000917s ]
INFO: [ view_filter ] --END-- [ RunTime:0.001016s ]
INFO: [ app_end ] --START--
INFO: Run Behavior\ShowPageTraceBehavior [ RunTime:0.001080s ]
INFO: [ app_end ] --END-- [ RunTime:0.001204s ]
NOTIC: [8] A session had already been started - ignoring session_start() F:\xampp\htdocs\tp_GeneralEducation\index.php 第 28 行.

[ 2018-05-02T23:13:45+08:00 ] ::1 /tp_GeneralEducation/index.php/Home/Admin/admin_data/
INFO: [ app_init ] --START--
INFO: Run Behavior\BuildLiteBehavior [ RunTime:0.000020s ]
INFO: [ app_init ] --END-- [ RunTime:0.000114s ]
INFO: [ app_begin ] --START--
INFO: Run Behavior\ReadHtmlCacheBehavior [ RunTime:0.001207s ]
INFO: [ app_begin ] --END-- [ RunTime:0.001300s ]
ERR: syntax error, unexpected 'oublic' (T_STRING), expecting function (T_FUNCTION) or const (T_CONST)

[ 2018-05-02T23:15:03+08:00 ] ::1 /tp_GeneralEducation/index.php/Home/Admin/admin_data/
INFO: [ app_init ] --START--
INFO: Run Behavior\BuildLiteBehavior [ RunTime:0.000023s ]
INFO: [ app_init ] --END-- [ RunTime:0.000137s ]
INFO: [ app_begin ] --START--
INFO: Run Behavior\ReadHtmlCacheBehavior [ RunTime:0.000913s ]
INFO: [ app_begin ] --END-- [ RunTime:0.001007s ]
ERR: syntax error, unexpected 'oublic' (T_STRING), expecting function (T_FUNCTION) or const (T_CONST)

[ 2018-05-02T23:15:05+08:00 ] ::1 /tp_GeneralEducation/index.php/Home/Admin/admin_data/
INFO: [ app_init ] --START--
INFO: Run Behavior\BuildLiteBehavior [ RunTime:0.000026s ]
INFO: [ app_init ] --END-- [ RunTime:0.000130s ]
INFO: [ app_begin ] --START--
INFO: Run Behavior\ReadHtmlCacheBehavior [ RunTime:0.000954s ]
INFO: [ app_begin ] --END-- [ RunTime:0.001051s ]
ERR: syntax error, unexpected 'oublic' (T_STRING), expecting function (T_FUNCTION) or const (T_CONST)

[ 2018-05-02T23:15:26+08:00 ] ::1 /tp_GeneralEducation/index.php/Home/Admin/admin_data/
INFO: [ app_init ] --START--
INFO: Run Behavior\BuildLiteBehavior [ RunTime:0.000020s ]
INFO: [ app_init ] --END-- [ RunTime:0.000107s ]
INFO: [ app_begin ] --START--
INFO: Run Behavior\ReadHtmlCacheBehavior [ RunTime:0.000926s ]
INFO: [ app_begin ] --END-- [ RunTime:0.001011s ]
SQL: SHOW COLUMNS FROM `ge_sources` [ RunTime:0.0053s ]
SQL: SELECT COUNT(*) AS tp_count FROM `ge_sources` WHERE ( owner = '0' ) LIMIT 1   [ RunTime:0.0006s ]
SQL: SELECT `pk_sources`,`title`,`savename`,`course`,`owner`,`url`,`type`,`des`,`dr`,`ts` FROM `ge_sources` WHERE ( owner = '0' ) LIMIT 0,10   [ RunTime:0.0006s ]
INFO: [ view_parse ] --START--
INFO: [ template_filter ] --START--
INFO: Run Behavior\ContentReplaceBehavior [ RunTime:0.000068s ]
INFO: [ template_filter ] --END-- [ RunTime:0.000159s ]
INFO: Run Behavior\ParseTemplateBehavior [ RunTime:0.011456s ]
INFO: [ view_parse ] --END-- [ RunTime:0.011584s ]
INFO: [ view_filter ] --START--
INFO: Run Behavior\WriteHtmlCacheBehavior [ RunTime:0.000970s ]
INFO: [ view_filter ] --END-- [ RunTime:0.001075s ]
INFO: [ app_end ] --START--
INFO: Run Behavior\ShowPageTraceBehavior [ RunTime:0.001160s ]
INFO: [ app_end ] --END-- [ RunTime:0.001242s ]
NOTIC: [8] A session had already been started - ignoring session_start() F:\xampp\htdocs\tp_GeneralEducation\index.php 第 28 行.

[ 2018-05-02T23:19:09+08:00 ] ::1 /tp_GeneralEducation/index.php/Home/Admin/admin_data/
INFO: [ app_init ] --START--
INFO: Run Behavior\BuildLiteBehavior [ RunTime:0.000023s ]
INFO: [ app_init ] --END-- [ RunTime:0.000135s ]
INFO: [ app_begin ] --START--
INFO: Run Behavior\ReadHtmlCacheBehavior [ RunTime:0.001204s ]
INFO: [ app_begin ] --END-- [ RunTime:0.001291s ]
SQL: SHOW COLUMNS FROM `ge_sources` [ RunTime:0.0592s ]
SQL: SELECT COUNT(*) AS tp_count FROM `ge_sources` WHERE ( owner = '0' ) LIMIT 1   [ RunTime:0.0004s ]
SQL: SELECT `pk_sources`,`title`,`savename`,`course`,`owner`,`url`,`type`,`des`,`dr`,`ts` FROM `ge_sources` WHERE ( owner = '0' ) LIMIT 0,10   [ RunTime:0.0004s ]
INFO: [ view_parse ] --START--
INFO: [ template_filter ] --START--
INFO: Run Behavior\ContentReplaceBehavior [ RunTime:0.000070s ]
INFO: [ template_filter ] --END-- [ RunTime:0.000156s ]
INFO: Run Behavior\ParseTemplateBehavior [ RunTime:0.010133s ]
INFO: [ view_parse ] --END-- [ RunTime:0.010231s ]
INFO: [ view_filter ] --START--
INFO: Run Behavior\WriteHtmlCacheBehavior [ RunTime:0.000992s ]
INFO: [ view_filter ] --END-- [ RunTime:0.001099s ]
INFO: [ app_end ] --START--
INFO: Run Behavior\ShowPageTraceBehavior [ RunTime:0.001487s ]
INFO: [ app_end ] --END-- [ RunTime:0.001635s ]
NOTIC: [8] A session had already been started - ignoring session_start() F:\xampp\htdocs\tp_GeneralEducation\index.php 第 28 行.

[ 2018-05-02T23:19:39+08:00 ] ::1 /tp_GeneralEducation/index.php/Home/Admin/admin_data/
INFO: [ app_init ] --START--
INFO: Run Behavior\BuildLiteBehavior [ RunTime:0.000022s ]
INFO: [ app_init ] --END-- [ RunTime:0.000116s ]
INFO: [ app_begin ] --START--
INFO: Run Behavior\ReadHtmlCacheBehavior [ RunTime:0.000963s ]
INFO: [ app_begin ] --END-- [ RunTime:0.001059s ]
SQL: SHOW COLUMNS FROM `ge_sources` [ RunTime:0.0395s ]
SQL: SELECT COUNT(*) AS tp_count FROM `ge_sources` WHERE ( owner = '0' ) LIMIT 1   [ RunTime:0.0003s ]
SQL: SELECT `pk_sources`,`title`,`savename`,`course`,`owner`,`url`,`type`,`des`,`dr`,`ts` FROM `ge_sources` WHERE ( owner = '0' ) LIMIT 0,10   [ RunTime:0.0004s ]
INFO: [ view_parse ] --START--
INFO: [ template_filter ] --START--
INFO: Run Behavior\ContentReplaceBehavior [ RunTime:0.000114s ]
INFO: [ template_filter ] --END-- [ RunTime:0.000235s ]
INFO: Run Behavior\ParseTemplateBehavior [ RunTime:0.009231s ]
INFO: [ view_parse ] --END-- [ RunTime:0.009320s ]
INFO: [ view_filter ] --START--
INFO: Run Behavior\WriteHtmlCacheBehavior [ RunTime:0.000844s ]
INFO: [ view_filter ] --END-- [ RunTime:0.000923s ]
INFO: [ app_end ] --START--
INFO: Run Behavior\ShowPageTraceBehavior [ RunTime:0.000999s ]
INFO: [ app_end ] --END-- [ RunTime:0.001085s ]
NOTIC: [8] A session had already been started - ignoring session_start() F:\xampp\htdocs\tp_GeneralEducation\index.php 第 28 行.

