[ 2018-04-27T23:42:13+08:00 ] ::1 /tp_GeneralEducation/
INFO: [ app_init ] --START--
INFO: Run Behavior\BuildLiteBehavior [ RunTime:0.000046s ]
INFO: [ app_init ] --END-- [ RunTime:0.001028s ]
INFO: [ app_begin ] --START--
INFO: Run Behavior\ReadHtmlCacheBehavior [ RunTime:0.003153s ]
INFO: [ app_begin ] --END-- [ RunTime:0.003427s ]
SQL: SHOW COLUMNS FROM `ge_sources` [ RunTime:0.2344s ]
SQL: SELECT COUNT(*) AS tp_count FROM `ge_sources` WHERE ( pk_sources>0 and type='intro' ) LIMIT 1   [ RunTime:0.0004s ]
SQL: SELECT `pk_sources`,`title`,`savename`,`owner`,`url`,`type`,`des`,`dr`,`ts` FROM `ge_sources` WHERE ( pk_sources>0 and type='intro' ) ORDER BY pk_sources LIMIT 0,1   [ RunTime:0.0015s ]
SQL: SELECT COUNT(*) AS tp_count FROM `ge_sources` WHERE ( pk_sources>0 and type='anno' ) LIMIT 1   [ RunTime:0.0004s ]
SQL: SELECT `pk_sources`,`title`,`savename`,`owner`,`url`,`type`,`des`,`dr`,`ts` FROM `ge_sources` WHERE ( pk_sources>0 and type='anno' ) ORDER BY pk_sources LIMIT 0,1   [ RunTime:0.0009s ]
SQL: SELECT COUNT(*) AS tp_count FROM `ge_sources` WHERE ( pk_sources>0 and type='data' and owner='0' ) LIMIT 1   [ RunTime:0.0009s ]
SQL: SELECT `pk_sources`,`title`,`savename`,`owner`,`url`,`type`,`des`,`dr`,`ts` FROM `ge_sources` WHERE ( pk_sources>0 and type='data' and owner='0' ) ORDER BY pk_sources LIMIT 0,1   [ RunTime:0.0004s ]
INFO: [ view_parse ] --START--
INFO: [ template_filter ] --START--
INFO: Run Behavior\ContentReplaceBehavior [ RunTime:0.000261s ]
INFO: [ template_filter ] --END-- [ RunTime:0.000633s ]
NOTIC: [8] A session had already been started - ignoring session_start() F:\xampp\htdocs\tp_GeneralEducation\Application\Runtime\Cache\Home\2a94b8bda04ff446dcedd42276fc99ee.php 第 1 行.
NOTIC: [2] include(conn.php): failed to open stream: No such file or directory F:\xampp\htdocs\tp_GeneralEducation\Application\Runtime\Cache\Home\2a94b8bda04ff446dcedd42276fc99ee.php 第 1 行.
NOTIC: [2] include(): Failed opening 'conn.php' for inclusion (include_path='F:\xampp\php\PEAR') F:\xampp\htdocs\tp_GeneralEducation\Application\Runtime\Cache\Home\2a94b8bda04ff446dcedd42276fc99ee.php 第 1 行.
INFO: Run Behavior\ParseTemplateBehavior [ RunTime:0.017111s ]
INFO: [ view_parse ] --END-- [ RunTime:0.017209s ]
INFO: [ view_filter ] --START--
INFO: Run Behavior\WriteHtmlCacheBehavior [ RunTime:0.000892s ]
INFO: [ view_filter ] --END-- [ RunTime:0.001010s ]
INFO: [ app_end ] --START--
INFO: Run Behavior\ShowPageTraceBehavior [ RunTime:0.001143s ]
INFO: [ app_end ] --END-- [ RunTime:0.001231s ]
NOTIC: [8] A session had already been started - ignoring session_start() F:\xampp\htdocs\tp_GeneralEducation\index.php 第 28 行.

[ 2018-04-27T23:42:16+08:00 ] ::1 /tp_GeneralEducation/index.php/Home/Index/login/?PHPSESSID=9a0p5aqm5uvucp10isc6jts84m
INFO: [ app_init ] --START--
INFO: Run Behavior\BuildLiteBehavior [ RunTime:0.000025s ]
INFO: [ app_init ] --END-- [ RunTime:0.000149s ]
INFO: [ app_begin ] --START--
INFO: Run Behavior\ReadHtmlCacheBehavior [ RunTime:0.001490s ]
INFO: [ app_begin ] --END-- [ RunTime:0.001621s ]
INFO: [ view_parse ] --START--
INFO: [ template_filter ] --START--
INFO: Run Behavior\ContentReplaceBehavior [ RunTime:0.000082s ]
INFO: [ template_filter ] --END-- [ RunTime:0.000243s ]
INFO: Run Behavior\ParseTemplateBehavior [ RunTime:0.015497s ]
INFO: [ view_parse ] --END-- [ RunTime:0.015632s ]
INFO: [ view_filter ] --START--
INFO: Run Behavior\WriteHtmlCacheBehavior [ RunTime:0.000929s ]
INFO: [ view_filter ] --END-- [ RunTime:0.001021s ]
INFO: [ app_end ] --START--
INFO: Run Behavior\ShowPageTraceBehavior [ RunTime:0.001211s ]
INFO: [ app_end ] --END-- [ RunTime:0.001336s ]
NOTIC: [8] A session had already been started - ignoring session_start() F:\xampp\htdocs\tp_GeneralEducation\index.php 第 28 行.

[ 2018-04-27T23:42:16+08:00 ] ::1 /tp_GeneralEducation/index.php/Home/Index/login/common/jquery.js
INFO: [ app_init ] --START--
INFO: Run Behavior\BuildLiteBehavior [ RunTime:0.000024s ]
INFO: [ app_init ] --END-- [ RunTime:0.000144s ]
INFO: [ app_begin ] --START--
INFO: Run Behavior\ReadHtmlCacheBehavior [ RunTime:0.001172s ]
INFO: [ app_begin ] --END-- [ RunTime:0.001287s ]
INFO: [ view_parse ] --START--
INFO: [ template_filter ] --START--
INFO: Run Behavior\ContentReplaceBehavior [ RunTime:0.000123s ]
INFO: [ template_filter ] --END-- [ RunTime:0.000355s ]
INFO: Run Behavior\ParseTemplateBehavior [ RunTime:0.009188s ]
INFO: [ view_parse ] --END-- [ RunTime:0.009338s ]
INFO: [ view_filter ] --START--
INFO: Run Behavior\WriteHtmlCacheBehavior [ RunTime:0.001398s ]
INFO: [ view_filter ] --END-- [ RunTime:0.001606s ]
INFO: [ app_end ] --START--
INFO: Run Behavior\ShowPageTraceBehavior [ RunTime:0.001770s ]
INFO: [ app_end ] --END-- [ RunTime:0.001983s ]
NOTIC: [8] A session had already been started - ignoring session_start() F:\xampp\htdocs\tp_GeneralEducation\index.php 第 28 行.

