[ 2018-05-20T12:37:17+08:00 ] ::1 /tp_GeneralEducation/
INFO: [ app_init ] --START--
INFO: Run Behavior\BuildLiteBehavior [ RunTime:0.000039s ]
INFO: [ app_init ] --END-- [ RunTime:0.000265s ]
INFO: [ app_begin ] --START--
INFO: Run Behavior\ReadHtmlCacheBehavior [ RunTime:0.004002s ]
INFO: [ app_begin ] --END-- [ RunTime:0.004186s ]
SQL: SHOW COLUMNS FROM `ge_sources` [ RunTime:0.0179s ]
SQL: SELECT * FROM `ge_sources` WHERE `type` = '平台概况' ORDER BY ts desc LIMIT 1   [ RunTime:0.0004s ]
SQL: SELECT * FROM `ge_sources` WHERE `type` = '公告' ORDER BY ts desc LIMIT 1   [ RunTime:0.0003s ]
SQL: SELECT `pk_sources`,`title`,`savename`,`course`,`owner`,`url`,`type`,`des`,`dr`,`ts` FROM `ge_sources` WHERE ( pk_sources>0 and type='公共资源' and owner='0' ) ORDER BY pk_sources LIMIT 0,2   [ RunTime:0.0005s ]
INFO: [ view_parse ] --START--
INFO: [ template_filter ] --START--
INFO: Run Behavior\ContentReplaceBehavior [ RunTime:0.000328s ]
INFO: [ template_filter ] --END-- [ RunTime:0.000617s ]
NOTIC: [8] A session had already been started - ignoring session_start() F:\xampp\htdocs\tp_GeneralEducation\Application\Runtime\Cache\Home\2a94b8bda04ff446dcedd42276fc99ee.php 第 1 行.
NOTIC: [2] include(conn.php): failed to open stream: No such file or directory F:\xampp\htdocs\tp_GeneralEducation\Application\Runtime\Cache\Home\2a94b8bda04ff446dcedd42276fc99ee.php 第 1 行.
NOTIC: [2] include(): Failed opening 'conn.php' for inclusion (include_path='F:\xampp\php\PEAR') F:\xampp\htdocs\tp_GeneralEducation\Application\Runtime\Cache\Home\2a94b8bda04ff446dcedd42276fc99ee.php 第 1 行.
INFO: Run Behavior\ParseTemplateBehavior [ RunTime:0.063501s ]
INFO: [ view_parse ] --END-- [ RunTime:0.063627s ]
INFO: [ view_filter ] --START--
INFO: Run Behavior\WriteHtmlCacheBehavior [ RunTime:0.013099s ]
INFO: [ view_filter ] --END-- [ RunTime:0.013364s ]
INFO: [ app_end ] --START--
INFO: Run Behavior\ShowPageTraceBehavior [ RunTime:0.028717s ]
INFO: [ app_end ] --END-- [ RunTime:0.028873s ]
NOTIC: [8] A session had already been started - ignoring session_start() F:\xampp\htdocs\tp_GeneralEducation\index.php 第 28 行.

[ 2018-05-20T12:37:20+08:00 ] ::1 /tp_GeneralEducation/index.php/Home/Index/login/?PHPSESSID=rijj6r8me44on1kgsuq70np99n
INFO: [ app_init ] --START--
INFO: Run Behavior\BuildLiteBehavior [ RunTime:0.000071s ]
INFO: [ app_init ] --END-- [ RunTime:0.000334s ]
INFO: [ app_begin ] --START--
INFO: Run Behavior\ReadHtmlCacheBehavior [ RunTime:0.001380s ]
INFO: [ app_begin ] --END-- [ RunTime:0.001561s ]
INFO: [ view_parse ] --START--
INFO: [ template_filter ] --START--
INFO: Run Behavior\ContentReplaceBehavior [ RunTime:0.000059s ]
INFO: [ template_filter ] --END-- [ RunTime:0.000169s ]
INFO: Run Behavior\ParseTemplateBehavior [ RunTime:0.037832s ]
INFO: [ view_parse ] --END-- [ RunTime:0.038020s ]
INFO: [ view_filter ] --START--
INFO: Run Behavior\WriteHtmlCacheBehavior [ RunTime:0.001371s ]
INFO: [ view_filter ] --END-- [ RunTime:0.001542s ]
INFO: [ app_end ] --START--
INFO: Run Behavior\ShowPageTraceBehavior [ RunTime:0.001864s ]
INFO: [ app_end ] --END-- [ RunTime:0.002006s ]
NOTIC: [8] A session had already been started - ignoring session_start() F:\xampp\htdocs\tp_GeneralEducation\index.php 第 28 行.

[ 2018-05-20T12:37:20+08:00 ] ::1 /tp_GeneralEducation/index.php/Home/Index/login/common/jquery.js
INFO: [ app_init ] --START--
INFO: Run Behavior\BuildLiteBehavior [ RunTime:0.000025s ]
INFO: [ app_init ] --END-- [ RunTime:0.000134s ]
INFO: [ app_begin ] --START--
INFO: Run Behavior\ReadHtmlCacheBehavior [ RunTime:0.001041s ]
INFO: [ app_begin ] --END-- [ RunTime:0.001156s ]
INFO: [ view_parse ] --START--
INFO: [ template_filter ] --START--
INFO: Run Behavior\ContentReplaceBehavior [ RunTime:0.000120s ]
INFO: [ template_filter ] --END-- [ RunTime:0.000351s ]
INFO: Run Behavior\ParseTemplateBehavior [ RunTime:0.011237s ]
INFO: [ view_parse ] --END-- [ RunTime:0.011385s ]
INFO: [ view_filter ] --START--
INFO: Run Behavior\WriteHtmlCacheBehavior [ RunTime:0.001021s ]
INFO: [ view_filter ] --END-- [ RunTime:0.001187s ]
INFO: [ app_end ] --START--
INFO: Run Behavior\ShowPageTraceBehavior [ RunTime:0.001186s ]
INFO: [ app_end ] --END-- [ RunTime:0.001330s ]
NOTIC: [8] A session had already been started - ignoring session_start() F:\xampp\htdocs\tp_GeneralEducation\index.php 第 28 行.

[ 2018-05-20T12:37:27+08:00 ] ::1 /tp_GeneralEducation/index.php/Home/Index/login_post/
INFO: [ app_init ] --START--
INFO: Run Behavior\BuildLiteBehavior [ RunTime:0.000038s ]
INFO: [ app_init ] --END-- [ RunTime:0.000213s ]
INFO: [ app_begin ] --START--
INFO: Run Behavior\ReadHtmlCacheBehavior [ RunTime:0.001585s ]
INFO: [ app_begin ] --END-- [ RunTime:0.001836s ]
SQL: SHOW COLUMNS FROM `ge_student` [ RunTime:0.0951s ]
SQL: SELECT * FROM `ge_student` WHERE ( number='1611112017' and password='888888' )  [ RunTime:0.0014s ]
SQL: SHOW COLUMNS FROM `ge_teacher` [ RunTime:0.0188s ]
SQL: SELECT * FROM `ge_teacher` WHERE ( number='1611112017' and password='888888' )  [ RunTime:0.0005s ]
SQL: SHOW COLUMNS FROM `ge_admin` [ RunTime:0.1858s ]
SQL: SELECT * FROM `ge_admin` WHERE ( name='1611112017' and password='888888' )  [ RunTime:0.0006s ]

[ 2018-05-20T12:37:27+08:00 ] ::1 /tp_GeneralEducation/index.php/Home/Student/index.html
INFO: [ app_init ] --START--
INFO: Run Behavior\BuildLiteBehavior [ RunTime:0.000020s ]
INFO: [ app_init ] --END-- [ RunTime:0.000132s ]
INFO: [ app_begin ] --START--
INFO: Run Behavior\ReadHtmlCacheBehavior [ RunTime:0.001059s ]
INFO: [ app_begin ] --END-- [ RunTime:0.001198s ]
SQL: SHOW COLUMNS FROM `ge_student` [ RunTime:0.0049s ]
SQL: SELECT * FROM `ge_student` WHERE `pk_student` = 125 LIMIT 1   [ RunTime:0.0004s ]
INFO: [ view_parse ] --START--
INFO: [ template_filter ] --START--
INFO: Run Behavior\ContentReplaceBehavior [ RunTime:0.000066s ]
INFO: [ template_filter ] --END-- [ RunTime:0.000152s ]
INFO: Run Behavior\ParseTemplateBehavior [ RunTime:0.037346s ]
INFO: [ view_parse ] --END-- [ RunTime:0.037455s ]
INFO: [ view_filter ] --START--
INFO: Run Behavior\WriteHtmlCacheBehavior [ RunTime:0.000773s ]
INFO: [ view_filter ] --END-- [ RunTime:0.000856s ]
INFO: [ app_end ] --START--
INFO: Run Behavior\ShowPageTraceBehavior [ RunTime:0.000989s ]
INFO: [ app_end ] --END-- [ RunTime:0.001075s ]
NOTIC: [8] A session had already been started - ignoring session_start() F:\xampp\htdocs\tp_GeneralEducation\index.php 第 28 行.

[ 2018-05-20T13:21:50+08:00 ] ::1 /tp_GeneralEducation/index.php/Home/Index/loginout/
INFO: [ app_init ] --START--
INFO: Run Behavior\BuildLiteBehavior [ RunTime:0.000028s ]
INFO: [ app_init ] --END-- [ RunTime:0.000265s ]
INFO: [ app_begin ] --START--
INFO: Run Behavior\ReadHtmlCacheBehavior [ RunTime:0.001971s ]
INFO: [ app_begin ] --END-- [ RunTime:0.002153s ]
INFO: [ view_parse ] --START--
INFO: [ template_filter ] --START--
INFO: Run Behavior\ContentReplaceBehavior [ RunTime:0.000050s ]
INFO: [ template_filter ] --END-- [ RunTime:0.000149s ]
INFO: Run Behavior\ParseTemplateBehavior [ RunTime:0.099075s ]
INFO: [ view_parse ] --END-- [ RunTime:0.099186s ]
INFO: [ view_filter ] --START--
INFO: Run Behavior\WriteHtmlCacheBehavior [ RunTime:0.001003s ]
INFO: [ view_filter ] --END-- [ RunTime:0.001102s ]
INFO: [ app_end ] --START--
INFO: Run Behavior\ShowPageTraceBehavior [ RunTime:0.001573s ]
INFO: [ app_end ] --END-- [ RunTime:0.001713s ]
NOTIC: [8] A session had already been started - ignoring session_start() F:\xampp\htdocs\tp_GeneralEducation\index.php 第 28 行.

[ 2018-05-20T13:21:51+08:00 ] ::1 /tp_GeneralEducation/index.php/Home/Index/index.html
INFO: [ app_init ] --START--
INFO: Run Behavior\BuildLiteBehavior [ RunTime:0.000035s ]
INFO: [ app_init ] --END-- [ RunTime:0.000194s ]
INFO: [ app_begin ] --START--
INFO: Run Behavior\ReadHtmlCacheBehavior [ RunTime:0.001124s ]
INFO: [ app_begin ] --END-- [ RunTime:0.001254s ]
SQL: SHOW COLUMNS FROM `ge_sources` [ RunTime:0.0134s ]
SQL: SELECT * FROM `ge_sources` WHERE `type` = '平台概况' ORDER BY ts desc LIMIT 1   [ RunTime:0.0004s ]
SQL: SELECT * FROM `ge_sources` WHERE `type` = '公告' ORDER BY ts desc LIMIT 1   [ RunTime:0.0003s ]
SQL: SELECT `pk_sources`,`title`,`savename`,`course`,`owner`,`url`,`type`,`des`,`dr`,`ts` FROM `ge_sources` WHERE ( pk_sources>0 and type='公共资源' and owner='0' ) ORDER BY pk_sources LIMIT 0,2   [ RunTime:0.0003s ]
INFO: [ view_parse ] --START--
INFO: [ template_filter ] --START--
INFO: Run Behavior\ContentReplaceBehavior [ RunTime:0.000081s ]
INFO: [ template_filter ] --END-- [ RunTime:0.000185s ]
NOTIC: [8] A session had already been started - ignoring session_start() F:\xampp\htdocs\tp_GeneralEducation\Application\Runtime\Cache\Home\2a94b8bda04ff446dcedd42276fc99ee.php 第 1 行.
NOTIC: [2] include(conn.php): failed to open stream: No such file or directory F:\xampp\htdocs\tp_GeneralEducation\Application\Runtime\Cache\Home\2a94b8bda04ff446dcedd42276fc99ee.php 第 1 行.
NOTIC: [2] include(): Failed opening 'conn.php' for inclusion (include_path='F:\xampp\php\PEAR') F:\xampp\htdocs\tp_GeneralEducation\Application\Runtime\Cache\Home\2a94b8bda04ff446dcedd42276fc99ee.php 第 1 行.
INFO: Run Behavior\ParseTemplateBehavior [ RunTime:0.015453s ]
INFO: [ view_parse ] --END-- [ RunTime:0.015568s ]
INFO: [ view_filter ] --START--
INFO: Run Behavior\WriteHtmlCacheBehavior [ RunTime:0.000734s ]
INFO: [ view_filter ] --END-- [ RunTime:0.000821s ]
INFO: [ app_end ] --START--
INFO: Run Behavior\ShowPageTraceBehavior [ RunTime:0.001090s ]
INFO: [ app_end ] --END-- [ RunTime:0.001225s ]
NOTIC: [8] A session had already been started - ignoring session_start() F:\xampp\htdocs\tp_GeneralEducation\index.php 第 28 行.

[ 2018-05-20T13:21:52+08:00 ] ::1 /tp_GeneralEducation/index.php/Home/Index/login/
INFO: [ app_init ] --START--
INFO: Run Behavior\BuildLiteBehavior [ RunTime:0.000038s ]
INFO: [ app_init ] --END-- [ RunTime:0.000208s ]
INFO: [ app_begin ] --START--
INFO: Run Behavior\ReadHtmlCacheBehavior [ RunTime:0.003296s ]
INFO: [ app_begin ] --END-- [ RunTime:0.003632s ]
INFO: [ view_parse ] --START--
INFO: [ template_filter ] --START--
INFO: Run Behavior\ContentReplaceBehavior [ RunTime:0.000082s ]
INFO: [ template_filter ] --END-- [ RunTime:0.000239s ]
INFO: Run Behavior\ParseTemplateBehavior [ RunTime:0.015059s ]
INFO: [ view_parse ] --END-- [ RunTime:0.015228s ]
INFO: [ view_filter ] --START--
INFO: Run Behavior\WriteHtmlCacheBehavior [ RunTime:0.001345s ]
INFO: [ view_filter ] --END-- [ RunTime:0.001856s ]
INFO: [ app_end ] --START--
INFO: Run Behavior\ShowPageTraceBehavior [ RunTime:0.002177s ]
INFO: [ app_end ] --END-- [ RunTime:0.002376s ]
NOTIC: [8] A session had already been started - ignoring session_start() F:\xampp\htdocs\tp_GeneralEducation\index.php 第 28 行.

[ 2018-05-20T13:21:53+08:00 ] ::1 /tp_GeneralEducation/index.php/Home/Index/login/common/jquery.js
INFO: [ app_init ] --START--
INFO: Run Behavior\BuildLiteBehavior [ RunTime:0.000035s ]
INFO: [ app_init ] --END-- [ RunTime:0.000194s ]
INFO: [ app_begin ] --START--
INFO: Run Behavior\ReadHtmlCacheBehavior [ RunTime:0.001466s ]
INFO: [ app_begin ] --END-- [ RunTime:0.001657s ]
INFO: [ view_parse ] --START--
INFO: [ template_filter ] --START--
INFO: Run Behavior\ContentReplaceBehavior [ RunTime:0.000089s ]
INFO: [ template_filter ] --END-- [ RunTime:0.000247s ]
INFO: Run Behavior\ParseTemplateBehavior [ RunTime:0.014433s ]
INFO: [ view_parse ] --END-- [ RunTime:0.014692s ]
INFO: [ view_filter ] --START--
INFO: Run Behavior\WriteHtmlCacheBehavior [ RunTime:0.001373s ]
INFO: [ view_filter ] --END-- [ RunTime:0.001522s ]
INFO: [ app_end ] --START--
INFO: Run Behavior\ShowPageTraceBehavior [ RunTime:0.001762s ]
INFO: [ app_end ] --END-- [ RunTime:0.001925s ]
NOTIC: [8] A session had already been started - ignoring session_start() F:\xampp\htdocs\tp_GeneralEducation\index.php 第 28 行.

[ 2018-05-20T13:21:58+08:00 ] ::1 /tp_GeneralEducation/index.php/Home/Index/login_post/
INFO: [ app_init ] --START--
INFO: Run Behavior\BuildLiteBehavior [ RunTime:0.000045s ]
INFO: [ app_init ] --END-- [ RunTime:0.000209s ]
INFO: [ app_begin ] --START--
INFO: Run Behavior\ReadHtmlCacheBehavior [ RunTime:0.000941s ]
INFO: [ app_begin ] --END-- [ RunTime:0.001035s ]
SQL: SHOW COLUMNS FROM `ge_student` [ RunTime:0.0172s ]
SQL: SELECT * FROM `ge_student` WHERE ( number='251027' and password='251027' )  [ RunTime:0.0005s ]
SQL: SHOW COLUMNS FROM `ge_teacher` [ RunTime:0.0348s ]
SQL: SELECT * FROM `ge_teacher` WHERE ( number='251027' and password='251027' )  [ RunTime:0.0004s ]
SQL: SHOW COLUMNS FROM `ge_admin` [ RunTime:0.0044s ]
SQL: SELECT * FROM `ge_admin` WHERE ( name='251027' and password='251027' )  [ RunTime:0.0003s ]
INFO: [ view_parse ] --START--
INFO: [ template_filter ] --START--
INFO: Run Behavior\ContentReplaceBehavior [ RunTime:0.000048s ]
INFO: [ template_filter ] --END-- [ RunTime:0.000137s ]
INFO: Run Behavior\ParseTemplateBehavior [ RunTime:0.008056s ]
INFO: [ view_parse ] --END-- [ RunTime:0.008149s ]
INFO: [ view_filter ] --START--
INFO: Run Behavior\WriteHtmlCacheBehavior [ RunTime:0.000830s ]
INFO: [ view_filter ] --END-- [ RunTime:0.000921s ]

[ 2018-05-20T13:22:32+08:00 ] ::1 /tp_GeneralEducation/index.php/Home/Index/login_post/
INFO: [ app_init ] --START--
INFO: Run Behavior\BuildLiteBehavior [ RunTime:0.000034s ]
INFO: [ app_init ] --END-- [ RunTime:0.000145s ]
INFO: [ app_begin ] --START--
INFO: Run Behavior\ReadHtmlCacheBehavior [ RunTime:0.000916s ]
INFO: [ app_begin ] --END-- [ RunTime:0.001004s ]
SQL: SHOW COLUMNS FROM `ge_student` [ RunTime:0.0193s ]
SQL: SELECT * FROM `ge_student` WHERE ( number='251027' and password='25' )  [ RunTime:0.0005s ]
SQL: SHOW COLUMNS FROM `ge_teacher` [ RunTime:0.0426s ]
SQL: SELECT * FROM `ge_teacher` WHERE ( number='251027' and password='25' )  [ RunTime:0.0004s ]
SQL: SHOW COLUMNS FROM `ge_admin` [ RunTime:0.0406s ]
SQL: SELECT * FROM `ge_admin` WHERE ( name='251027' and password='25' )  [ RunTime:0.0004s ]

[ 2018-05-20T13:22:32+08:00 ] ::1 /tp_GeneralEducation/index.php/Home/Teacher/index.html
INFO: [ app_init ] --START--
INFO: Run Behavior\BuildLiteBehavior [ RunTime:0.000021s ]
INFO: [ app_init ] --END-- [ RunTime:0.000106s ]
INFO: [ app_begin ] --START--
INFO: Run Behavior\ReadHtmlCacheBehavior [ RunTime:0.001051s ]
INFO: [ app_begin ] --END-- [ RunTime:0.001178s ]
SQL: SHOW COLUMNS FROM `ge_teacher` [ RunTime:0.0056s ]
SQL: SELECT * FROM `ge_teacher` WHERE `pk_teacher` = 41 LIMIT 1   [ RunTime:0.0015s ]
INFO: [ view_parse ] --START--
INFO: [ template_filter ] --START--
INFO: Run Behavior\ContentReplaceBehavior [ RunTime:0.000088s ]
INFO: [ template_filter ] --END-- [ RunTime:0.000208s ]
INFO: Run Behavior\ParseTemplateBehavior [ RunTime:0.044003s ]
INFO: [ view_parse ] --END-- [ RunTime:0.044113s ]
INFO: [ view_filter ] --START--
INFO: Run Behavior\WriteHtmlCacheBehavior [ RunTime:0.000774s ]
INFO: [ view_filter ] --END-- [ RunTime:0.000854s ]
INFO: [ app_end ] --START--
INFO: Run Behavior\ShowPageTraceBehavior [ RunTime:0.001009s ]
INFO: [ app_end ] --END-- [ RunTime:0.001100s ]
NOTIC: [8] A session had already been started - ignoring session_start() F:\xampp\htdocs\tp_GeneralEducation\index.php 第 28 行.

[ 2018-05-20T13:23:14+08:00 ] ::1 /tp_GeneralEducation/index.php/Home/Index/loginout/
INFO: [ app_init ] --START--
INFO: Run Behavior\BuildLiteBehavior [ RunTime:0.000023s ]
INFO: [ app_init ] --END-- [ RunTime:0.000119s ]
INFO: [ app_begin ] --START--
INFO: Run Behavior\ReadHtmlCacheBehavior [ RunTime:0.000975s ]
INFO: [ app_begin ] --END-- [ RunTime:0.001058s ]
INFO: [ view_parse ] --START--
INFO: [ template_filter ] --START--
INFO: Run Behavior\ContentReplaceBehavior [ RunTime:0.000068s ]
INFO: [ template_filter ] --END-- [ RunTime:0.000196s ]
INFO: Run Behavior\ParseTemplateBehavior [ RunTime:0.009058s ]
INFO: [ view_parse ] --END-- [ RunTime:0.009197s ]
INFO: [ view_filter ] --START--
INFO: Run Behavior\WriteHtmlCacheBehavior [ RunTime:0.001068s ]
INFO: [ view_filter ] --END-- [ RunTime:0.001217s ]
INFO: [ app_end ] --START--
INFO: Run Behavior\ShowPageTraceBehavior [ RunTime:0.001245s ]
INFO: [ app_end ] --END-- [ RunTime:0.001361s ]
NOTIC: [8] A session had already been started - ignoring session_start() F:\xampp\htdocs\tp_GeneralEducation\index.php 第 28 行.

[ 2018-05-20T13:23:16+08:00 ] ::1 /tp_GeneralEducation/index.php/Home/Index/index.html
INFO: [ app_init ] --START--
INFO: Run Behavior\BuildLiteBehavior [ RunTime:0.000041s ]
INFO: [ app_init ] --END-- [ RunTime:0.000207s ]
INFO: [ app_begin ] --START--
INFO: Run Behavior\ReadHtmlCacheBehavior [ RunTime:0.001276s ]
INFO: [ app_begin ] --END-- [ RunTime:0.001398s ]
SQL: SHOW COLUMNS FROM `ge_sources` [ RunTime:0.0061s ]
SQL: SELECT * FROM `ge_sources` WHERE `type` = '平台概况' ORDER BY ts desc LIMIT 1   [ RunTime:0.0004s ]
SQL: SELECT * FROM `ge_sources` WHERE `type` = '公告' ORDER BY ts desc LIMIT 1   [ RunTime:0.0003s ]
SQL: SELECT `pk_sources`,`title`,`savename`,`course`,`owner`,`url`,`type`,`des`,`dr`,`ts` FROM `ge_sources` WHERE ( pk_sources>0 and type='公共资源' and owner='0' ) ORDER BY pk_sources LIMIT 0,2   [ RunTime:0.0004s ]
INFO: [ view_parse ] --START--
INFO: [ template_filter ] --START--
INFO: Run Behavior\ContentReplaceBehavior [ RunTime:0.000136s ]
INFO: [ template_filter ] --END-- [ RunTime:0.000347s ]
NOTIC: [8] A session had already been started - ignoring session_start() F:\xampp\htdocs\tp_GeneralEducation\Application\Runtime\Cache\Home\2a94b8bda04ff446dcedd42276fc99ee.php 第 1 行.
NOTIC: [2] include(conn.php): failed to open stream: No such file or directory F:\xampp\htdocs\tp_GeneralEducation\Application\Runtime\Cache\Home\2a94b8bda04ff446dcedd42276fc99ee.php 第 1 行.
NOTIC: [2] include(): Failed opening 'conn.php' for inclusion (include_path='F:\xampp\php\PEAR') F:\xampp\htdocs\tp_GeneralEducation\Application\Runtime\Cache\Home\2a94b8bda04ff446dcedd42276fc99ee.php 第 1 行.
INFO: Run Behavior\ParseTemplateBehavior [ RunTime:0.011952s ]
INFO: [ view_parse ] --END-- [ RunTime:0.012036s ]
INFO: [ view_filter ] --START--
INFO: Run Behavior\WriteHtmlCacheBehavior [ RunTime:0.000783s ]
INFO: [ view_filter ] --END-- [ RunTime:0.000861s ]
INFO: [ app_end ] --START--
INFO: Run Behavior\ShowPageTraceBehavior [ RunTime:0.001040s ]
INFO: [ app_end ] --END-- [ RunTime:0.001120s ]
NOTIC: [8] A session had already been started - ignoring session_start() F:\xampp\htdocs\tp_GeneralEducation\index.php 第 28 行.

[ 2018-05-20T13:23:17+08:00 ] ::1 /tp_GeneralEducation/index.php/Home/Index/login/
INFO: [ app_init ] --START--
INFO: Run Behavior\BuildLiteBehavior [ RunTime:0.000039s ]
INFO: [ app_init ] --END-- [ RunTime:0.000326s ]
INFO: [ app_begin ] --START--
INFO: Run Behavior\ReadHtmlCacheBehavior [ RunTime:0.002552s ]
INFO: [ app_begin ] --END-- [ RunTime:0.002830s ]
INFO: [ view_parse ] --START--
INFO: [ template_filter ] --START--
INFO: Run Behavior\ContentReplaceBehavior [ RunTime:0.000087s ]
INFO: [ template_filter ] --END-- [ RunTime:0.000248s ]
INFO: Run Behavior\ParseTemplateBehavior [ RunTime:0.014929s ]
INFO: [ view_parse ] --END-- [ RunTime:0.015153s ]
INFO: [ view_filter ] --START--
INFO: Run Behavior\WriteHtmlCacheBehavior [ RunTime:0.001253s ]
INFO: [ view_filter ] --END-- [ RunTime:0.001411s ]
INFO: [ app_end ] --START--
INFO: Run Behavior\ShowPageTraceBehavior [ RunTime:0.001522s ]
INFO: [ app_end ] --END-- [ RunTime:0.001679s ]
NOTIC: [8] A session had already been started - ignoring session_start() F:\xampp\htdocs\tp_GeneralEducation\index.php 第 28 行.

[ 2018-05-20T13:23:17+08:00 ] ::1 /tp_GeneralEducation/index.php/Home/Index/login/common/jquery.js
INFO: [ app_init ] --START--
INFO: Run Behavior\BuildLiteBehavior [ RunTime:0.000038s ]
INFO: [ app_init ] --END-- [ RunTime:0.000201s ]
INFO: [ app_begin ] --START--
INFO: Run Behavior\ReadHtmlCacheBehavior [ RunTime:0.001087s ]
INFO: [ app_begin ] --END-- [ RunTime:0.001254s ]
INFO: [ view_parse ] --START--
INFO: [ template_filter ] --START--
INFO: Run Behavior\ContentReplaceBehavior [ RunTime:0.000068s ]
INFO: [ template_filter ] --END-- [ RunTime:0.000204s ]
INFO: Run Behavior\ParseTemplateBehavior [ RunTime:0.016811s ]
INFO: [ view_parse ] --END-- [ RunTime:0.017040s ]
INFO: [ view_filter ] --START--
INFO: Run Behavior\WriteHtmlCacheBehavior [ RunTime:0.001209s ]
INFO: [ view_filter ] --END-- [ RunTime:0.001450s ]
INFO: [ app_end ] --START--
INFO: Run Behavior\ShowPageTraceBehavior [ RunTime:0.001798s ]
INFO: [ app_end ] --END-- [ RunTime:0.001955s ]
NOTIC: [8] A session had already been started - ignoring session_start() F:\xampp\htdocs\tp_GeneralEducation\index.php 第 28 行.

[ 2018-05-20T13:23:24+08:00 ] ::1 /tp_GeneralEducation/index.php/Home/Index/login_post/
INFO: [ app_init ] --START--
INFO: Run Behavior\BuildLiteBehavior [ RunTime:0.000038s ]
INFO: [ app_init ] --END-- [ RunTime:0.000270s ]
INFO: [ app_begin ] --START--
INFO: Run Behavior\ReadHtmlCacheBehavior [ RunTime:0.000957s ]
INFO: [ app_begin ] --END-- [ RunTime:0.001047s ]
SQL: SHOW COLUMNS FROM `ge_student` [ RunTime:0.0546s ]
SQL: SELECT * FROM `ge_student` WHERE ( number='admin' and password='hqu' )  [ RunTime:0.0004s ]
SQL: SHOW COLUMNS FROM `ge_teacher` [ RunTime:0.0442s ]
SQL: SELECT * FROM `ge_teacher` WHERE ( number='admin' and password='hqu' )  [ RunTime:0.0008s ]
SQL: SHOW COLUMNS FROM `ge_admin` [ RunTime:0.0465s ]
SQL: SELECT * FROM `ge_admin` WHERE ( name='admin' and password='hqu' )  [ RunTime:0.0004s ]

[ 2018-05-20T13:23:25+08:00 ] ::1 /tp_GeneralEducation/index.php/Home/Admin/index.html
INFO: [ app_init ] --START--
INFO: Run Behavior\BuildLiteBehavior [ RunTime:0.000035s ]
INFO: [ app_init ] --END-- [ RunTime:0.000142s ]
INFO: [ app_begin ] --START--
INFO: Run Behavior\ReadHtmlCacheBehavior [ RunTime:0.001013s ]
INFO: [ app_begin ] --END-- [ RunTime:0.001106s ]
SQL: SHOW COLUMNS FROM `ge_teacher` [ RunTime:0.0354s ]
SQL: SELECT COUNT(*) AS tp_count FROM `ge_teacher` WHERE ( pk_teacher>0 ) LIMIT 1   [ RunTime:0.0005s ]
SQL: SELECT `pk_teacher`,`number`,`name`,`password`,`sex`,`email`,`phone`,`dr`,`ts` FROM `ge_teacher` WHERE ( pk_teacher>0 ) ORDER BY pk_teacher LIMIT 0,10   [ RunTime:0.0006s ]
INFO: [ view_parse ] --START--
INFO: [ template_filter ] --START--
INFO: Run Behavior\ContentReplaceBehavior [ RunTime:0.000074s ]
INFO: [ template_filter ] --END-- [ RunTime:0.000167s ]
INFO: Run Behavior\ParseTemplateBehavior [ RunTime:0.014947s ]
INFO: [ view_parse ] --END-- [ RunTime:0.015052s ]
INFO: [ view_filter ] --START--
INFO: Run Behavior\WriteHtmlCacheBehavior [ RunTime:0.000809s ]
INFO: [ view_filter ] --END-- [ RunTime:0.000911s ]
INFO: [ app_end ] --START--
INFO: Run Behavior\ShowPageTraceBehavior [ RunTime:0.001256s ]
INFO: [ app_end ] --END-- [ RunTime:0.001426s ]
NOTIC: [8] A session had already been started - ignoring session_start() F:\xampp\htdocs\tp_GeneralEducation\index.php 第 28 行.

[ 2018-05-20T14:14:34+08:00 ] ::1 /tp_GeneralEducation/index.php/Home/Admin/admin_user_stu/
INFO: [ app_init ] --START--
INFO: Run Behavior\BuildLiteBehavior [ RunTime:0.000028s ]
INFO: [ app_init ] --END-- [ RunTime:0.000289s ]
INFO: [ app_begin ] --START--
INFO: Run Behavior\ReadHtmlCacheBehavior [ RunTime:0.001525s ]
INFO: [ app_begin ] --END-- [ RunTime:0.001639s ]
SQL: SHOW COLUMNS FROM `ge_student` [ RunTime:0.0061s ]
SQL: SELECT COUNT(*) AS tp_count FROM `ge_student` WHERE ( pk_student>0 ) LIMIT 1   [ RunTime:0.0254s ]
SQL: SELECT `pk_student`,`number`,`name`,`password`,`sex`,`college`,`class`,`email`,`phone`,`dr`,`ts` FROM `ge_student` WHERE ( pk_student>0 ) ORDER BY pk_student LIMIT 0,10   [ RunTime:0.0005s ]
INFO: [ view_parse ] --START--
INFO: [ template_filter ] --START--
INFO: Run Behavior\ContentReplaceBehavior [ RunTime:0.000069s ]
INFO: [ template_filter ] --END-- [ RunTime:0.000178s ]
INFO: Run Behavior\ParseTemplateBehavior [ RunTime:0.037126s ]
INFO: [ view_parse ] --END-- [ RunTime:0.037242s ]
INFO: [ view_filter ] --START--
INFO: Run Behavior\WriteHtmlCacheBehavior [ RunTime:0.000996s ]
INFO: [ view_filter ] --END-- [ RunTime:0.001119s ]
INFO: [ app_end ] --START--
INFO: Run Behavior\ShowPageTraceBehavior [ RunTime:0.001626s ]
INFO: [ app_end ] --END-- [ RunTime:0.001765s ]
NOTIC: [8] A session had already been started - ignoring session_start() F:\xampp\htdocs\tp_GeneralEducation\index.php 第 28 行.

[ 2018-05-20T14:14:36+08:00 ] ::1 /tp_GeneralEducation/index.php/Home/Admin/index/
INFO: [ app_init ] --START--
INFO: Run Behavior\BuildLiteBehavior [ RunTime:0.000024s ]
INFO: [ app_init ] --END-- [ RunTime:0.000142s ]
INFO: [ app_begin ] --START--
INFO: Run Behavior\ReadHtmlCacheBehavior [ RunTime:0.000973s ]
INFO: [ app_begin ] --END-- [ RunTime:0.001075s ]
SQL: SHOW COLUMNS FROM `ge_teacher` [ RunTime:0.0067s ]
SQL: SELECT COUNT(*) AS tp_count FROM `ge_teacher` WHERE ( pk_teacher>0 ) LIMIT 1   [ RunTime:0.0005s ]
SQL: SELECT `pk_teacher`,`number`,`name`,`password`,`sex`,`email`,`phone`,`dr`,`ts` FROM `ge_teacher` WHERE ( pk_teacher>0 ) ORDER BY pk_teacher LIMIT 0,10   [ RunTime:0.0008s ]
INFO: [ view_parse ] --START--
INFO: [ template_filter ] --START--
INFO: Run Behavior\ContentReplaceBehavior [ RunTime:0.000088s ]
INFO: [ template_filter ] --END-- [ RunTime:0.000208s ]
INFO: Run Behavior\ParseTemplateBehavior [ RunTime:0.011515s ]
INFO: [ view_parse ] --END-- [ RunTime:0.011676s ]
INFO: [ view_filter ] --START--
INFO: Run Behavior\WriteHtmlCacheBehavior [ RunTime:0.000861s ]
INFO: [ view_filter ] --END-- [ RunTime:0.000949s ]
INFO: [ app_end ] --START--
INFO: Run Behavior\ShowPageTraceBehavior [ RunTime:0.000978s ]
INFO: [ app_end ] --END-- [ RunTime:0.001071s ]
NOTIC: [8] A session had already been started - ignoring session_start() F:\xampp\htdocs\tp_GeneralEducation\index.php 第 28 行.

[ 2018-05-20T14:38:48+08:00 ] ::1 /tp_GeneralEducation/index.php/Home/Admin/admin_data/
INFO: [ app_init ] --START--
INFO: Run Behavior\BuildLiteBehavior [ RunTime:0.000022s ]
INFO: [ app_init ] --END-- [ RunTime:0.000116s ]
INFO: [ app_begin ] --START--
INFO: Run Behavior\ReadHtmlCacheBehavior [ RunTime:0.001260s ]
INFO: [ app_begin ] --END-- [ RunTime:0.001361s ]
SQL: SHOW COLUMNS FROM `ge_sources` [ RunTime:0.0060s ]
SQL: SELECT COUNT(*) AS tp_count FROM `ge_sources` WHERE ( owner = '0' ) LIMIT 1   [ RunTime:0.0005s ]
SQL: SELECT `pk_sources`,`title`,`savename`,`course`,`owner`,`url`,`type`,`des`,`dr`,`ts` FROM `ge_sources` WHERE ( owner = '0' ) LIMIT 0,10   [ RunTime:0.0004s ]
INFO: [ view_parse ] --START--
INFO: [ template_filter ] --START--
INFO: Run Behavior\ContentReplaceBehavior [ RunTime:0.000073s ]
INFO: [ template_filter ] --END-- [ RunTime:0.000159s ]
NOTIC: [8] Undefined variable: selected F:\xampp\htdocs\tp_GeneralEducation\Application\Runtime\Cache\Home\1f16749b41095dca64108ffa106c0a93.php 第 40 行.
NOTIC: [8] Undefined variable: selected F:\xampp\htdocs\tp_GeneralEducation\Application\Runtime\Cache\Home\1f16749b41095dca64108ffa106c0a93.php 第 41 行.
NOTIC: [8] Undefined variable: selected F:\xampp\htdocs\tp_GeneralEducation\Application\Runtime\Cache\Home\1f16749b41095dca64108ffa106c0a93.php 第 42 行.
INFO: Run Behavior\ParseTemplateBehavior [ RunTime:0.036560s ]
INFO: [ view_parse ] --END-- [ RunTime:0.036667s ]
INFO: [ view_filter ] --START--
INFO: Run Behavior\WriteHtmlCacheBehavior [ RunTime:0.001475s ]
INFO: [ view_filter ] --END-- [ RunTime:0.001595s ]
INFO: [ app_end ] --START--
INFO: Run Behavior\ShowPageTraceBehavior [ RunTime:0.001760s ]
INFO: [ app_end ] --END-- [ RunTime:0.001892s ]
NOTIC: [8] A session had already been started - ignoring session_start() F:\xampp\htdocs\tp_GeneralEducation\index.php 第 28 行.

[ 2018-05-20T16:29:50+08:00 ] ::1 /tp_GeneralEducation/
INFO: [ app_init ] --START--
INFO: Run Behavior\BuildLiteBehavior [ RunTime:0.000029s ]
INFO: [ app_init ] --END-- [ RunTime:0.000285s ]
INFO: [ app_begin ] --START--
INFO: Run Behavior\ReadHtmlCacheBehavior [ RunTime:0.001664s ]
INFO: [ app_begin ] --END-- [ RunTime:0.001829s ]
SQL: SHOW COLUMNS FROM `ge_sources` [ RunTime:0.0067s ]
SQL: SELECT * FROM `ge_sources` WHERE `type` = '平台概况' ORDER BY ts desc LIMIT 1   [ RunTime:0.0005s ]
SQL: SELECT * FROM `ge_sources` WHERE `type` = '公告' ORDER BY ts desc LIMIT 1   [ RunTime:0.0003s ]
SQL: SELECT `pk_sources`,`title`,`savename`,`course`,`owner`,`url`,`type`,`des`,`dr`,`ts` FROM `ge_sources` WHERE ( pk_sources>0 and type='公共资源' and owner='0' ) ORDER BY pk_sources LIMIT 0,2   [ RunTime:0.0004s ]
INFO: [ view_parse ] --START--
INFO: [ template_filter ] --START--
INFO: Run Behavior\ContentReplaceBehavior [ RunTime:0.000107s ]
INFO: [ template_filter ] --END-- [ RunTime:0.000267s ]
NOTIC: [8] A session had already been started - ignoring session_start() F:\xampp\htdocs\tp_GeneralEducation\Application\Runtime\Cache\Home\2a94b8bda04ff446dcedd42276fc99ee.php 第 1 行.
NOTIC: [2] include(conn.php): failed to open stream: No such file or directory F:\xampp\htdocs\tp_GeneralEducation\Application\Runtime\Cache\Home\2a94b8bda04ff446dcedd42276fc99ee.php 第 1 行.
NOTIC: [2] include(): Failed opening 'conn.php' for inclusion (include_path='F:\xampp\php\PEAR') F:\xampp\htdocs\tp_GeneralEducation\Application\Runtime\Cache\Home\2a94b8bda04ff446dcedd42276fc99ee.php 第 1 行.
INFO: Run Behavior\ParseTemplateBehavior [ RunTime:0.016895s ]
INFO: [ view_parse ] --END-- [ RunTime:0.017025s ]
INFO: [ view_filter ] --START--
INFO: Run Behavior\WriteHtmlCacheBehavior [ RunTime:0.001839s ]
INFO: [ view_filter ] --END-- [ RunTime:0.002010s ]
INFO: [ app_end ] --START--
INFO: Run Behavior\ShowPageTraceBehavior [ RunTime:0.002608s ]
INFO: [ app_end ] --END-- [ RunTime:0.002772s ]
NOTIC: [8] A session had already been started - ignoring session_start() F:\xampp\htdocs\tp_GeneralEducation\index.php 第 28 行.

[ 2018-05-20T16:29:52+08:00 ] ::1 /tp_GeneralEducation/index.php/Home/Index/login/
INFO: [ app_init ] --START--
INFO: Run Behavior\BuildLiteBehavior [ RunTime:0.000035s ]
INFO: [ app_init ] --END-- [ RunTime:0.000185s ]
INFO: [ app_begin ] --START--
INFO: Run Behavior\ReadHtmlCacheBehavior [ RunTime:0.003825s ]
INFO: [ app_begin ] --END-- [ RunTime:0.003998s ]
INFO: [ view_parse ] --START--
INFO: [ template_filter ] --START--
INFO: Run Behavior\ContentReplaceBehavior [ RunTime:0.000058s ]
INFO: [ template_filter ] --END-- [ RunTime:0.000223s ]
INFO: Run Behavior\ParseTemplateBehavior [ RunTime:0.013354s ]
INFO: [ view_parse ] --END-- [ RunTime:0.013526s ]
INFO: [ view_filter ] --START--
INFO: Run Behavior\WriteHtmlCacheBehavior [ RunTime:0.001160s ]
INFO: [ view_filter ] --END-- [ RunTime:0.001314s ]
INFO: [ app_end ] --START--
INFO: Run Behavior\ShowPageTraceBehavior [ RunTime:0.001537s ]
INFO: [ app_end ] --END-- [ RunTime:0.001684s ]
NOTIC: [8] A session had already been started - ignoring session_start() F:\xampp\htdocs\tp_GeneralEducation\index.php 第 28 行.

[ 2018-05-20T16:29:52+08:00 ] ::1 /tp_GeneralEducation/index.php/Home/Index/login/common/jquery.js
INFO: [ app_init ] --START--
INFO: Run Behavior\BuildLiteBehavior [ RunTime:0.000040s ]
INFO: [ app_init ] --END-- [ RunTime:0.000225s ]
INFO: [ app_begin ] --START--
INFO: Run Behavior\ReadHtmlCacheBehavior [ RunTime:0.001265s ]
INFO: [ app_begin ] --END-- [ RunTime:0.001417s ]
INFO: [ view_parse ] --START--
INFO: [ template_filter ] --START--
INFO: Run Behavior\ContentReplaceBehavior [ RunTime:0.000060s ]
INFO: [ template_filter ] --END-- [ RunTime:0.000167s ]
INFO: Run Behavior\ParseTemplateBehavior [ RunTime:0.016046s ]
INFO: [ view_parse ] --END-- [ RunTime:0.016207s ]
INFO: [ view_filter ] --START--
INFO: Run Behavior\WriteHtmlCacheBehavior [ RunTime:0.001058s ]
INFO: [ view_filter ] --END-- [ RunTime:0.001205s ]
INFO: [ app_end ] --START--
INFO: Run Behavior\ShowPageTraceBehavior [ RunTime:0.001246s ]
INFO: [ app_end ] --END-- [ RunTime:0.001373s ]
NOTIC: [8] A session had already been started - ignoring session_start() F:\xampp\htdocs\tp_GeneralEducation\index.php 第 28 行.

[ 2018-05-20T16:29:56+08:00 ] ::1 /tp_GeneralEducation/index.php/Home/Index/login_post/
INFO: [ app_init ] --START--
INFO: Run Behavior\BuildLiteBehavior [ RunTime:0.000021s ]
INFO: [ app_init ] --END-- [ RunTime:0.000130s ]
INFO: [ app_begin ] --START--
INFO: Run Behavior\ReadHtmlCacheBehavior [ RunTime:0.001318s ]
INFO: [ app_begin ] --END-- [ RunTime:0.001626s ]
SQL: SHOW COLUMNS FROM `ge_student` [ RunTime:0.0291s ]
SQL: SELECT * FROM `ge_student` WHERE ( number='251027' and password='25' )  [ RunTime:0.0007s ]
SQL: SHOW COLUMNS FROM `ge_teacher` [ RunTime:0.0671s ]
SQL: SELECT * FROM `ge_teacher` WHERE ( number='251027' and password='25' )  [ RunTime:0.0004s ]
SQL: SHOW COLUMNS FROM `ge_admin` [ RunTime:0.0567s ]
SQL: SELECT * FROM `ge_admin` WHERE ( name='251027' and password='25' )  [ RunTime:0.0004s ]

[ 2018-05-20T16:29:56+08:00 ] ::1 /tp_GeneralEducation/index.php/Home/Teacher/index.html
INFO: [ app_init ] --START--
INFO: Run Behavior\BuildLiteBehavior [ RunTime:0.000021s ]
INFO: [ app_init ] --END-- [ RunTime:0.000108s ]
INFO: [ app_begin ] --START--
INFO: Run Behavior\ReadHtmlCacheBehavior [ RunTime:0.001077s ]
INFO: [ app_begin ] --END-- [ RunTime:0.001187s ]
SQL: SHOW COLUMNS FROM `ge_teacher` [ RunTime:0.0199s ]
SQL: SELECT * FROM `ge_teacher` WHERE `pk_teacher` = 41 LIMIT 1   [ RunTime:0.0004s ]
INFO: [ view_parse ] --START--
INFO: [ template_filter ] --START--
INFO: Run Behavior\ContentReplaceBehavior [ RunTime:0.000067s ]
INFO: [ template_filter ] --END-- [ RunTime:0.000150s ]
INFO: Run Behavior\ParseTemplateBehavior [ RunTime:0.007970s ]
INFO: [ view_parse ] --END-- [ RunTime:0.008077s ]
INFO: [ view_filter ] --START--
INFO: Run Behavior\WriteHtmlCacheBehavior [ RunTime:0.001053s ]
INFO: [ view_filter ] --END-- [ RunTime:0.001188s ]
INFO: [ app_end ] --START--
INFO: Run Behavior\ShowPageTraceBehavior [ RunTime:0.001264s ]
INFO: [ app_end ] --END-- [ RunTime:0.001395s ]
NOTIC: [8] A session had already been started - ignoring session_start() F:\xampp\htdocs\tp_GeneralEducation\index.php 第 28 行.

[ 2018-05-20T16:29:59+08:00 ] ::1 /tp_GeneralEducation/index.php/Home/Teacher/teacher_course/
INFO: [ app_init ] --START--
INFO: Run Behavior\BuildLiteBehavior [ RunTime:0.000021s ]
INFO: [ app_init ] --END-- [ RunTime:0.000121s ]
INFO: [ app_begin ] --START--
INFO: Run Behavior\ReadHtmlCacheBehavior [ RunTime:0.001008s ]
INFO: [ app_begin ] --END-- [ RunTime:0.001100s ]
SQL: SHOW COLUMNS FROM `ge_teacher` [ RunTime:0.0047s ]
SQL: SELECT * FROM `ge_teacher` WHERE `pk_teacher` = 41 LIMIT 1   [ RunTime:0.0004s ]
SQL: SELECT * FROM `ge_teacher` WHERE `pk_teacher` = 41 LIMIT 1   [ RunTime:0.0003s ]
SQL: SHOW COLUMNS FROM `ge_teaching` [ RunTime:0.0050s ]
SQL: SELECT COUNT(*) AS tp_count FROM ge_teaching as a INNER JOIN ge_student as b INNER JOIN ge_course as c  WHERE ( a.pk_course = c.pk_course and a.pk_teacher = '41' and a.class=b.class ) LIMIT 1   [ RunTime:0.0277s ]
SQL: SELECT b.number number,b.name name,b.class class,c.name course FROM ge_teaching as a INNER JOIN ge_student as b INNER JOIN ge_course as c  WHERE ( a.pk_course = c.pk_course and a.pk_teacher = '41' and a.class=b.class ) LIMIT 0,10   [ RunTime:0.0007s ]
INFO: [ view_parse ] --START--
INFO: [ template_filter ] --START--
INFO: Run Behavior\ContentReplaceBehavior [ RunTime:0.000122s ]
INFO: [ template_filter ] --END-- [ RunTime:0.000264s ]
NOTIC: [8] Undefined variable: selected F:\xampp\htdocs\tp_GeneralEducation\Application\Runtime\Cache\Home\cb0f90efd44d6288fe31b280567fc839.php 第 45 行.
NOTIC: [8] Undefined variable: selected F:\xampp\htdocs\tp_GeneralEducation\Application\Runtime\Cache\Home\cb0f90efd44d6288fe31b280567fc839.php 第 46 行.
NOTIC: [8] Undefined variable: selected F:\xampp\htdocs\tp_GeneralEducation\Application\Runtime\Cache\Home\cb0f90efd44d6288fe31b280567fc839.php 第 47 行.
INFO: Run Behavior\ParseTemplateBehavior [ RunTime:0.016281s ]
INFO: [ view_parse ] --END-- [ RunTime:0.016391s ]
INFO: [ view_filter ] --START--
INFO: Run Behavior\WriteHtmlCacheBehavior [ RunTime:0.000799s ]
INFO: [ view_filter ] --END-- [ RunTime:0.000878s ]
INFO: [ app_end ] --START--
INFO: Run Behavior\ShowPageTraceBehavior [ RunTime:0.001193s ]
INFO: [ app_end ] --END-- [ RunTime:0.001307s ]
NOTIC: [8] A session had already been started - ignoring session_start() F:\xampp\htdocs\tp_GeneralEducation\index.php 第 28 行.

[ 2018-05-20T16:42:02+08:00 ] ::1 /tp_GeneralEducation/index.php/Home/Teacher/teacher_course/
INFO: [ app_init ] --START--
INFO: Run Behavior\BuildLiteBehavior [ RunTime:0.000021s ]
INFO: [ app_init ] --END-- [ RunTime:0.000115s ]
INFO: [ app_begin ] --START--
INFO: Run Behavior\ReadHtmlCacheBehavior [ RunTime:0.002524s ]
INFO: [ app_begin ] --END-- [ RunTime:0.002660s ]
SQL: SHOW COLUMNS FROM `ge_course` [ RunTime:0.1649s ]
SQL: SELECT * FROM `ge_course` WHERE ( name = '互联网+' )  [ RunTime:0.0004s ]
SQL: SHOW COLUMNS FROM `ge_teacher` [ RunTime:0.0274s ]
SQL: SELECT * FROM `ge_teacher` WHERE `pk_teacher` = 41 LIMIT 1   [ RunTime:0.0005s ]
SQL: SHOW COLUMNS FROM `ge_teaching` [ RunTime:0.0331s ]
SQL: SELECT COUNT(*) AS tp_count FROM ge_teaching as a INNER JOIN ge_student as b INNER JOIN ge_course as c  WHERE ( a.pk_course = '2' and c.pk_course = '2' and a.pk_teacher = '41' and a.class=b.class ) LIMIT 1   [ RunTime:0.0005s ]
SQL: SELECT b.number number,b.name name,b.class class,c.name course FROM ge_teaching as a INNER JOIN ge_student as b INNER JOIN ge_course as c  WHERE ( a.pk_course = '2' and c.pk_course = '2' and a.pk_teacher = '41' and a.class=b.class ) LIMIT 0,10   [ RunTime:0.0004s ]
INFO: [ view_parse ] --START--
INFO: [ template_filter ] --START--
INFO: Run Behavior\ContentReplaceBehavior [ RunTime:0.000086s ]
INFO: [ template_filter ] --END-- [ RunTime:0.000210s ]
NOTIC: [8] Undefined variable: username F:\xampp\htdocs\tp_GeneralEducation\Application\Runtime\Cache\Home\cb0f90efd44d6288fe31b280567fc839.php 第 27 行.
INFO: Run Behavior\ParseTemplateBehavior [ RunTime:0.012966s ]
INFO: [ view_parse ] --END-- [ RunTime:0.013073s ]
INFO: [ view_filter ] --START--
INFO: Run Behavior\WriteHtmlCacheBehavior [ RunTime:0.001066s ]
INFO: [ view_filter ] --END-- [ RunTime:0.001151s ]
INFO: [ app_end ] --START--
INFO: Run Behavior\ShowPageTraceBehavior [ RunTime:0.001185s ]
INFO: [ app_end ] --END-- [ RunTime:0.001268s ]
NOTIC: [8] A session had already been started - ignoring session_start() F:\xampp\htdocs\tp_GeneralEducation\index.php 第 28 行.

[ 2018-05-20T16:55:19+08:00 ] ::1 /tp_GeneralEducation/index.php/Home/Index/loginout/
INFO: [ app_init ] --START--
INFO: Run Behavior\BuildLiteBehavior [ RunTime:0.000021s ]
INFO: [ app_init ] --END-- [ RunTime:0.000113s ]
INFO: [ app_begin ] --START--
INFO: Run Behavior\ReadHtmlCacheBehavior [ RunTime:0.001159s ]
INFO: [ app_begin ] --END-- [ RunTime:0.001280s ]
INFO: [ view_parse ] --START--
INFO: [ template_filter ] --START--
INFO: Run Behavior\ContentReplaceBehavior [ RunTime:0.000046s ]
INFO: [ template_filter ] --END-- [ RunTime:0.000133s ]
INFO: Run Behavior\ParseTemplateBehavior [ RunTime:0.009388s ]
INFO: [ view_parse ] --END-- [ RunTime:0.009504s ]
INFO: [ view_filter ] --START--
INFO: Run Behavior\WriteHtmlCacheBehavior [ RunTime:0.001018s ]
INFO: [ view_filter ] --END-- [ RunTime:0.001109s ]
INFO: [ app_end ] --START--
INFO: Run Behavior\ShowPageTraceBehavior [ RunTime:0.001771s ]
INFO: [ app_end ] --END-- [ RunTime:0.001879s ]
NOTIC: [8] A session had already been started - ignoring session_start() F:\xampp\htdocs\tp_GeneralEducation\index.php 第 28 行.

[ 2018-05-20T16:55:21+08:00 ] ::1 /tp_GeneralEducation/index.php/Home/Index/index.html
INFO: [ app_init ] --START--
INFO: Run Behavior\BuildLiteBehavior [ RunTime:0.000041s ]
INFO: [ app_init ] --END-- [ RunTime:0.000213s ]
INFO: [ app_begin ] --START--
INFO: Run Behavior\ReadHtmlCacheBehavior [ RunTime:0.001039s ]
INFO: [ app_begin ] --END-- [ RunTime:0.001144s ]
SQL: SHOW COLUMNS FROM `ge_sources` [ RunTime:0.1423s ]
SQL: SELECT * FROM `ge_sources` WHERE `type` = '平台概况' ORDER BY ts desc LIMIT 1   [ RunTime:0.0006s ]
SQL: SELECT * FROM `ge_sources` WHERE `type` = '公告' ORDER BY ts desc LIMIT 1   [ RunTime:0.0007s ]
SQL: SELECT `pk_sources`,`title`,`savename`,`course`,`owner`,`url`,`type`,`des`,`dr`,`ts` FROM `ge_sources` WHERE ( pk_sources>0 and type='公共资源' and owner='0' ) ORDER BY pk_sources LIMIT 0,2   [ RunTime:0.0006s ]
INFO: [ view_parse ] --START--
INFO: [ template_filter ] --START--
INFO: Run Behavior\ContentReplaceBehavior [ RunTime:0.000105s ]
INFO: [ template_filter ] --END-- [ RunTime:0.000257s ]
NOTIC: [8] A session had already been started - ignoring session_start() F:\xampp\htdocs\tp_GeneralEducation\Application\Runtime\Cache\Home\2a94b8bda04ff446dcedd42276fc99ee.php 第 1 行.
NOTIC: [2] include(conn.php): failed to open stream: No such file or directory F:\xampp\htdocs\tp_GeneralEducation\Application\Runtime\Cache\Home\2a94b8bda04ff446dcedd42276fc99ee.php 第 1 行.
NOTIC: [2] include(): Failed opening 'conn.php' for inclusion (include_path='F:\xampp\php\PEAR') F:\xampp\htdocs\tp_GeneralEducation\Application\Runtime\Cache\Home\2a94b8bda04ff446dcedd42276fc99ee.php 第 1 行.
INFO: Run Behavior\ParseTemplateBehavior [ RunTime:0.015630s ]
INFO: [ view_parse ] --END-- [ RunTime:0.015791s ]
INFO: [ view_filter ] --START--
INFO: Run Behavior\WriteHtmlCacheBehavior [ RunTime:0.001110s ]
INFO: [ view_filter ] --END-- [ RunTime:0.001250s ]
INFO: [ app_end ] --START--
INFO: Run Behavior\ShowPageTraceBehavior [ RunTime:0.001447s ]
INFO: [ app_end ] --END-- [ RunTime:0.001597s ]
NOTIC: [8] A session had already been started - ignoring session_start() F:\xampp\htdocs\tp_GeneralEducation\index.php 第 28 行.

[ 2018-05-20T16:55:25+08:00 ] ::1 /tp_GeneralEducation/index.php/Home/Index/login/
INFO: [ app_init ] --START--
INFO: Run Behavior\BuildLiteBehavior [ RunTime:0.000024s ]
INFO: [ app_init ] --END-- [ RunTime:0.000131s ]
INFO: [ app_begin ] --START--
INFO: Run Behavior\ReadHtmlCacheBehavior [ RunTime:0.001000s ]
INFO: [ app_begin ] --END-- [ RunTime:0.001092s ]
INFO: [ view_parse ] --START--
INFO: [ template_filter ] --START--
INFO: Run Behavior\ContentReplaceBehavior [ RunTime:0.000132s ]
INFO: [ template_filter ] --END-- [ RunTime:0.000393s ]
INFO: Run Behavior\ParseTemplateBehavior [ RunTime:0.010600s ]
INFO: [ view_parse ] --END-- [ RunTime:0.010738s ]
INFO: [ view_filter ] --START--
INFO: Run Behavior\WriteHtmlCacheBehavior [ RunTime:0.001173s ]
INFO: [ view_filter ] --END-- [ RunTime:0.001314s ]
INFO: [ app_end ] --START--
INFO: Run Behavior\ShowPageTraceBehavior [ RunTime:0.001557s ]
INFO: [ app_end ] --END-- [ RunTime:0.001689s ]
NOTIC: [8] A session had already been started - ignoring session_start() F:\xampp\htdocs\tp_GeneralEducation\index.php 第 28 行.

[ 2018-05-20T16:55:25+08:00 ] ::1 /tp_GeneralEducation/index.php/Home/Index/login/common/jquery.js
INFO: [ app_init ] --START--
INFO: Run Behavior\BuildLiteBehavior [ RunTime:0.000026s ]
INFO: [ app_init ] --END-- [ RunTime:0.000134s ]
INFO: [ app_begin ] --START--
INFO: Run Behavior\ReadHtmlCacheBehavior [ RunTime:0.001034s ]
INFO: [ app_begin ] --END-- [ RunTime:0.001121s ]
INFO: [ view_parse ] --START--
INFO: [ template_filter ] --START--
INFO: Run Behavior\ContentReplaceBehavior [ RunTime:0.000051s ]
INFO: [ template_filter ] --END-- [ RunTime:0.000140s ]
INFO: Run Behavior\ParseTemplateBehavior [ RunTime:0.012654s ]
INFO: [ view_parse ] --END-- [ RunTime:0.012748s ]
INFO: [ view_filter ] --START--
INFO: Run Behavior\WriteHtmlCacheBehavior [ RunTime:0.000966s ]
INFO: [ view_filter ] --END-- [ RunTime:0.001102s ]
INFO: [ app_end ] --START--
INFO: Run Behavior\ShowPageTraceBehavior [ RunTime:0.001089s ]
INFO: [ app_end ] --END-- [ RunTime:0.001177s ]
NOTIC: [8] A session had already been started - ignoring session_start() F:\xampp\htdocs\tp_GeneralEducation\index.php 第 28 行.

[ 2018-05-20T16:55:33+08:00 ] ::1 /tp_GeneralEducation/index.php/Home/Index/login_post/
INFO: [ app_init ] --START--
INFO: Run Behavior\BuildLiteBehavior [ RunTime:0.000022s ]
INFO: [ app_init ] --END-- [ RunTime:0.000112s ]
INFO: [ app_begin ] --START--
INFO: Run Behavior\ReadHtmlCacheBehavior [ RunTime:0.001076s ]
INFO: [ app_begin ] --END-- [ RunTime:0.001226s ]
SQL: SHOW COLUMNS FROM `ge_student` [ RunTime:0.0151s ]
SQL: SELECT * FROM `ge_student` WHERE ( number='1611112017' and password='888888' )  [ RunTime:0.0005s ]
SQL: SHOW COLUMNS FROM `ge_teacher` [ RunTime:0.0410s ]
SQL: SELECT * FROM `ge_teacher` WHERE ( number='1611112017' and password='888888' )  [ RunTime:0.0005s ]
SQL: SHOW COLUMNS FROM `ge_admin` [ RunTime:0.0146s ]
SQL: SELECT * FROM `ge_admin` WHERE ( name='1611112017' and password='888888' )  [ RunTime:0.0004s ]

[ 2018-05-20T16:55:34+08:00 ] ::1 /tp_GeneralEducation/index.php/Home/Student/index.html
INFO: [ app_init ] --START--
INFO: Run Behavior\BuildLiteBehavior [ RunTime:0.000021s ]
INFO: [ app_init ] --END-- [ RunTime:0.000106s ]
INFO: [ app_begin ] --START--
INFO: Run Behavior\ReadHtmlCacheBehavior [ RunTime:0.000930s ]
INFO: [ app_begin ] --END-- [ RunTime:0.001018s ]
SQL: SHOW COLUMNS FROM `ge_student` [ RunTime:0.0085s ]
SQL: SELECT * FROM `ge_student` WHERE `pk_student` = 125 LIMIT 1   [ RunTime:0.0004s ]
INFO: [ view_parse ] --START--
INFO: [ template_filter ] --START--
INFO: Run Behavior\ContentReplaceBehavior [ RunTime:0.000068s ]
INFO: [ template_filter ] --END-- [ RunTime:0.000156s ]
INFO: Run Behavior\ParseTemplateBehavior [ RunTime:0.008255s ]
INFO: [ view_parse ] --END-- [ RunTime:0.008391s ]
INFO: [ view_filter ] --START--
INFO: Run Behavior\WriteHtmlCacheBehavior [ RunTime:0.000890s ]
INFO: [ view_filter ] --END-- [ RunTime:0.000995s ]
INFO: [ app_end ] --START--
INFO: Run Behavior\ShowPageTraceBehavior [ RunTime:0.001973s ]
INFO: [ app_end ] --END-- [ RunTime:0.002086s ]
NOTIC: [8] A session had already been started - ignoring session_start() F:\xampp\htdocs\tp_GeneralEducation\index.php 第 28 行.

[ 2018-05-20T16:55:39+08:00 ] ::1 /tp_GeneralEducation/index.php/Home/Student/student_download/
INFO: [ app_init ] --START--
INFO: Run Behavior\BuildLiteBehavior [ RunTime:0.000021s ]
INFO: [ app_init ] --END-- [ RunTime:0.000110s ]
INFO: [ app_begin ] --START--
INFO: Run Behavior\ReadHtmlCacheBehavior [ RunTime:0.002351s ]
INFO: [ app_begin ] --END-- [ RunTime:0.002466s ]
SQL: SHOW COLUMNS FROM `ge_student` [ RunTime:0.0083s ]
SQL: SELECT * FROM `ge_student` WHERE `pk_student` = 125 LIMIT 1   [ RunTime:0.0004s ]
SQL: SELECT * FROM `ge_student` WHERE `pk_student` = 125 LIMIT 1   [ RunTime:0.0003s ]
SQL: SHOW COLUMNS FROM `ge_sources` [ RunTime:0.0063s ]
SQL: SELECT COUNT(*) AS tp_count FROM ge_sources as a INNER JOIN ge_student as b INNER JOIN ge_teaching as c  WHERE ( b.class=c.class and c.pk_teacher=a.owner and b.pk_student = '125' and c.pk_course = a.course ) LIMIT 1   [ RunTime:0.0006s ]
SQL: SELECT a.url url,a.savename savename,a.title title FROM ge_sources as a INNER JOIN ge_student as b INNER JOIN ge_teaching as c  WHERE ( b.class=c.class and c.pk_teacher=a.owner and b.pk_student = '125' and c.pk_course = a.course ) LIMIT 0,10   [ RunTime:0.0005s ]
INFO: [ view_parse ] --START--
INFO: [ template_filter ] --START--
INFO: Run Behavior\ContentReplaceBehavior [ RunTime:0.000061s ]
INFO: [ template_filter ] --END-- [ RunTime:0.000147s ]
INFO: Run Behavior\ParseTemplateBehavior [ RunTime:0.009929s ]
INFO: [ view_parse ] --END-- [ RunTime:0.010081s ]
INFO: [ view_filter ] --START--
INFO: Run Behavior\WriteHtmlCacheBehavior [ RunTime:0.001078s ]
INFO: [ view_filter ] --END-- [ RunTime:0.001203s ]
INFO: [ app_end ] --START--
INFO: Run Behavior\ShowPageTraceBehavior [ RunTime:0.001046s ]
INFO: [ app_end ] --END-- [ RunTime:0.001139s ]
NOTIC: [8] A session had already been started - ignoring session_start() F:\xampp\htdocs\tp_GeneralEducation\index.php 第 28 行.

[ 2018-05-20T16:56:51+08:00 ] ::1 /tp_GeneralEducation/index.php/Home/Student/student_download/
INFO: [ app_init ] --START--
INFO: Run Behavior\BuildLiteBehavior [ RunTime:0.000025s ]
INFO: [ app_init ] --END-- [ RunTime:0.000130s ]
INFO: [ app_begin ] --START--
INFO: Run Behavior\ReadHtmlCacheBehavior [ RunTime:0.000984s ]
INFO: [ app_begin ] --END-- [ RunTime:0.001088s ]
SQL: SHOW COLUMNS FROM `ge_student` [ RunTime:0.0771s ]
SQL: SELECT * FROM `ge_student` WHERE `pk_student` = 125 LIMIT 1   [ RunTime:0.0005s ]
SQL: SELECT * FROM `ge_student` WHERE `pk_student` = 125 LIMIT 1   [ RunTime:0.0004s ]
SQL: SHOW COLUMNS FROM `ge_sources` [ RunTime:0.0256s ]
SQL: SELECT COUNT(*) AS tp_count FROM ge_sources as a INNER JOIN ge_student as b INNER JOIN ge_teaching as c  WHERE ( b.class=c.class and c.pk_teacher=a.owner and b.pk_student = '125' and c.pk_course = a.course ) LIMIT 1   [ RunTime:0.0006s ]
SQL: SELECT a.url url,a.savename savename,a.title title FROM ge_sources as a INNER JOIN ge_student as b INNER JOIN ge_teaching as c  WHERE ( b.class=c.class and c.pk_teacher=a.owner and b.pk_student = '125' and c.pk_course = a.course ) LIMIT 0,10   [ RunTime:0.0005s ]
INFO: [ view_parse ] --START--
INFO: [ template_filter ] --START--
INFO: Run Behavior\ContentReplaceBehavior [ RunTime:0.000063s ]
INFO: [ template_filter ] --END-- [ RunTime:0.000151s ]
INFO: Run Behavior\ParseTemplateBehavior [ RunTime:0.009832s ]
INFO: [ view_parse ] --END-- [ RunTime:0.009962s ]
INFO: [ view_filter ] --START--
INFO: Run Behavior\WriteHtmlCacheBehavior [ RunTime:0.000866s ]
INFO: [ view_filter ] --END-- [ RunTime:0.000969s ]
INFO: [ app_end ] --START--
INFO: Run Behavior\ShowPageTraceBehavior [ RunTime:0.001050s ]
INFO: [ app_end ] --END-- [ RunTime:0.001129s ]
NOTIC: [8] A session had already been started - ignoring session_start() F:\xampp\htdocs\tp_GeneralEducation\index.php 第 28 行.

[ 2018-05-20T16:57:27+08:00 ] ::1 /tp_GeneralEducation/index.php/Home/Student/student_download/
INFO: [ app_init ] --START--
INFO: Run Behavior\BuildLiteBehavior [ RunTime:0.000026s ]
INFO: [ app_init ] --END-- [ RunTime:0.000138s ]
INFO: [ app_begin ] --START--
INFO: Run Behavior\ReadHtmlCacheBehavior [ RunTime:0.001470s ]
INFO: [ app_begin ] --END-- [ RunTime:0.001590s ]
SQL: SHOW COLUMNS FROM `ge_student` [ RunTime:0.0091s ]
SQL: SELECT * FROM `ge_student` WHERE `pk_student` = 125 LIMIT 1   [ RunTime:0.0004s ]
SQL: SELECT * FROM `ge_student` WHERE `pk_student` = 125 LIMIT 1   [ RunTime:0.0003s ]
SQL: SHOW COLUMNS FROM `ge_sources` [ RunTime:0.0060s ]
SQL: SELECT COUNT(*) AS tp_count FROM ge_sources as a INNER JOIN ge_student as b INNER JOIN ge_teaching as c  WHERE ( b.class=c.class and c.pk_teacher=a.owner and b.pk_student = '125' and c.pk_course = a.course ) LIMIT 1   [ RunTime:0.0006s ]
SQL: SELECT a.url url,a.savename savename,a.title title FROM ge_sources as a INNER JOIN ge_student as b INNER JOIN ge_teaching as c  WHERE ( b.class=c.class and c.pk_teacher=a.owner and b.pk_student = '125' and c.pk_course = a.course ) LIMIT 0,10   [ RunTime:0.0005s ]
INFO: [ view_parse ] --START--
INFO: [ template_filter ] --START--
INFO: Run Behavior\ContentReplaceBehavior [ RunTime:0.000069s ]
INFO: [ template_filter ] --END-- [ RunTime:0.000170s ]
INFO: Run Behavior\ParseTemplateBehavior [ RunTime:0.011296s ]
INFO: [ view_parse ] --END-- [ RunTime:0.011432s ]
INFO: [ view_filter ] --START--
INFO: Run Behavior\WriteHtmlCacheBehavior [ RunTime:0.001338s ]
INFO: [ view_filter ] --END-- [ RunTime:0.001546s ]
INFO: [ app_end ] --START--
INFO: Run Behavior\ShowPageTraceBehavior [ RunTime:0.001205s ]
INFO: [ app_end ] --END-- [ RunTime:0.001317s ]
NOTIC: [8] A session had already been started - ignoring session_start() F:\xampp\htdocs\tp_GeneralEducation\index.php 第 28 行.

[ 2018-05-20T16:58:15+08:00 ] ::1 /tp_GeneralEducation/index.php/Home/Student/student_download/
INFO: [ app_init ] --START--
INFO: Run Behavior\BuildLiteBehavior [ RunTime:0.000021s ]
INFO: [ app_init ] --END-- [ RunTime:0.000124s ]
INFO: [ app_begin ] --START--
INFO: Run Behavior\ReadHtmlCacheBehavior [ RunTime:0.000972s ]
INFO: [ app_begin ] --END-- [ RunTime:0.001055s ]
SQL: SHOW COLUMNS FROM `ge_student` [ RunTime:0.0067s ]
SQL: SELECT * FROM `ge_student` WHERE `pk_student` = 125 LIMIT 1   [ RunTime:0.0007s ]
SQL: SELECT * FROM `ge_student` WHERE `pk_student` = 125 LIMIT 1   [ RunTime:0.0006s ]
SQL: SHOW COLUMNS FROM `ge_sources` [ RunTime:0.0050s ]
SQL: SELECT COUNT(*) AS tp_count FROM ge_sources as a INNER JOIN ge_student as b INNER JOIN ge_teaching as c  WHERE ( b.class=c.class and c.pk_teacher=a.owner and b.pk_student = '125' and c.pk_course = a.course ) LIMIT 1   [ RunTime:0.0005s ]
SQL: SELECT a.url url,a.savename savename,a.title title FROM ge_sources as a INNER JOIN ge_student as b INNER JOIN ge_teaching as c  WHERE ( b.class=c.class and c.pk_teacher=a.owner and b.pk_student = '125' and c.pk_course = a.course ) LIMIT 0,10   [ RunTime:0.0005s ]
INFO: [ view_parse ] --START--
INFO: [ template_filter ] --START--
INFO: Run Behavior\ContentReplaceBehavior [ RunTime:0.000064s ]
INFO: [ template_filter ] --END-- [ RunTime:0.000166s ]
INFO: Run Behavior\ParseTemplateBehavior [ RunTime:0.009256s ]
INFO: [ view_parse ] --END-- [ RunTime:0.009366s ]
INFO: [ view_filter ] --START--
INFO: Run Behavior\WriteHtmlCacheBehavior [ RunTime:0.000778s ]
INFO: [ view_filter ] --END-- [ RunTime:0.000866s ]
INFO: [ app_end ] --START--
INFO: Run Behavior\ShowPageTraceBehavior [ RunTime:0.001035s ]
INFO: [ app_end ] --END-- [ RunTime:0.001159s ]
NOTIC: [8] A session had already been started - ignoring session_start() F:\xampp\htdocs\tp_GeneralEducation\index.php 第 28 行.

[ 2018-05-20T17:00:18+08:00 ] ::1 /tp_GeneralEducation/index.php/Home/Student/student_download/
INFO: [ app_init ] --START--
INFO: Run Behavior\BuildLiteBehavior [ RunTime:0.000022s ]
INFO: [ app_init ] --END-- [ RunTime:0.000113s ]
INFO: [ app_begin ] --START--
INFO: Run Behavior\ReadHtmlCacheBehavior [ RunTime:0.001146s ]
INFO: [ app_begin ] --END-- [ RunTime:0.001231s ]
SQL: SHOW COLUMNS FROM `ge_student` [ RunTime:0.0074s ]
SQL: SELECT * FROM `ge_student` WHERE `pk_student` = 125 LIMIT 1   [ RunTime:0.0004s ]
SQL: SELECT * FROM `ge_student` WHERE `pk_student` = 125 LIMIT 1   [ RunTime:0.0004s ]
SQL: SHOW COLUMNS FROM `ge_sources` [ RunTime:0.0047s ]
SQL: SELECT COUNT(*) AS tp_count FROM ge_sources as a INNER JOIN ge_student as b INNER JOIN ge_teaching as c  WHERE ( b.class=c.class and c.pk_teacher=a.owner and b.pk_student = '125' and c.pk_course = a.course ) LIMIT 1   [ RunTime:0.0005s ]
SQL: SELECT a.url url,a.savename savename,a.title title FROM ge_sources as a INNER JOIN ge_student as b INNER JOIN ge_teaching as c  WHERE ( b.class=c.class and c.pk_teacher=a.owner and b.pk_student = '125' and c.pk_course = a.course ) LIMIT 0,10   [ RunTime:0.0005s ]
INFO: [ view_parse ] --START--
INFO: [ template_filter ] --START--
INFO: Run Behavior\ContentReplaceBehavior [ RunTime:0.000062s ]
INFO: [ template_filter ] --END-- [ RunTime:0.000149s ]
INFO: Run Behavior\ParseTemplateBehavior [ RunTime:0.010135s ]
INFO: [ view_parse ] --END-- [ RunTime:0.010238s ]
INFO: [ view_filter ] --START--
INFO: Run Behavior\WriteHtmlCacheBehavior [ RunTime:0.001034s ]
INFO: [ view_filter ] --END-- [ RunTime:0.001194s ]
INFO: [ app_end ] --START--
INFO: Run Behavior\ShowPageTraceBehavior [ RunTime:0.001193s ]
INFO: [ app_end ] --END-- [ RunTime:0.001305s ]
NOTIC: [8] A session had already been started - ignoring session_start() F:\xampp\htdocs\tp_GeneralEducation\index.php 第 28 行.

[ 2018-05-20T17:00:20+08:00 ] ::1 /tp_GeneralEducation/index.php/Home/Student/student_download/
INFO: [ app_init ] --START--
INFO: Run Behavior\BuildLiteBehavior [ RunTime:0.000021s ]
INFO: [ app_init ] --END-- [ RunTime:0.000108s ]
INFO: [ app_begin ] --START--
INFO: Run Behavior\ReadHtmlCacheBehavior [ RunTime:0.001171s ]
INFO: [ app_begin ] --END-- [ RunTime:0.001340s ]
SQL: SHOW COLUMNS FROM `ge_student` [ RunTime:0.0438s ]
SQL: SELECT * FROM `ge_student` WHERE `pk_student` = 125 LIMIT 1   [ RunTime:0.0004s ]
SQL: SELECT * FROM `ge_student` WHERE `pk_student` = 125 LIMIT 1   [ RunTime:0.0004s ]
SQL: SHOW COLUMNS FROM `ge_sources` [ RunTime:0.0057s ]
SQL: SELECT COUNT(*) AS tp_count FROM ge_sources as a INNER JOIN ge_student as b INNER JOIN ge_teaching as c  WHERE ( b.class=c.class and c.pk_teacher=a.owner and b.pk_student = '125' and c.pk_course = a.course ) LIMIT 1   [ RunTime:0.0005s ]
SQL: SELECT a.url url,a.savename savename,a.title title FROM ge_sources as a INNER JOIN ge_student as b INNER JOIN ge_teaching as c  WHERE ( b.class=c.class and c.pk_teacher=a.owner and b.pk_student = '125' and c.pk_course = a.course ) LIMIT 0,10   [ RunTime:0.0005s ]
INFO: [ view_parse ] --START--
INFO: [ template_filter ] --START--
INFO: Run Behavior\ContentReplaceBehavior [ RunTime:0.000063s ]
INFO: [ template_filter ] --END-- [ RunTime:0.000149s ]
INFO: Run Behavior\ParseTemplateBehavior [ RunTime:0.009548s ]
INFO: [ view_parse ] --END-- [ RunTime:0.009684s ]
INFO: [ view_filter ] --START--
INFO: Run Behavior\WriteHtmlCacheBehavior [ RunTime:0.000808s ]
INFO: [ view_filter ] --END-- [ RunTime:0.000887s ]
INFO: [ app_end ] --START--
INFO: Run Behavior\ShowPageTraceBehavior [ RunTime:0.000993s ]
INFO: [ app_end ] --END-- [ RunTime:0.001075s ]
NOTIC: [8] A session had already been started - ignoring session_start() F:\xampp\htdocs\tp_GeneralEducation\index.php 第 28 行.

[ 2018-05-20T17:00:36+08:00 ] ::1 /tp_GeneralEducation/index.php/Home/Student/student_download/
INFO: [ app_init ] --START--
INFO: Run Behavior\BuildLiteBehavior [ RunTime:0.000025s ]
INFO: [ app_init ] --END-- [ RunTime:0.000126s ]
INFO: [ app_begin ] --START--
INFO: Run Behavior\ReadHtmlCacheBehavior [ RunTime:0.000958s ]
INFO: [ app_begin ] --END-- [ RunTime:0.001067s ]
SQL: SHOW COLUMNS FROM `ge_student` [ RunTime:0.0050s ]
SQL: SELECT * FROM `ge_student` WHERE `pk_student` = 125 LIMIT 1   [ RunTime:0.0004s ]
SQL: SELECT * FROM `ge_student` WHERE `pk_student` = 125 LIMIT 1   [ RunTime:0.0003s ]
SQL: SHOW COLUMNS FROM `ge_sources` [ RunTime:0.0051s ]
SQL: SELECT COUNT(*) AS tp_count FROM ge_sources as a INNER JOIN ge_student as b INNER JOIN ge_teaching as c  WHERE ( b.class=c.class and c.pk_teacher=a.owner and b.pk_student = '125' and c.pk_course = a.course ) LIMIT 1   [ RunTime:0.0007s ]
SQL: SELECT a.url url,a.savename savename,a.title title FROM ge_sources as a INNER JOIN ge_student as b INNER JOIN ge_teaching as c  WHERE ( b.class=c.class and c.pk_teacher=a.owner and b.pk_student = '125' and c.pk_course = a.course ) LIMIT 0,10   [ RunTime:0.0005s ]
INFO: [ view_parse ] --START--
INFO: [ template_filter ] --START--
INFO: Run Behavior\ContentReplaceBehavior [ RunTime:0.000063s ]
INFO: [ template_filter ] --END-- [ RunTime:0.000152s ]
INFO: Run Behavior\ParseTemplateBehavior [ RunTime:0.009123s ]
INFO: [ view_parse ] --END-- [ RunTime:0.009224s ]
INFO: [ view_filter ] --START--
INFO: Run Behavior\WriteHtmlCacheBehavior [ RunTime:0.000738s ]
INFO: [ view_filter ] --END-- [ RunTime:0.000824s ]
INFO: [ app_end ] --START--
INFO: Run Behavior\ShowPageTraceBehavior [ RunTime:0.001016s ]
INFO: [ app_end ] --END-- [ RunTime:0.001096s ]
NOTIC: [8] A session had already been started - ignoring session_start() F:\xampp\htdocs\tp_GeneralEducation\index.php 第 28 行.

[ 2018-05-20T17:01:46+08:00 ] ::1 /tp_GeneralEducation/index.php/Home/Student/student_download/
INFO: [ app_init ] --START--
INFO: Run Behavior\BuildLiteBehavior [ RunTime:0.000023s ]
INFO: [ app_init ] --END-- [ RunTime:0.000114s ]
INFO: [ app_begin ] --START--
INFO: Run Behavior\ReadHtmlCacheBehavior [ RunTime:0.000923s ]
INFO: [ app_begin ] --END-- [ RunTime:0.001007s ]
SQL: SHOW COLUMNS FROM `ge_student` [ RunTime:0.0057s ]
SQL: SELECT * FROM `ge_student` WHERE `pk_student` = 125 LIMIT 1   [ RunTime:0.0004s ]
SQL: SELECT * FROM `ge_student` WHERE `pk_student` = 125 LIMIT 1   [ RunTime:0.0003s ]
SQL: SHOW COLUMNS FROM `ge_sources` [ RunTime:0.0045s ]
SQL: SELECT COUNT(*) AS tp_count FROM ge_sources as a INNER JOIN ge_student as b INNER JOIN ge_teaching as c  WHERE ( b.class=c.class and c.pk_teacher=a.owner and b.pk_student = '125' and c.pk_course = a.course ) LIMIT 1   [ RunTime:0.0006s ]
SQL: SELECT a.url url,a.savename savename,a.title title FROM ge_sources as a INNER JOIN ge_student as b INNER JOIN ge_teaching as c  WHERE ( b.class=c.class and c.pk_teacher=a.owner and b.pk_student = '125' and c.pk_course = a.course ) LIMIT 0,10   [ RunTime:0.0005s ]
INFO: [ view_parse ] --START--
INFO: [ template_filter ] --START--
INFO: Run Behavior\ContentReplaceBehavior [ RunTime:0.000065s ]
INFO: [ template_filter ] --END-- [ RunTime:0.000153s ]
INFO: Run Behavior\ParseTemplateBehavior [ RunTime:0.009729s ]
INFO: [ view_parse ] --END-- [ RunTime:0.009848s ]
INFO: [ view_filter ] --START--
INFO: Run Behavior\WriteHtmlCacheBehavior [ RunTime:0.000733s ]
INFO: [ view_filter ] --END-- [ RunTime:0.000816s ]
INFO: [ app_end ] --START--
INFO: Run Behavior\ShowPageTraceBehavior [ RunTime:0.000978s ]
INFO: [ app_end ] --END-- [ RunTime:0.001059s ]
NOTIC: [8] A session had already been started - ignoring session_start() F:\xampp\htdocs\tp_GeneralEducation\index.php 第 28 行.

[ 2018-05-20T17:02:11+08:00 ] ::1 /tp_GeneralEducation/index.php/Home/Student/student_download/
INFO: [ app_init ] --START--
INFO: Run Behavior\BuildLiteBehavior [ RunTime:0.000032s ]
INFO: [ app_init ] --END-- [ RunTime:0.000162s ]
INFO: [ app_begin ] --START--
INFO: Run Behavior\ReadHtmlCacheBehavior [ RunTime:0.000965s ]
INFO: [ app_begin ] --END-- [ RunTime:0.001048s ]
SQL: SHOW COLUMNS FROM `ge_student` [ RunTime:0.0060s ]
SQL: SELECT * FROM `ge_student` WHERE `pk_student` = 125 LIMIT 1   [ RunTime:0.0004s ]
SQL: SELECT * FROM `ge_student` WHERE `pk_student` = 125 LIMIT 1   [ RunTime:0.0003s ]
SQL: SHOW COLUMNS FROM `ge_sources` [ RunTime:0.0063s ]
SQL: SELECT COUNT(*) AS tp_count FROM ge_sources as a INNER JOIN ge_student as b INNER JOIN ge_teaching as c  WHERE ( b.class=c.class and c.pk_teacher=a.owner and b.pk_student = '125' and c.pk_course = a.course ) LIMIT 1   [ RunTime:0.0005s ]
SQL: SELECT a.url url,a.savename savename,a.title title FROM ge_sources as a INNER JOIN ge_student as b INNER JOIN ge_teaching as c  WHERE ( b.class=c.class and c.pk_teacher=a.owner and b.pk_student = '125' and c.pk_course = a.course ) LIMIT 0,10   [ RunTime:0.0004s ]
INFO: [ view_parse ] --START--
INFO: [ template_filter ] --START--
INFO: Run Behavior\ContentReplaceBehavior [ RunTime:0.000063s ]
INFO: [ template_filter ] --END-- [ RunTime:0.000151s ]
INFO: Run Behavior\ParseTemplateBehavior [ RunTime:0.009317s ]
INFO: [ view_parse ] --END-- [ RunTime:0.009435s ]
INFO: [ view_filter ] --START--
INFO: Run Behavior\WriteHtmlCacheBehavior [ RunTime:0.000798s ]
INFO: [ view_filter ] --END-- [ RunTime:0.000880s ]
INFO: [ app_end ] --START--
INFO: Run Behavior\ShowPageTraceBehavior [ RunTime:0.000976s ]
INFO: [ app_end ] --END-- [ RunTime:0.001075s ]
NOTIC: [8] A session had already been started - ignoring session_start() F:\xampp\htdocs\tp_GeneralEducation\index.php 第 28 行.

[ 2018-05-20T17:21:23+08:00 ] ::1 /tp_GeneralEducation/index.php/Home/Student/student_download/
INFO: [ app_init ] --START--
INFO: Run Behavior\BuildLiteBehavior [ RunTime:0.000024s ]
INFO: [ app_init ] --END-- [ RunTime:0.000129s ]
INFO: [ app_begin ] --START--
INFO: Run Behavior\ReadHtmlCacheBehavior [ RunTime:0.001484s ]
INFO: [ app_begin ] --END-- [ RunTime:0.001610s ]
SQL: SHOW COLUMNS FROM `ge_student` [ RunTime:0.0049s ]
SQL: SELECT * FROM `ge_student` WHERE `pk_student` = 125 LIMIT 1   [ RunTime:0.0004s ]
SQL: SELECT * FROM `ge_student` WHERE `pk_student` = 125 LIMIT 1   [ RunTime:0.0003s ]
SQL: SHOW COLUMNS FROM `ge_sources` [ RunTime:0.0052s ]
SQL: SELECT COUNT(*) AS tp_count FROM ge_sources as a INNER JOIN ge_student as b INNER JOIN ge_teaching as c  WHERE ( b.class=c.class and c.pk_teacher=a.owner and b.pk_student = '125' and c.pk_course = a.course ) LIMIT 1   [ RunTime:0.0005s ]
SQL: SELECT a.url url,a.savename savename,a.title title FROM ge_sources as a INNER JOIN ge_student as b INNER JOIN ge_teaching as c  WHERE ( b.class=c.class and c.pk_teacher=a.owner and b.pk_student = '125' and c.pk_course = a.course ) LIMIT 0,10   [ RunTime:0.0008s ]
INFO: [ view_parse ] --START--
INFO: [ template_filter ] --START--
INFO: Run Behavior\ContentReplaceBehavior [ RunTime:0.000071s ]
INFO: [ template_filter ] --END-- [ RunTime:0.000169s ]
INFO: Run Behavior\ParseTemplateBehavior [ RunTime:0.010495s ]
INFO: [ view_parse ] --END-- [ RunTime:0.010598s ]
INFO: [ view_filter ] --START--
INFO: Run Behavior\WriteHtmlCacheBehavior [ RunTime:0.001172s ]
INFO: [ view_filter ] --END-- [ RunTime:0.001263s ]
INFO: [ app_end ] --START--
INFO: Run Behavior\ShowPageTraceBehavior [ RunTime:0.001211s ]
INFO: [ app_end ] --END-- [ RunTime:0.001301s ]
NOTIC: [8] A session had already been started - ignoring session_start() F:\xampp\htdocs\tp_GeneralEducation\index.php 第 28 行.

