[ 2018-05-24T01:17:30+08:00 ] 127.0.0.1 /tp_GeneralEducation/
INFO: [ app_init ] --START--
INFO: Run Behavior\BuildLiteBehavior [ RunTime:0.000062s ]
INFO: [ app_init ] --END-- [ RunTime:0.000359s ]
INFO: [ app_begin ] --START--
INFO: Run Behavior\ReadHtmlCacheBehavior [ RunTime:0.008897s ]
INFO: [ app_begin ] --END-- [ RunTime:0.009015s ]
SQL: SHOW COLUMNS FROM `ge_sources` [ RunTime:0.0909s ]
SQL: SELECT * FROM `ge_sources` WHERE `type` = '平台概况' ORDER BY ts desc LIMIT 1   [ RunTime:0.0148s ]
SQL: SELECT * FROM `ge_sources` WHERE `type` = '公告' ORDER BY ts desc LIMIT 1   [ RunTime:0.0003s ]
SQL: SELECT `pk_sources`,`title`,`savename`,`course`,`owner`,`url`,`type`,`des`,`dr`,`ts` FROM `ge_sources` WHERE ( pk_sources>0 and type='公共资源' and owner='0' ) ORDER BY pk_sources LIMIT 0,2   [ RunTime:0.0013s ]
INFO: [ view_parse ] --START--
INFO: [ template_filter ] --START--
INFO: Run Behavior\ContentReplaceBehavior [ RunTime:0.000107s ]
INFO: [ template_filter ] --END-- [ RunTime:0.000245s ]
NOTIC: [8] A session had already been started - ignoring session_start() F:\xampp\htdocs\tp_GeneralEducation\Application\Runtime\Cache\Home\2a94b8bda04ff446dcedd42276fc99ee.php 第 1 行.
NOTIC: [2] include(conn.php): failed to open stream: No such file or directory F:\xampp\htdocs\tp_GeneralEducation\Application\Runtime\Cache\Home\2a94b8bda04ff446dcedd42276fc99ee.php 第 1 行.
NOTIC: [2] include(): Failed opening 'conn.php' for inclusion (include_path='F:\xampp\php\PEAR') F:\xampp\htdocs\tp_GeneralEducation\Application\Runtime\Cache\Home\2a94b8bda04ff446dcedd42276fc99ee.php 第 1 行.
INFO: Run Behavior\ParseTemplateBehavior [ RunTime:0.089430s ]
INFO: [ view_parse ] --END-- [ RunTime:0.089531s ]
INFO: [ view_filter ] --START--
INFO: Run Behavior\WriteHtmlCacheBehavior [ RunTime:0.015551s ]
INFO: [ view_filter ] --END-- [ RunTime:0.015660s ]
INFO: [ app_end ] --START--
INFO: Run Behavior\ShowPageTraceBehavior [ RunTime:0.007094s ]
INFO: [ app_end ] --END-- [ RunTime:0.007219s ]
NOTIC: [8] A session had already been started - ignoring session_start() F:\xampp\htdocs\tp_GeneralEducation\index.php 第 28 行.

[ 2018-05-24T01:17:32+08:00 ] 127.0.0.1 /tp_GeneralEducation/index.php/Home/Index/login/?PHPSESSID=n0m108r2c5bm1illc4ldb2dul1
INFO: [ app_init ] --START--
INFO: Run Behavior\BuildLiteBehavior [ RunTime:0.000033s ]
INFO: [ app_init ] --END-- [ RunTime:0.000181s ]
INFO: [ app_begin ] --START--
INFO: Run Behavior\ReadHtmlCacheBehavior [ RunTime:0.001062s ]
INFO: [ app_begin ] --END-- [ RunTime:0.001238s ]
INFO: [ view_parse ] --START--
INFO: [ template_filter ] --START--
INFO: Run Behavior\ContentReplaceBehavior [ RunTime:0.000057s ]
INFO: [ template_filter ] --END-- [ RunTime:0.000162s ]
INFO: Run Behavior\ParseTemplateBehavior [ RunTime:0.095131s ]
INFO: [ view_parse ] --END-- [ RunTime:0.095347s ]
INFO: [ view_filter ] --START--
INFO: Run Behavior\WriteHtmlCacheBehavior [ RunTime:0.000631s ]
INFO: [ view_filter ] --END-- [ RunTime:0.000763s ]
INFO: [ app_end ] --START--
INFO: Run Behavior\ShowPageTraceBehavior [ RunTime:0.001051s ]
INFO: [ app_end ] --END-- [ RunTime:0.001191s ]
NOTIC: [8] A session had already been started - ignoring session_start() F:\xampp\htdocs\tp_GeneralEducation\index.php 第 28 行.

[ 2018-05-24T01:17:32+08:00 ] 127.0.0.1 /tp_GeneralEducation/index.php/Home/Index/login/common/jquery.js
INFO: [ app_init ] --START--
INFO: Run Behavior\BuildLiteBehavior [ RunTime:0.000024s ]
INFO: [ app_init ] --END-- [ RunTime:0.000139s ]
INFO: [ app_begin ] --START--
INFO: Run Behavior\ReadHtmlCacheBehavior [ RunTime:0.000980s ]
INFO: [ app_begin ] --END-- [ RunTime:0.001127s ]
INFO: [ view_parse ] --START--
INFO: [ template_filter ] --START--
INFO: Run Behavior\ContentReplaceBehavior [ RunTime:0.000093s ]
INFO: [ template_filter ] --END-- [ RunTime:0.000252s ]
INFO: Run Behavior\ParseTemplateBehavior [ RunTime:0.009683s ]
INFO: [ view_parse ] --END-- [ RunTime:0.010273s ]
INFO: [ view_filter ] --START--
INFO: Run Behavior\WriteHtmlCacheBehavior [ RunTime:0.000571s ]
INFO: [ view_filter ] --END-- [ RunTime:0.000664s ]
INFO: [ app_end ] --START--
INFO: Run Behavior\ShowPageTraceBehavior [ RunTime:0.001019s ]
INFO: [ app_end ] --END-- [ RunTime:0.001164s ]
NOTIC: [8] A session had already been started - ignoring session_start() F:\xampp\htdocs\tp_GeneralEducation\index.php 第 28 行.

[ 2018-05-24T01:17:37+08:00 ] 127.0.0.1 /tp_GeneralEducation/index.php/Home/Index/login_post/
INFO: [ app_init ] --START--
INFO: Run Behavior\BuildLiteBehavior [ RunTime:0.000022s ]
INFO: [ app_init ] --END-- [ RunTime:0.000116s ]
INFO: [ app_begin ] --START--
INFO: Run Behavior\ReadHtmlCacheBehavior [ RunTime:0.001114s ]
INFO: [ app_begin ] --END-- [ RunTime:0.001272s ]
SQL: SHOW COLUMNS FROM `ge_student` [ RunTime:0.1990s ]
SQL: SELECT * FROM `ge_student` WHERE ( number='251027' and password='25' )  [ RunTime:0.0012s ]
SQL: SHOW COLUMNS FROM `ge_teacher` [ RunTime:0.0251s ]
SQL: SELECT * FROM `ge_teacher` WHERE ( number='251027' and password='25' )  [ RunTime:0.0003s ]
SQL: SHOW COLUMNS FROM `ge_admin` [ RunTime:0.0411s ]
SQL: SELECT * FROM `ge_admin` WHERE ( name='251027' and password='25' )  [ RunTime:0.0004s ]

[ 2018-05-24T01:17:37+08:00 ] 127.0.0.1 /tp_GeneralEducation/index.php/Home/Teacher/index.html
INFO: [ app_init ] --START--
INFO: Run Behavior\BuildLiteBehavior [ RunTime:0.000029s ]
INFO: [ app_init ] --END-- [ RunTime:0.000173s ]
INFO: [ app_begin ] --START--
INFO: Run Behavior\ReadHtmlCacheBehavior [ RunTime:0.000965s ]
INFO: [ app_begin ] --END-- [ RunTime:0.001101s ]
SQL: SHOW COLUMNS FROM `ge_teacher` [ RunTime:0.0040s ]
SQL: SELECT * FROM `ge_teacher` WHERE `pk_teacher` = 41 LIMIT 1   [ RunTime:0.0004s ]
INFO: [ view_parse ] --START--
INFO: [ template_filter ] --START--
INFO: Run Behavior\ContentReplaceBehavior [ RunTime:0.000088s ]
INFO: [ template_filter ] --END-- [ RunTime:0.000215s ]
INFO: Run Behavior\ParseTemplateBehavior [ RunTime:0.039530s ]
INFO: [ view_parse ] --END-- [ RunTime:0.039672s ]
INFO: [ view_filter ] --START--
INFO: Run Behavior\WriteHtmlCacheBehavior [ RunTime:0.000688s ]
INFO: [ view_filter ] --END-- [ RunTime:0.000816s ]
INFO: [ app_end ] --START--
INFO: Run Behavior\ShowPageTraceBehavior [ RunTime:0.000910s ]
INFO: [ app_end ] --END-- [ RunTime:0.001027s ]
NOTIC: [8] A session had already been started - ignoring session_start() F:\xampp\htdocs\tp_GeneralEducation\index.php 第 28 行.

[ 2018-05-24T01:17:39+08:00 ] 127.0.0.1 /tp_GeneralEducation/index.php/Home/Teacher/teacher_course/
INFO: [ app_init ] --START--
INFO: Run Behavior\BuildLiteBehavior [ RunTime:0.000023s ]
INFO: [ app_init ] --END-- [ RunTime:0.000119s ]
INFO: [ app_begin ] --START--
INFO: Run Behavior\ReadHtmlCacheBehavior [ RunTime:0.000781s ]
INFO: [ app_begin ] --END-- [ RunTime:0.000904s ]
SQL: SHOW COLUMNS FROM `ge_teacher` [ RunTime:0.0045s ]
SQL: SELECT * FROM `ge_teacher` WHERE `pk_teacher` = 41 LIMIT 1   [ RunTime:0.0003s ]
SQL: SELECT * FROM `ge_teacher` WHERE `pk_teacher` = 41 LIMIT 1   [ RunTime:0.0003s ]
SQL: SHOW COLUMNS FROM `ge_teaching` [ RunTime:0.0314s ]
SQL: SELECT COUNT(*) AS tp_count FROM ge_teaching as a INNER JOIN ge_student as b INNER JOIN ge_course as c  WHERE ( a.pk_course = c.pk_course and a.pk_teacher = '41' and a.class=b.class ) LIMIT 1   [ RunTime:0.0444s ]
SQL: SELECT b.number number,b.name name,b.class class,c.name course FROM ge_teaching as a INNER JOIN ge_student as b INNER JOIN ge_course as c  WHERE ( a.pk_course = c.pk_course and a.pk_teacher = '41' and a.class=b.class ) LIMIT 0,10   [ RunTime:0.0007s ]
INFO: [ view_parse ] --START--
INFO: [ template_filter ] --START--
INFO: Run Behavior\ContentReplaceBehavior [ RunTime:0.000148s ]
INFO: [ template_filter ] --END-- [ RunTime:0.000310s ]
NOTIC: [8] Undefined variable: selected F:\xampp\htdocs\tp_GeneralEducation\Application\Runtime\Cache\Home\cb0f90efd44d6288fe31b280567fc839.php 第 45 行.
NOTIC: [8] Undefined variable: selected F:\xampp\htdocs\tp_GeneralEducation\Application\Runtime\Cache\Home\cb0f90efd44d6288fe31b280567fc839.php 第 46 行.
NOTIC: [8] Undefined variable: selected F:\xampp\htdocs\tp_GeneralEducation\Application\Runtime\Cache\Home\cb0f90efd44d6288fe31b280567fc839.php 第 47 行.
INFO: Run Behavior\ParseTemplateBehavior [ RunTime:0.022615s ]
INFO: [ view_parse ] --END-- [ RunTime:0.022776s ]
INFO: [ view_filter ] --START--
INFO: Run Behavior\WriteHtmlCacheBehavior [ RunTime:0.000633s ]
INFO: [ view_filter ] --END-- [ RunTime:0.000746s ]
INFO: [ app_end ] --START--
INFO: Run Behavior\ShowPageTraceBehavior [ RunTime:0.001117s ]
INFO: [ app_end ] --END-- [ RunTime:0.001275s ]
NOTIC: [8] A session had already been started - ignoring session_start() F:\xampp\htdocs\tp_GeneralEducation\index.php 第 28 行.

[ 2018-05-24T01:17:41+08:00 ] 127.0.0.1 /tp_GeneralEducation/index.php/Home/Teacher/teacher_upload/
INFO: [ app_init ] --START--
INFO: Run Behavior\BuildLiteBehavior [ RunTime:0.000022s ]
INFO: [ app_init ] --END-- [ RunTime:0.000138s ]
INFO: [ app_begin ] --START--
INFO: Run Behavior\ReadHtmlCacheBehavior [ RunTime:0.001055s ]
INFO: [ app_begin ] --END-- [ RunTime:0.001203s ]
SQL: SHOW COLUMNS FROM `ge_teacher` [ RunTime:0.0042s ]
SQL: SELECT * FROM `ge_teacher` WHERE `pk_teacher` = 41 LIMIT 1   [ RunTime:0.0004s ]
SQL: SELECT * FROM `ge_teacher` WHERE `pk_teacher` = 41 LIMIT 1   [ RunTime:0.0003s ]
SQL: SHOW COLUMNS FROM `ge_sources` [ RunTime:0.0044s ]
SQL: SELECT COUNT(*) AS tp_count FROM `ge_sources` WHERE ( owner = '41' ) LIMIT 1   [ RunTime:0.0003s ]
SQL: SELECT `pk_sources`,`title`,`savename`,`course`,`owner`,`url`,`type`,`des`,`dr`,`ts` FROM `ge_sources` WHERE ( owner = '41' ) LIMIT 0,10   [ RunTime:0.0005s ]
INFO: [ view_parse ] --START--
INFO: [ template_filter ] --START--
INFO: Run Behavior\ContentReplaceBehavior [ RunTime:0.000082s ]
INFO: [ template_filter ] --END-- [ RunTime:0.000185s ]
INFO: Run Behavior\ParseTemplateBehavior [ RunTime:0.010703s ]
INFO: [ view_parse ] --END-- [ RunTime:0.010849s ]
INFO: [ view_filter ] --START--
INFO: Run Behavior\WriteHtmlCacheBehavior [ RunTime:0.000659s ]
INFO: [ view_filter ] --END-- [ RunTime:0.000809s ]
INFO: [ app_end ] --START--
INFO: Run Behavior\ShowPageTraceBehavior [ RunTime:0.000907s ]
INFO: [ app_end ] --END-- [ RunTime:0.001018s ]
NOTIC: [8] A session had already been started - ignoring session_start() F:\xampp\htdocs\tp_GeneralEducation\index.php 第 28 行.

[ 2018-05-24T01:21:27+08:00 ] ::1 /tp_GeneralEducation/index.php/Home/Index/loginout/
INFO: [ app_init ] --START--
INFO: Run Behavior\BuildLiteBehavior [ RunTime:0.000034s ]
INFO: [ app_init ] --END-- [ RunTime:0.000150s ]
INFO: [ app_begin ] --START--
INFO: Run Behavior\ReadHtmlCacheBehavior [ RunTime:0.002693s ]
INFO: [ app_begin ] --END-- [ RunTime:0.002862s ]
INFO: [ view_parse ] --START--
INFO: [ template_filter ] --START--
INFO: Run Behavior\ContentReplaceBehavior [ RunTime:0.000063s ]
INFO: [ template_filter ] --END-- [ RunTime:0.000189s ]
INFO: Run Behavior\ParseTemplateBehavior [ RunTime:0.086466s ]
INFO: [ view_parse ] --END-- [ RunTime:0.086599s ]
INFO: [ view_filter ] --START--
INFO: Run Behavior\WriteHtmlCacheBehavior [ RunTime:0.000802s ]
INFO: [ view_filter ] --END-- [ RunTime:0.000928s ]
INFO: [ app_end ] --START--
INFO: Run Behavior\ShowPageTraceBehavior [ RunTime:0.001334s ]
INFO: [ app_end ] --END-- [ RunTime:0.001528s ]
NOTIC: [8] A session had already been started - ignoring session_start() F:\xampp\htdocs\tp_GeneralEducation\index.php 第 28 行.

[ 2018-05-24T01:21:28+08:00 ] ::1 /tp_GeneralEducation/index.php/Home/Index/index.html
INFO: [ app_init ] --START--
INFO: Run Behavior\BuildLiteBehavior [ RunTime:0.000028s ]
INFO: [ app_init ] --END-- [ RunTime:0.000151s ]
INFO: [ app_begin ] --START--
INFO: Run Behavior\ReadHtmlCacheBehavior [ RunTime:0.000785s ]
INFO: [ app_begin ] --END-- [ RunTime:0.000905s ]
SQL: SHOW COLUMNS FROM `ge_sources` [ RunTime:0.0087s ]
SQL: SELECT * FROM `ge_sources` WHERE `type` = '平台概况' ORDER BY ts desc LIMIT 1   [ RunTime:0.0016s ]
SQL: SELECT * FROM `ge_sources` WHERE `type` = '公告' ORDER BY ts desc LIMIT 1   [ RunTime:0.0003s ]
SQL: SELECT `pk_sources`,`title`,`savename`,`course`,`owner`,`url`,`type`,`des`,`dr`,`ts` FROM `ge_sources` WHERE ( pk_sources>0 and type='公共资源' and owner='0' ) ORDER BY pk_sources LIMIT 0,2   [ RunTime:0.0004s ]
INFO: [ view_parse ] --START--
INFO: [ template_filter ] --START--
INFO: Run Behavior\ContentReplaceBehavior [ RunTime:0.000102s ]
INFO: [ template_filter ] --END-- [ RunTime:0.000245s ]
NOTIC: [8] A session had already been started - ignoring session_start() F:\xampp\htdocs\tp_GeneralEducation\Application\Runtime\Cache\Home\2a94b8bda04ff446dcedd42276fc99ee.php 第 1 行.
NOTIC: [2] include(conn.php): failed to open stream: No such file or directory F:\xampp\htdocs\tp_GeneralEducation\Application\Runtime\Cache\Home\2a94b8bda04ff446dcedd42276fc99ee.php 第 1 行.
NOTIC: [2] include(): Failed opening 'conn.php' for inclusion (include_path='F:\xampp\php\PEAR') F:\xampp\htdocs\tp_GeneralEducation\Application\Runtime\Cache\Home\2a94b8bda04ff446dcedd42276fc99ee.php 第 1 行.
INFO: Run Behavior\ParseTemplateBehavior [ RunTime:0.010777s ]
INFO: [ view_parse ] --END-- [ RunTime:0.010905s ]
INFO: [ view_filter ] --START--
INFO: Run Behavior\WriteHtmlCacheBehavior [ RunTime:0.000498s ]
INFO: [ view_filter ] --END-- [ RunTime:0.000584s ]
INFO: [ app_end ] --START--
INFO: Run Behavior\ShowPageTraceBehavior [ RunTime:0.001764s ]
INFO: [ app_end ] --END-- [ RunTime:0.001884s ]
NOTIC: [8] A session had already been started - ignoring session_start() F:\xampp\htdocs\tp_GeneralEducation\index.php 第 28 行.

[ 2018-05-24T01:21:29+08:00 ] ::1 /tp_GeneralEducation/index.php/Home/Index/login/
INFO: [ app_init ] --START--
INFO: Run Behavior\BuildLiteBehavior [ RunTime:0.000036s ]
INFO: [ app_init ] --END-- [ RunTime:0.000196s ]
INFO: [ app_begin ] --START--
INFO: Run Behavior\ReadHtmlCacheBehavior [ RunTime:0.000734s ]
INFO: [ app_begin ] --END-- [ RunTime:0.000833s ]
INFO: [ view_parse ] --START--
INFO: [ template_filter ] --START--
INFO: Run Behavior\ContentReplaceBehavior [ RunTime:0.000059s ]
INFO: [ template_filter ] --END-- [ RunTime:0.000182s ]
INFO: Run Behavior\ParseTemplateBehavior [ RunTime:0.012509s ]
INFO: [ view_parse ] --END-- [ RunTime:0.012638s ]
INFO: [ view_filter ] --START--
INFO: Run Behavior\WriteHtmlCacheBehavior [ RunTime:0.000721s ]
INFO: [ view_filter ] --END-- [ RunTime:0.000835s ]
INFO: [ app_end ] --START--
INFO: Run Behavior\ShowPageTraceBehavior [ RunTime:0.000970s ]
INFO: [ app_end ] --END-- [ RunTime:0.001103s ]
NOTIC: [8] A session had already been started - ignoring session_start() F:\xampp\htdocs\tp_GeneralEducation\index.php 第 28 行.

[ 2018-05-24T01:21:29+08:00 ] ::1 /tp_GeneralEducation/index.php/Home/Index/login/common/jquery.js
INFO: [ app_init ] --START--
INFO: Run Behavior\BuildLiteBehavior [ RunTime:0.000041s ]
INFO: [ app_init ] --END-- [ RunTime:0.000210s ]
INFO: [ app_begin ] --START--
INFO: Run Behavior\ReadHtmlCacheBehavior [ RunTime:0.000730s ]
INFO: [ app_begin ] --END-- [ RunTime:0.000830s ]
INFO: [ view_parse ] --START--
INFO: [ template_filter ] --START--
INFO: Run Behavior\ContentReplaceBehavior [ RunTime:0.000094s ]
INFO: [ template_filter ] --END-- [ RunTime:0.000302s ]
INFO: Run Behavior\ParseTemplateBehavior [ RunTime:0.011472s ]
INFO: [ view_parse ] --END-- [ RunTime:0.011642s ]
INFO: [ view_filter ] --START--
INFO: Run Behavior\WriteHtmlCacheBehavior [ RunTime:0.000856s ]
INFO: [ view_filter ] --END-- [ RunTime:0.001027s ]
INFO: [ app_end ] --START--
INFO: Run Behavior\ShowPageTraceBehavior [ RunTime:0.001108s ]
INFO: [ app_end ] --END-- [ RunTime:0.001260s ]
NOTIC: [8] A session had already been started - ignoring session_start() F:\xampp\htdocs\tp_GeneralEducation\index.php 第 28 行.

[ 2018-05-24T01:21:35+08:00 ] ::1 /tp_GeneralEducation/index.php/Home/Index/login_post/
INFO: [ app_init ] --START--
INFO: Run Behavior\BuildLiteBehavior [ RunTime:0.000028s ]
INFO: [ app_init ] --END-- [ RunTime:0.000153s ]
INFO: [ app_begin ] --START--
INFO: Run Behavior\ReadHtmlCacheBehavior [ RunTime:0.001760s ]
INFO: [ app_begin ] --END-- [ RunTime:0.001912s ]
SQL: SHOW COLUMNS FROM `ge_student` [ RunTime:0.0301s ]
SQL: SELECT * FROM `ge_student` WHERE ( number='1611112017' and password='16' )  [ RunTime:0.0005s ]
SQL: SHOW COLUMNS FROM `ge_teacher` [ RunTime:0.0401s ]
SQL: SELECT * FROM `ge_teacher` WHERE ( number='1611112017' and password='16' )  [ RunTime:0.0004s ]
SQL: SHOW COLUMNS FROM `ge_admin` [ RunTime:0.0437s ]
SQL: SELECT * FROM `ge_admin` WHERE ( name='1611112017' and password='16' )  [ RunTime:0.0003s ]
INFO: [ view_parse ] --START--
INFO: [ template_filter ] --START--
INFO: Run Behavior\ContentReplaceBehavior [ RunTime:0.000051s ]
INFO: [ template_filter ] --END-- [ RunTime:0.000144s ]
INFO: Run Behavior\ParseTemplateBehavior [ RunTime:0.007070s ]
INFO: [ view_parse ] --END-- [ RunTime:0.007207s ]
INFO: [ view_filter ] --START--
INFO: Run Behavior\WriteHtmlCacheBehavior [ RunTime:0.000886s ]
INFO: [ view_filter ] --END-- [ RunTime:0.001042s ]

[ 2018-05-24T01:21:59+08:00 ] ::1 /tp_GeneralEducation/index.php/Home/Index/login_post/
INFO: [ app_init ] --START--
INFO: Run Behavior\BuildLiteBehavior [ RunTime:0.000029s ]
INFO: [ app_init ] --END-- [ RunTime:0.000151s ]
INFO: [ app_begin ] --START--
INFO: Run Behavior\ReadHtmlCacheBehavior [ RunTime:0.000707s ]
INFO: [ app_begin ] --END-- [ RunTime:0.000803s ]
SQL: SHOW COLUMNS FROM `ge_student` [ RunTime:0.0159s ]
SQL: SELECT * FROM `ge_student` WHERE ( number='1611112017' and password='888888' )  [ RunTime:0.0005s ]
SQL: SHOW COLUMNS FROM `ge_teacher` [ RunTime:0.0437s ]
SQL: SELECT * FROM `ge_teacher` WHERE ( number='1611112017' and password='888888' )  [ RunTime:0.0003s ]
SQL: SHOW COLUMNS FROM `ge_admin` [ RunTime:0.0034s ]
SQL: SELECT * FROM `ge_admin` WHERE ( name='1611112017' and password='888888' )  [ RunTime:0.0003s ]

[ 2018-05-24T01:21:59+08:00 ] ::1 /tp_GeneralEducation/index.php/Home/Student/index.html
INFO: [ app_init ] --START--
INFO: Run Behavior\BuildLiteBehavior [ RunTime:0.000027s ]
INFO: [ app_init ] --END-- [ RunTime:0.000124s ]
INFO: [ app_begin ] --START--
INFO: Run Behavior\ReadHtmlCacheBehavior [ RunTime:0.000699s ]
INFO: [ app_begin ] --END-- [ RunTime:0.000791s ]
SQL: SHOW COLUMNS FROM `ge_student` [ RunTime:0.0038s ]
SQL: SELECT * FROM `ge_student` WHERE `pk_student` = 125 LIMIT 1   [ RunTime:0.0003s ]
INFO: [ view_parse ] --START--
INFO: [ template_filter ] --START--
INFO: Run Behavior\ContentReplaceBehavior [ RunTime:0.000077s ]
INFO: [ template_filter ] --END-- [ RunTime:0.000178s ]
INFO: Run Behavior\ParseTemplateBehavior [ RunTime:0.008570s ]
INFO: [ view_parse ] --END-- [ RunTime:0.008687s ]
INFO: [ view_filter ] --START--
INFO: Run Behavior\WriteHtmlCacheBehavior [ RunTime:0.000597s ]
INFO: [ view_filter ] --END-- [ RunTime:0.000691s ]
INFO: [ app_end ] --START--
INFO: Run Behavior\ShowPageTraceBehavior [ RunTime:0.000788s ]
INFO: [ app_end ] --END-- [ RunTime:0.000879s ]
NOTIC: [8] A session had already been started - ignoring session_start() F:\xampp\htdocs\tp_GeneralEducation\index.php 第 28 行.

[ 2018-05-24T01:22:01+08:00 ] ::1 /tp_GeneralEducation/index.php/Home/Student/student_download/
INFO: [ app_init ] --START--
INFO: Run Behavior\BuildLiteBehavior [ RunTime:0.000037s ]
INFO: [ app_init ] --END-- [ RunTime:0.000194s ]
INFO: [ app_begin ] --START--
INFO: Run Behavior\ReadHtmlCacheBehavior [ RunTime:0.000970s ]
INFO: [ app_begin ] --END-- [ RunTime:0.001105s ]
SQL: SHOW COLUMNS FROM `ge_student` [ RunTime:0.0042s ]
SQL: SELECT * FROM `ge_student` WHERE `pk_student` = 125 LIMIT 1   [ RunTime:0.0003s ]
SQL: SELECT * FROM `ge_student` WHERE `pk_student` = 125 LIMIT 1   [ RunTime:0.0003s ]
SQL: SHOW COLUMNS FROM `ge_sources` [ RunTime:0.0035s ]
SQL: SELECT COUNT(*) AS tp_count FROM ge_sources as a INNER JOIN ge_student as b INNER JOIN ge_teaching as c  WHERE ( b.class=c.class and c.pk_teacher=a.owner and b.pk_student = '125' and c.pk_course = a.course ) LIMIT 1   [ RunTime:0.0266s ]
SQL: SELECT a.url url,a.savename savename,a.title title FROM ge_sources as a INNER JOIN ge_student as b INNER JOIN ge_teaching as c  WHERE ( b.class=c.class and c.pk_teacher=a.owner and b.pk_student = '125' and c.pk_course = a.course ) LIMIT 0,10   [ RunTime:0.0004s ]
INFO: [ view_parse ] --START--
INFO: [ template_filter ] --START--
INFO: Run Behavior\ContentReplaceBehavior [ RunTime:0.000068s ]
INFO: [ template_filter ] --END-- [ RunTime:0.000161s ]
INFO: Run Behavior\ParseTemplateBehavior [ RunTime:0.007537s ]
INFO: [ view_parse ] --END-- [ RunTime:0.007666s ]
INFO: [ view_filter ] --START--
INFO: Run Behavior\WriteHtmlCacheBehavior [ RunTime:0.000736s ]
INFO: [ view_filter ] --END-- [ RunTime:0.000890s ]
INFO: [ app_end ] --START--
INFO: Run Behavior\ShowPageTraceBehavior [ RunTime:0.000887s ]
INFO: [ app_end ] --END-- [ RunTime:0.000998s ]
NOTIC: [8] A session had already been started - ignoring session_start() F:\xampp\htdocs\tp_GeneralEducation\index.php 第 28 行.

[ 2018-05-24T01:29:55+08:00 ] ::1 /tp_GeneralEducation/index.php/Home/Index/anno/
INFO: [ app_init ] --START--
INFO: Run Behavior\BuildLiteBehavior [ RunTime:0.000024s ]
INFO: [ app_init ] --END-- [ RunTime:0.000136s ]
INFO: [ app_begin ] --START--
INFO: Run Behavior\ReadHtmlCacheBehavior [ RunTime:0.001172s ]
INFO: [ app_begin ] --END-- [ RunTime:0.001293s ]
SQL: SHOW COLUMNS FROM `ge_sources` [ RunTime:0.0045s ]
SQL: SELECT COUNT(*) AS tp_count FROM `ge_sources` WHERE ( pk_sources>0 and type='公告' and owner='0' ) LIMIT 1   [ RunTime:0.0004s ]
SQL: SELECT `pk_sources`,`title`,`savename`,`course`,`owner`,`url`,`type`,`des`,`dr`,`ts` FROM `ge_sources` WHERE ( pk_sources>0 and type='公告' and owner='0' ) ORDER BY pk_sources LIMIT 0,10   [ RunTime:0.0004s ]
INFO: [ view_parse ] --START--
INFO: [ template_filter ] --START--
INFO: Run Behavior\ContentReplaceBehavior [ RunTime:0.000092s ]
INFO: [ template_filter ] --END-- [ RunTime:0.000221s ]
NOTIC: [8] A session had already been started - ignoring session_start() F:\xampp\htdocs\tp_GeneralEducation\Application\Runtime\Cache\Home\18ac7ea44c965b1c9df360f0e5757e16.php 第 1 行.
NOTIC: [2] include(conn.php): failed to open stream: No such file or directory F:\xampp\htdocs\tp_GeneralEducation\Application\Runtime\Cache\Home\18ac7ea44c965b1c9df360f0e5757e16.php 第 1 行.
NOTIC: [2] include(): Failed opening 'conn.php' for inclusion (include_path='F:\xampp\php\PEAR') F:\xampp\htdocs\tp_GeneralEducation\Application\Runtime\Cache\Home\18ac7ea44c965b1c9df360f0e5757e16.php 第 1 行.
INFO: Run Behavior\ParseTemplateBehavior [ RunTime:0.030856s ]
INFO: [ view_parse ] --END-- [ RunTime:0.030959s ]
INFO: [ view_filter ] --START--
INFO: Run Behavior\WriteHtmlCacheBehavior [ RunTime:0.000725s ]
INFO: [ view_filter ] --END-- [ RunTime:0.000813s ]
INFO: [ app_end ] --START--
INFO: Run Behavior\ShowPageTraceBehavior [ RunTime:0.001133s ]
INFO: [ app_end ] --END-- [ RunTime:0.001247s ]
NOTIC: [8] A session had already been started - ignoring session_start() F:\xampp\htdocs\tp_GeneralEducation\index.php 第 28 行.

[ 2018-05-24T01:30:27+08:00 ] ::1 /tp_GeneralEducation/index.php/Home/Index/anno_content/id/6.html
INFO: [ app_init ] --START--
INFO: Run Behavior\BuildLiteBehavior [ RunTime:0.000023s ]
INFO: [ app_init ] --END-- [ RunTime:0.000122s ]
INFO: [ app_begin ] --START--
INFO: Run Behavior\ReadHtmlCacheBehavior [ RunTime:0.001628s ]
INFO: [ app_begin ] --END-- [ RunTime:0.001760s ]
SQL: SHOW COLUMNS FROM `ge_sources` [ RunTime:0.0073s ]
SQL: SELECT COUNT(*) AS tp_count FROM `ge_sources` WHERE ( pk_sources>0 and type='公告' and owner='0' ) LIMIT 1   [ RunTime:0.0004s ]
SQL: SELECT `pk_sources`,`title`,`savename`,`course`,`owner`,`url`,`type`,`des`,`dr`,`ts` FROM `ge_sources` WHERE ( pk_sources>0 and type='公告' and owner='0' ) ORDER BY pk_sources LIMIT 0,10   [ RunTime:0.0004s ]
SQL: SELECT * FROM `ge_sources` WHERE ( pk_sources = '6' ) LIMIT 1   [ RunTime:0.0003s ]
INFO: [ view_parse ] --START--
INFO: [ template_filter ] --START--
INFO: Run Behavior\ContentReplaceBehavior [ RunTime:0.000074s ]
INFO: [ template_filter ] --END-- [ RunTime:0.000172s ]
NOTIC: [8] A session had already been started - ignoring session_start() F:\xampp\htdocs\tp_GeneralEducation\Application\Runtime\Cache\Home\be263d4522395b8b39a0a00a0dbfba3b.php 第 1 行.
NOTIC: [2] include(conn.php): failed to open stream: No such file or directory F:\xampp\htdocs\tp_GeneralEducation\Application\Runtime\Cache\Home\be263d4522395b8b39a0a00a0dbfba3b.php 第 1 行.
NOTIC: [2] include(): Failed opening 'conn.php' for inclusion (include_path='F:\xampp\php\PEAR') F:\xampp\htdocs\tp_GeneralEducation\Application\Runtime\Cache\Home\be263d4522395b8b39a0a00a0dbfba3b.php 第 1 行.
INFO: Run Behavior\ParseTemplateBehavior [ RunTime:0.082886s ]
INFO: [ view_parse ] --END-- [ RunTime:0.083009s ]
INFO: [ view_filter ] --START--
INFO: Run Behavior\WriteHtmlCacheBehavior [ RunTime:0.000626s ]
INFO: [ view_filter ] --END-- [ RunTime:0.000734s ]
INFO: [ app_end ] --START--
INFO: Run Behavior\ShowPageTraceBehavior [ RunTime:0.000919s ]
INFO: [ app_end ] --END-- [ RunTime:0.001034s ]
NOTIC: [8] A session had already been started - ignoring session_start() F:\xampp\htdocs\tp_GeneralEducation\index.php 第 28 行.

[ 2018-05-24T01:39:16+08:00 ] ::1 /tp_GeneralEducation/index.php/Home/Student/student_download/
INFO: [ app_init ] --START--
INFO: Run Behavior\BuildLiteBehavior [ RunTime:0.000024s ]
INFO: [ app_init ] --END-- [ RunTime:0.000145s ]
INFO: [ app_begin ] --START--
INFO: Run Behavior\ReadHtmlCacheBehavior [ RunTime:0.001015s ]
INFO: [ app_begin ] --END-- [ RunTime:0.001110s ]
SQL: SHOW COLUMNS FROM `ge_student` [ RunTime:0.0087s ]
SQL: SELECT * FROM `ge_student` WHERE `pk_student` = 125 LIMIT 1   [ RunTime:0.0004s ]
SQL: SELECT * FROM `ge_student` WHERE `pk_student` = 125 LIMIT 1   [ RunTime:0.0003s ]
SQL: SHOW COLUMNS FROM `ge_sources` [ RunTime:0.0041s ]
SQL: SELECT COUNT(*) AS tp_count FROM ge_sources as a INNER JOIN ge_student as b INNER JOIN ge_teaching as c  WHERE ( b.class=c.class and c.pk_teacher=a.owner and b.pk_student = '125' and c.pk_course = a.course ) LIMIT 1   [ RunTime:0.0004s ]
SQL: SELECT a.url url,a.savename savename,a.title title FROM ge_sources as a INNER JOIN ge_student as b INNER JOIN ge_teaching as c  WHERE ( b.class=c.class and c.pk_teacher=a.owner and b.pk_student = '125' and c.pk_course = a.course ) LIMIT 0,10   [ RunTime:0.0006s ]
INFO: [ view_parse ] --START--
INFO: [ template_filter ] --START--
INFO: Run Behavior\ContentReplaceBehavior [ RunTime:0.000074s ]
INFO: [ template_filter ] --END-- [ RunTime:0.000189s ]
INFO: Run Behavior\ParseTemplateBehavior [ RunTime:0.011729s ]
INFO: [ view_parse ] --END-- [ RunTime:0.011878s ]
INFO: [ view_filter ] --START--
INFO: Run Behavior\WriteHtmlCacheBehavior [ RunTime:0.001050s ]
INFO: [ view_filter ] --END-- [ RunTime:0.001193s ]
INFO: [ app_end ] --START--
INFO: Run Behavior\ShowPageTraceBehavior [ RunTime:0.001131s ]
INFO: [ app_end ] --END-- [ RunTime:0.001237s ]
NOTIC: [8] A session had already been started - ignoring session_start() F:\xampp\htdocs\tp_GeneralEducation\index.php 第 28 行.

[ 2018-05-24T01:39:42+08:00 ] ::1 /tp_GeneralEducation/index.php/Home/Student/student_download/
INFO: [ app_init ] --START--
INFO: Run Behavior\BuildLiteBehavior [ RunTime:0.000023s ]
INFO: [ app_init ] --END-- [ RunTime:0.000118s ]
INFO: [ app_begin ] --START--
INFO: Run Behavior\ReadHtmlCacheBehavior [ RunTime:0.000742s ]
INFO: [ app_begin ] --END-- [ RunTime:0.000844s ]
SQL: SHOW COLUMNS FROM `ge_student` [ RunTime:0.0077s ]
SQL: SELECT * FROM `ge_student` WHERE `pk_student` = 125 LIMIT 1   [ RunTime:0.0004s ]
SQL: SELECT * FROM `ge_student` WHERE `pk_student` = 125 LIMIT 1   [ RunTime:0.0003s ]
SQL: SHOW COLUMNS FROM `ge_sources` [ RunTime:0.0045s ]
SQL: SELECT COUNT(*) AS tp_count FROM ge_sources as a INNER JOIN ge_student as b INNER JOIN ge_teaching as c  WHERE ( b.class=c.class and c.pk_teacher=a.owner and b.pk_student = '125' and c.pk_course = a.course ) LIMIT 1   [ RunTime:0.0004s ]
SQL: SELECT a.url url,a.savename savename,a.title title FROM ge_sources as a INNER JOIN ge_student as b INNER JOIN ge_teaching as c  WHERE ( b.class=c.class and c.pk_teacher=a.owner and b.pk_student = '125' and c.pk_course = a.course ) LIMIT 0,10   [ RunTime:0.0004s ]
INFO: [ view_parse ] --START--
INFO: [ template_filter ] --START--
INFO: Run Behavior\ContentReplaceBehavior [ RunTime:0.000099s ]
INFO: [ template_filter ] --END-- [ RunTime:0.000243s ]
INFO: Run Behavior\ParseTemplateBehavior [ RunTime:0.009852s ]
INFO: [ view_parse ] --END-- [ RunTime:0.009948s ]
INFO: [ view_filter ] --START--
INFO: Run Behavior\WriteHtmlCacheBehavior [ RunTime:0.000533s ]
INFO: [ view_filter ] --END-- [ RunTime:0.000632s ]
INFO: [ app_end ] --START--
INFO: Run Behavior\ShowPageTraceBehavior [ RunTime:0.000722s ]
INFO: [ app_end ] --END-- [ RunTime:0.000808s ]
NOTIC: [8] A session had already been started - ignoring session_start() F:\xampp\htdocs\tp_GeneralEducation\index.php 第 28 行.

[ 2018-05-24T01:40:11+08:00 ] ::1 /tp_GeneralEducation/index.php/Home/Student/student_download/
INFO: [ app_init ] --START--
INFO: Run Behavior\BuildLiteBehavior [ RunTime:0.000033s ]
INFO: [ app_init ] --END-- [ RunTime:0.000190s ]
INFO: [ app_begin ] --START--
INFO: Run Behavior\ReadHtmlCacheBehavior [ RunTime:0.001045s ]
INFO: [ app_begin ] --END-- [ RunTime:0.001201s ]
SQL: SHOW COLUMNS FROM `ge_student` [ RunTime:0.0074s ]
SQL: SELECT * FROM `ge_student` WHERE `pk_student` = 125 LIMIT 1   [ RunTime:0.0004s ]
SQL: SELECT * FROM `ge_student` WHERE `pk_student` = 125 LIMIT 1   [ RunTime:0.0003s ]
SQL: SHOW COLUMNS FROM `ge_sources` [ RunTime:0.0047s ]
SQL: SELECT COUNT(*) AS tp_count FROM ge_sources as a INNER JOIN ge_student as b INNER JOIN ge_teaching as c  WHERE ( b.class=c.class and c.pk_teacher=a.owner and b.pk_student = '125' and c.pk_course = a.course ) LIMIT 1   [ RunTime:0.0005s ]
SQL: SELECT a.url url,a.savename savename,a.title title FROM ge_sources as a INNER JOIN ge_student as b INNER JOIN ge_teaching as c  WHERE ( b.class=c.class and c.pk_teacher=a.owner and b.pk_student = '125' and c.pk_course = a.course ) LIMIT 0,10   [ RunTime:0.0005s ]
INFO: [ view_parse ] --START--
INFO: [ template_filter ] --START--
INFO: Run Behavior\ContentReplaceBehavior [ RunTime:0.000072s ]
INFO: [ template_filter ] --END-- [ RunTime:0.000182s ]
INFO: Run Behavior\ParseTemplateBehavior [ RunTime:0.009199s ]
INFO: [ view_parse ] --END-- [ RunTime:0.009362s ]
INFO: [ view_filter ] --START--
INFO: Run Behavior\WriteHtmlCacheBehavior [ RunTime:0.000897s ]
INFO: [ view_filter ] --END-- [ RunTime:0.001035s ]
INFO: [ app_end ] --START--
INFO: Run Behavior\ShowPageTraceBehavior [ RunTime:0.000874s ]
INFO: [ app_end ] --END-- [ RunTime:0.000991s ]
NOTIC: [8] A session had already been started - ignoring session_start() F:\xampp\htdocs\tp_GeneralEducation\index.php 第 28 行.

[ 2018-05-24T01:44:42+08:00 ] ::1 /tp_GeneralEducation/index.php/Home/Student/student_download/
INFO: [ app_init ] --START--
INFO: Run Behavior\BuildLiteBehavior [ RunTime:0.000047s ]
INFO: [ app_init ] --END-- [ RunTime:0.000229s ]
INFO: [ app_begin ] --START--
INFO: Run Behavior\ReadHtmlCacheBehavior [ RunTime:0.001053s ]
INFO: [ app_begin ] --END-- [ RunTime:0.001177s ]
SQL: SHOW COLUMNS FROM `ge_student` [ RunTime:0.0076s ]
SQL: SELECT * FROM `ge_student` WHERE `pk_student` = 125 LIMIT 1   [ RunTime:0.0004s ]
SQL: SELECT * FROM `ge_student` WHERE `pk_student` = 125 LIMIT 1   [ RunTime:0.0003s ]
SQL: SHOW COLUMNS FROM `ge_sources` [ RunTime:0.0041s ]
SQL: SELECT COUNT(*) AS tp_count FROM ge_sources as a INNER JOIN ge_student as b INNER JOIN ge_teaching as c  WHERE ( b.class=c.class and c.pk_teacher=a.owner and b.pk_student = '125' and c.pk_course = a.course ) LIMIT 1   [ RunTime:0.0006s ]
SQL: SELECT a.url url,a.savename savename,a.title title FROM ge_sources as a INNER JOIN ge_student as b INNER JOIN ge_teaching as c  WHERE ( b.class=c.class and c.pk_teacher=a.owner and b.pk_student = '125' and c.pk_course = a.course ) LIMIT 0,10   [ RunTime:0.0005s ]
INFO: [ view_parse ] --START--
INFO: [ template_filter ] --START--
INFO: Run Behavior\ContentReplaceBehavior [ RunTime:0.000073s ]
INFO: [ template_filter ] --END-- [ RunTime:0.000176s ]
INFO: Run Behavior\ParseTemplateBehavior [ RunTime:0.010477s ]
INFO: [ view_parse ] --END-- [ RunTime:0.010599s ]
INFO: [ view_filter ] --START--
INFO: Run Behavior\WriteHtmlCacheBehavior [ RunTime:0.000926s ]
INFO: [ view_filter ] --END-- [ RunTime:0.001056s ]
INFO: [ app_end ] --START--
INFO: Run Behavior\ShowPageTraceBehavior [ RunTime:0.001221s ]
INFO: [ app_end ] --END-- [ RunTime:0.001335s ]
NOTIC: [8] A session had already been started - ignoring session_start() F:\xampp\htdocs\tp_GeneralEducation\index.php 第 28 行.

